<?xml version="1.0" encoding="UTF-8"?>
<robot generator="Robot 7.1 (Python 3.12.5 on win32)" generated="2024-10-11T17:09:40.471494" rpa="false" schemaversion="5">
<suite id="s1" name="test UserManagement" source="C:\Users\admin\Documents\Automation\ANDROID\android_eProc1000s\testSuite\Tim OP\test_UserManagement.robot">
<test id="s1-t1" name="Test User Update User Management with invalid format email" line="80">
<kw name="Open app Dev Project" owner="openApp" type="SETUP">
<kw name="Open Application" owner="AppiumLibrary">
<arg>http://127.0.0.1:4723</arg>
<arg>platformName=${platformName}</arg>
<arg>deviceName=${udid}</arg>
<arg>appPackage=${appPackage}</arg>
<arg>appActivity=${appActivity}</arg>
<arg>automationName=UiAutomator2</arg>
<doc>Opens a new application to given Appium server.
Capabilities of appium server, Android and iOS,
Please check https://appium.io/docs/en/2.1/cli/args/
| *Option*            | *Man.* | *Description*     |
| remote_url          | Yes    | Appium server url |
| alias               | no     | alias             |
| strict_ssl          | No     | allows you to send commands to an invalid certificate host like a self-signed one. |</doc>
<status status="PASS" start="2024-10-11T17:09:41.022142" elapsed="7.555769"/>
</kw>
<status status="PASS" start="2024-10-11T17:09:41.022142" elapsed="7.556768"/>
</kw>
<kw name="user ubah User Management with format email invalid" owner="userManagement">
<kw name="Given User Go To Detail User Management" owner="userManagement">
<kw name="Given user go to User Management page" owner="userManagementPage">
<kw name="User Login" owner="loginPage">
<kw name="Given user input no handphone" owner="loginPage">
<kw name="Wait Until Element Is Visible" owner="AppiumLibrary">
<msg time="2024-10-11T17:09:50.552207" level="INFO">xpath criteria: //android.widget.TextView[@text="Login"]</msg>
<arg>${titleLogin}</arg>
<doc>Waits until element specified with `locator` is visible.</doc>
<status status="PASS" start="2024-10-11T17:09:48.581904" elapsed="1.970303"/>
</kw>
<kw name="Input Text" owner="AppiumLibrary">
<msg time="2024-10-11T17:09:50.552207" level="INFO">Typing text '088210068283' into text field 'xpath=//android.widget.EditText[1]'</msg>
<msg time="2024-10-11T17:09:50.688570" level="INFO">xpath criteria: //android.widget.EditText[1]</msg>
<arg>${inputNoHandphone}</arg>
<arg>${noHandphone}</arg>
<doc>Types the given `text` into text field identified by `locator`.</doc>
<status status="PASS" start="2024-10-11T17:09:50.552207" elapsed="0.136363"/>
</kw>
<arg>${akunOP}</arg>
<status status="PASS" start="2024-10-11T17:09:48.580904" elapsed="2.107666"/>
</kw>
<kw name="When user input password" owner="loginPage">
<kw name="Input Password" owner="AppiumLibrary">
<msg time="2024-10-11T17:09:50.692556" level="INFO">Typing password into text field 'xpath=//android.widget.EditText[2]'</msg>
<msg time="2024-10-11T17:09:51.043472" level="INFO">xpath criteria: //android.widget.EditText[2]</msg>
<arg>${inputPassword}</arg>
<arg>${password}</arg>
<doc>Types the given password into text field identified by `locator`.</doc>
<status status="PASS" start="2024-10-11T17:09:50.689566" elapsed="0.354905"/>
</kw>
<arg>${passwordProject}</arg>
<status status="PASS" start="2024-10-11T17:09:50.689566" elapsed="0.354905"/>
</kw>
<kw name="Then click button masuk" owner="loginPage">
<kw name="Click Element" owner="AppiumLibrary">
<msg time="2024-10-11T17:09:51.051036" level="INFO">Clicking element 'xpath=//android.view.View/android.view.View[2]'.</msg>
<msg time="2024-10-11T17:09:51.402066" level="INFO">xpath criteria: //android.view.View/android.view.View[2]</msg>
<arg>${buttonMasuk}</arg>
<doc>Click element identified by `locator`.</doc>
<status status="PASS" start="2024-10-11T17:09:51.045467" elapsed="0.356599"/>
</kw>
<status status="PASS" start="2024-10-11T17:09:51.044471" elapsed="0.357595"/>
</kw>
<kw name="And home Project" owner="loginPage">
<kw name="Wait Until Element Is Visible" owner="AppiumLibrary">
<arg>accessibility_id=Icon Projects</arg>
<arg>timeout=10s</arg>
<doc>Waits until element specified with `locator` is visible.</doc>
<status status="PASS" start="2024-10-11T17:09:51.402066" elapsed="3.491838"/>
</kw>
<kw name="Element Should Be Visible" owner="AppiumLibrary">
<arg>accessibility_id=Icon Projects</arg>
<doc>Verifies that element identified with locator is visible.</doc>
<status status="PASS" start="2024-10-11T17:09:54.893904" elapsed="0.128573"/>
</kw>
<kw name="Element Should Be Visible" owner="AppiumLibrary">
<arg>accessibility_id=Notification</arg>
<doc>Verifies that element identified with locator is visible.</doc>
<status status="PASS" start="2024-10-11T17:09:55.022477" elapsed="0.119304"/>
</kw>
<kw name="Element Should Be Visible" owner="AppiumLibrary">
<arg>accessibility_id=Icon Search</arg>
<doc>Verifies that element identified with locator is visible.</doc>
<status status="PASS" start="2024-10-11T17:09:55.141781" elapsed="0.120754"/>
</kw>
<status status="PASS" start="2024-10-11T17:09:51.402066" elapsed="3.861466"/>
</kw>
<status status="PASS" start="2024-10-11T17:09:48.580904" elapsed="6.682628"/>
</kw>
<kw name="Loc Parent View" owner="generalFunction">
<kw name="Set Variable" owner="BuiltIn">
<msg time="2024-10-11T17:09:55.264533" level="INFO">${loc} = xpath=//android.widget.TextView[@text="User Management"]/parent::android.view.View</msg>
<var>${loc}</var>
<arg>xpath=//android.widget.TextView[@text="${text}"]/parent::android.view.View</arg>
<doc>Returns the given values which can then be assigned to a variables.</doc>
<status status="PASS" start="2024-10-11T17:09:55.264533" elapsed="0.000000"/>
</kw>
<return>
<value>${loc}</value>
<status status="PASS" start="2024-10-11T17:09:55.264533" elapsed="0.000000"/>
</return>
<msg time="2024-10-11T17:09:55.265529" level="INFO">${loc} = xpath=//android.widget.TextView[@text="User Management"]/parent::android.view.View</msg>
<var>${loc}</var>
<arg>User Management</arg>
<status status="PASS" start="2024-10-11T17:09:55.263532" elapsed="0.001997"/>
</kw>
<kw name="Wait Until Element Is Visible" owner="AppiumLibrary">
<msg time="2024-10-11T17:09:55.465431" level="INFO">xpath criteria: //android.widget.TextView[@text="User Management"]/parent::android.view.View</msg>
<arg>${loc}</arg>
<doc>Waits until element specified with `locator` is visible.</doc>
<status status="PASS" start="2024-10-11T17:09:55.265529" elapsed="0.199902"/>
</kw>
<kw name="Element Should Be Visible" owner="AppiumLibrary">
<msg time="2024-10-11T17:09:55.672503" level="INFO">xpath criteria: //android.widget.TextView[@text="User Management"]/parent::android.view.View</msg>
<arg>${loc}</arg>
<doc>Verifies that element identified with locator is visible.</doc>
<status status="PASS" start="2024-10-11T17:09:55.466425" elapsed="0.206078"/>
</kw>
<kw name="Click Element" owner="AppiumLibrary">
<msg time="2024-10-11T17:09:55.679551" level="INFO">Clicking element 'xpath=//android.widget.TextView[@text="User Management"]/parent::android.view.View'.</msg>
<msg time="2024-10-11T17:09:55.921099" level="INFO">xpath criteria: //android.widget.TextView[@text="User Management"]/parent::android.view.View</msg>
<arg>${loc}</arg>
<doc>Click element identified by `locator`.</doc>
<status status="PASS" start="2024-10-11T17:09:55.672503" elapsed="0.249592"/>
</kw>
<status status="PASS" start="2024-10-11T17:09:48.580904" elapsed="7.341191"/>
</kw>
<kw name="When Go to detail User Management" owner="userManagementPage">
<kw name="Get Detail Text User Management" owner="userManagementPage">
<kw name="Evaluate" owner="BuiltIn">
<msg time="2024-10-11T17:09:55.924990" level="INFO">${random} = 2</msg>
<var>${random}</var>
<arg>random.randint(1, 3)</arg>
<arg>modules=random</arg>
<doc>Evaluates the given expression in Python and returns the result.</doc>
<status status="PASS" start="2024-10-11T17:09:55.924990" elapsed="0.000000"/>
</kw>
<kw name="Set Global Variable" owner="BuiltIn">
<msg time="2024-10-11T17:09:55.924990" level="INFO">${indexUser} = 2</msg>
<arg>${indexUser}</arg>
<arg>${random}</arg>
<doc>Makes a variable available globally in all tests and suites.</doc>
<status status="PASS" start="2024-10-11T17:09:55.924990" elapsed="0.000000"/>
</kw>
<kw name="Log" owner="BuiltIn">
<msg time="2024-10-11T17:09:55.924990" level="INFO">Random : 2</msg>
<arg>Random : ${random}</arg>
<doc>Logs the given message with the given level.</doc>
<status status="PASS" start="2024-10-11T17:09:55.924990" elapsed="0.000000"/>
</kw>
<kw name="Get Length" owner="BuiltIn">
<msg time="2024-10-11T17:09:55.924990" level="INFO">Length is 103.</msg>
<msg time="2024-10-11T17:09:55.924990" level="INFO">${len} = 103</msg>
<var>${len}</var>
<arg>xpath=(//android.view.View[@content-desc="Image"])[${random}]/parent::android.view.View/android.widget.TextView</arg>
<doc>Returns and logs the length of the given item as an integer.</doc>
<status status="PASS" start="2024-10-11T17:09:55.924990" elapsed="0.000000"/>
</kw>
<for flavor="IN RANGE">
<iter>
<if>
<branch type="IF" condition="'${counter}' == '1'">
<kw name="get text detail on list user management" owner="userManagementPage">
<kw name="Run Keyword And Return Status" owner="BuiltIn">
<kw name="Wait Until Element Is Visible" owner="AppiumLibrary">
<msg time="2024-10-11T17:09:56.893174" level="INFO">xpath criteria: (//android.view.View[@content-desc="Image"])[2]/parent::android.view.View
xpath criteria: (//android.view.View[@content-desc="Image"])[2]/parent::android.view.View</msg>
<arg>xpath=(//android.view.View[@content-desc="Image"])[${random}]/parent::android.view.View</arg>
<doc>Waits until element specified with `locator` is visible.</doc>
<status status="PASS" start="2024-10-11T17:09:55.924990" elapsed="0.968184"/>
</kw>
<msg time="2024-10-11T17:09:56.894174" level="INFO">${res} = True</msg>
<var>${res}</var>
<arg>Wait Until Element Is Visible</arg>
<arg>xpath=(//android.view.View[@content-desc="Image"])[${random}]/parent::android.view.View</arg>
<doc>Runs the given keyword with given arguments and returns the status as a Boolean value.</doc>
<status status="PASS" start="2024-10-11T17:09:55.924990" elapsed="0.969184"/>
</kw>
<if>
<branch type="IF" condition="${res}">
<kw name="Get Text" owner="AppiumLibrary">
<msg time="2024-10-11T17:09:57.087489" level="INFO">Element 'xpath=(//android.view.View[@content-desc="Image"])[2]/parent::android.view.View/android.widget.TextView[1]' text is 'CaZz' </msg>
<msg time="2024-10-11T17:09:57.087489" level="INFO">xpath criteria: (//android.view.View[@content-desc="Image"])[2]/parent::android.view.View/android.widget.TextView[1]</msg>
<msg time="2024-10-11T17:09:57.087489" level="INFO">${name} = CaZz</msg>
<var>${name}</var>
<arg>xpath=(//android.view.View[@content-desc="Image"])[${random}]/parent::android.view.View/android.widget.TextView[${counter}]</arg>
<doc>Get element text (for hybrid and mobile browser use `xpath` locator, others might cause problem)</doc>
<status status="PASS" start="2024-10-11T17:09:56.894174" elapsed="0.193315"/>
</kw>
<kw name="Set Global Variable" owner="BuiltIn">
<msg time="2024-10-11T17:09:57.088486" level="INFO">${name} = CaZz</msg>
<arg>${name}</arg>
<arg>${name}</arg>
<doc>Makes a variable available globally in all tests and suites.</doc>
<status status="PASS" start="2024-10-11T17:09:57.088486" elapsed="0.000000"/>
</kw>
<status status="PASS" start="2024-10-11T17:09:56.894174" elapsed="0.194312"/>
</branch>
<branch type="ELSE">
<kw name="Log" owner="BuiltIn">
<arg>false</arg>
<doc>Logs the given message with the given level.</doc>
<status status="NOT RUN" start="2024-10-11T17:09:57.088486" elapsed="0.000995"/>
</kw>
<status status="NOT RUN" start="2024-10-11T17:09:57.088486" elapsed="0.000995"/>
</branch>
<status status="PASS" start="2024-10-11T17:09:56.894174" elapsed="0.195307"/>
</if>
<arg>${counter}</arg>
<arg>${random}</arg>
<status status="PASS" start="2024-10-11T17:09:55.924990" elapsed="1.164491"/>
</kw>
<kw name="Set Global Variable" owner="BuiltIn">
<msg time="2024-10-11T17:09:57.092473" level="INFO">${nameUserManagement} = CaZz</msg>
<arg>${nameUserManagement}</arg>
<arg>${name}</arg>
<doc>Makes a variable available globally in all tests and suites.</doc>
<status status="PASS" start="2024-10-11T17:09:57.089481" elapsed="0.002992"/>
</kw>
<kw name="Log To Console" owner="BuiltIn">
<arg>Nama User: ${nameUserManagement}</arg>
<doc>Logs the given message to the console.</doc>
<status status="PASS" start="2024-10-11T17:09:57.092473" elapsed="0.000997"/>
</kw>
<status status="PASS" start="2024-10-11T17:09:55.924990" elapsed="1.168480"/>
</branch>
<branch type="ELSE IF" condition="'${counter}' == '2'">
<kw name="get text detail on list user management" owner="userManagementPage">
<arg>${counter}</arg>
<arg>${random}</arg>
<status status="NOT RUN" start="2024-10-11T17:09:57.094469" elapsed="0.000000"/>
</kw>
<kw name="Set Global Variable" owner="BuiltIn">
<arg>${jabatan}</arg>
<arg>${name}</arg>
<doc>Makes a variable available globally in all tests and suites.</doc>
<status status="NOT RUN" start="2024-10-11T17:09:57.094787" elapsed="0.000000"/>
</kw>
<kw name="Log To Console" owner="BuiltIn">
<arg>Jabatan: ${jabatan}</arg>
<doc>Logs the given message to the console.</doc>
<status status="NOT RUN" start="2024-10-11T17:09:57.095220" elapsed="0.000000"/>
</kw>
<status status="NOT RUN" start="2024-10-11T17:09:57.093470" elapsed="0.001750"/>
</branch>
<branch type="ELSE IF" condition="'${counter}' == '3'">
<kw name="get text detail on list user management" owner="userManagementPage">
<arg>${counter}</arg>
<arg>${random}</arg>
<status status="NOT RUN" start="2024-10-11T17:09:57.095220" elapsed="0.000000"/>
</kw>
<status status="NOT RUN" start="2024-10-11T17:09:57.095220" elapsed="0.000000"/>
</branch>
<branch type="ELSE IF" condition="'${counter}' == '4'">
<kw name="get text detail on list user management" owner="userManagementPage">
<arg>${counter}</arg>
<arg>${random}</arg>
<status status="NOT RUN" start="2024-10-11T17:09:57.096219" elapsed="0.000000"/>
</kw>
<kw name="Set Global Variable" owner="BuiltIn">
<arg>${noTelp}</arg>
<arg>${name}</arg>
<doc>Makes a variable available globally in all tests and suites.</doc>
<status status="NOT RUN" start="2024-10-11T17:09:57.096219" elapsed="0.000000"/>
</kw>
<kw name="Log To Console" owner="BuiltIn">
<arg>No Telp: ${noTelp}</arg>
<doc>Logs the given message to the console.</doc>
<status status="NOT RUN" start="2024-10-11T17:09:57.097215" elapsed="0.000000"/>
</kw>
<kw name="Replace String" owner="String">
<var>${replaceNumb}</var>
<arg>${noTelp}</arg>
<arg>-</arg>
<arg>${EMPTY}</arg>
<doc>Replaces ``search_for`` in the given ``string`` with ``replace_with``.</doc>
<status status="NOT RUN" start="2024-10-11T17:09:57.097215" elapsed="0.000000"/>
</kw>
<kw name="Set Global Variable" owner="BuiltIn">
<arg>${replaceNumb}</arg>
<arg>${replaceNumb}</arg>
<doc>Makes a variable available globally in all tests and suites.</doc>
<status status="NOT RUN" start="2024-10-11T17:09:57.097215" elapsed="0.000000"/>
</kw>
<status status="NOT RUN" start="2024-10-11T17:09:57.095220" elapsed="0.001995"/>
</branch>
<branch type="ELSE IF" condition="'${counter}' == '5'">
<kw name="get text detail on list user management" owner="userManagementPage">
<arg>${counter}</arg>
<arg>${random}</arg>
<status status="NOT RUN" start="2024-10-11T17:09:57.098211" elapsed="0.000000"/>
</kw>
<status status="NOT RUN" start="2024-10-11T17:09:57.097215" elapsed="0.000996"/>
</branch>
<branch type="ELSE IF" condition="'${counter}' == '6'">
<kw name="get text detail on list user management" owner="userManagementPage">
<arg>${counter}</arg>
<arg>${random}</arg>
<status status="NOT RUN" start="2024-10-11T17:09:57.098211" elapsed="0.000000"/>
</kw>
<kw name="Set Global Variable" owner="BuiltIn">
<arg>${email}</arg>
<arg>${name}</arg>
<doc>Makes a variable available globally in all tests and suites.</doc>
<status status="NOT RUN" start="2024-10-11T17:09:57.098211" elapsed="0.000000"/>
</kw>
<kw name="Log To Console" owner="BuiltIn">
<arg>Email: ${email}</arg>
<doc>Logs the given message to the console.</doc>
<status status="NOT RUN" start="2024-10-11T17:09:57.099210" elapsed="0.000000"/>
</kw>
<status status="NOT RUN" start="2024-10-11T17:09:57.098211" elapsed="0.000999"/>
</branch>
<branch type="ELSE IF" condition="'${counter}' == '7'">
<kw name="get text detail on list user management" owner="userManagementPage">
<arg>${counter}</arg>
<arg>${random}</arg>
<status status="NOT RUN" start="2024-10-11T17:09:57.100207" elapsed="0.000000"/>
</kw>
<status status="NOT RUN" start="2024-10-11T17:09:57.099210" elapsed="0.000997"/>
</branch>
<branch type="ELSE IF" condition="'${counter}' == '8'">
<kw name="get text detail on list user management" owner="userManagementPage">
<arg>${counter}</arg>
<arg>${random}</arg>
<status status="NOT RUN" start="2024-10-11T17:09:57.100207" elapsed="0.000997"/>
</kw>
<kw name="Set Global Variable" owner="BuiltIn">
<arg>${projActive}</arg>
<arg>${name}</arg>
<doc>Makes a variable available globally in all tests and suites.</doc>
<status status="NOT RUN" start="2024-10-11T17:09:57.101204" elapsed="0.000000"/>
</kw>
<kw name="Log To Console" owner="BuiltIn">
<arg>Project Aktif: ${projActive}</arg>
<doc>Logs the given message to the console.</doc>
<status status="NOT RUN" start="2024-10-11T17:09:57.101204" elapsed="0.000000"/>
</kw>
<status status="NOT RUN" start="2024-10-11T17:09:57.100207" elapsed="0.001995"/>
</branch>
<branch type="ELSE">
<break>
<status status="NOT RUN" start="2024-10-11T17:09:57.102202" elapsed="0.000000"/>
</break>
<status status="NOT RUN" start="2024-10-11T17:09:57.102202" elapsed="0.000000"/>
</branch>
<status status="PASS" start="2024-10-11T17:09:55.924990" elapsed="1.177212"/>
</if>
<var name="${counter}">1</var>
<status status="PASS" start="2024-10-11T17:09:55.924990" elapsed="1.177212"/>
</iter>
<iter>
<if>
<branch type="IF" condition="'${counter}' == '1'">
<kw name="get text detail on list user management" owner="userManagementPage">
<arg>${counter}</arg>
<arg>${random}</arg>
<status status="NOT RUN" start="2024-10-11T17:09:57.104196" elapsed="0.000997"/>
</kw>
<kw name="Set Global Variable" owner="BuiltIn">
<arg>${nameUserManagement}</arg>
<arg>${name}</arg>
<doc>Makes a variable available globally in all tests and suites.</doc>
<status status="NOT RUN" start="2024-10-11T17:09:57.105193" elapsed="0.000000"/>
</kw>
<kw name="Log To Console" owner="BuiltIn">
<arg>Nama User: ${nameUserManagement}</arg>
<doc>Logs the given message to the console.</doc>
<status status="NOT RUN" start="2024-10-11T17:09:57.105193" elapsed="0.000000"/>
</kw>
<status status="NOT RUN" start="2024-10-11T17:09:57.103199" elapsed="0.001994"/>
</branch>
<branch type="ELSE IF" condition="'${counter}' == '2'">
<kw name="get text detail on list user management" owner="userManagementPage">
<kw name="Run Keyword And Return Status" owner="BuiltIn">
<kw name="Wait Until Element Is Visible" owner="AppiumLibrary">
<msg time="2024-10-11T17:09:57.246923" level="INFO">xpath criteria: (//android.view.View[@content-desc="Image"])[2]/parent::android.view.View</msg>
<arg>xpath=(//android.view.View[@content-desc="Image"])[${random}]/parent::android.view.View</arg>
<doc>Waits until element specified with `locator` is visible.</doc>
<status status="PASS" start="2024-10-11T17:09:57.108186" elapsed="0.138737"/>
</kw>
<msg time="2024-10-11T17:09:57.246923" level="INFO">${res} = True</msg>
<var>${res}</var>
<arg>Wait Until Element Is Visible</arg>
<arg>xpath=(//android.view.View[@content-desc="Image"])[${random}]/parent::android.view.View</arg>
<doc>Runs the given keyword with given arguments and returns the status as a Boolean value.</doc>
<status status="PASS" start="2024-10-11T17:09:57.107189" elapsed="0.139734"/>
</kw>
<if>
<branch type="IF" condition="${res}">
<kw name="Get Text" owner="AppiumLibrary">
<msg time="2024-10-11T17:09:57.380247" level="INFO">Element 'xpath=(//android.view.View[@content-desc="Image"])[2]/parent::android.view.View/android.widget.TextView[2]' text is 'a' </msg>
<msg time="2024-10-11T17:09:57.380247" level="INFO">xpath criteria: (//android.view.View[@content-desc="Image"])[2]/parent::android.view.View/android.widget.TextView[2]</msg>
<msg time="2024-10-11T17:09:57.380247" level="INFO">${name} = a</msg>
<var>${name}</var>
<arg>xpath=(//android.view.View[@content-desc="Image"])[${random}]/parent::android.view.View/android.widget.TextView[${counter}]</arg>
<doc>Get element text (for hybrid and mobile browser use `xpath` locator, others might cause problem)</doc>
<status status="PASS" start="2024-10-11T17:09:57.246923" elapsed="0.133324"/>
</kw>
<kw name="Set Global Variable" owner="BuiltIn">
<msg time="2024-10-11T17:09:57.381242" level="INFO">${name} = a</msg>
<arg>${name}</arg>
<arg>${name}</arg>
<doc>Makes a variable available globally in all tests and suites.</doc>
<status status="PASS" start="2024-10-11T17:09:57.381242" elapsed="0.000000"/>
</kw>
<status status="PASS" start="2024-10-11T17:09:57.246923" elapsed="0.134319"/>
</branch>
<branch type="ELSE">
<kw name="Log" owner="BuiltIn">
<arg>false</arg>
<doc>Logs the given message with the given level.</doc>
<status status="NOT RUN" start="2024-10-11T17:09:57.381242" elapsed="0.000000"/>
</kw>
<status status="NOT RUN" start="2024-10-11T17:09:57.381242" elapsed="0.000998"/>
</branch>
<status status="PASS" start="2024-10-11T17:09:57.246923" elapsed="0.135317"/>
</if>
<arg>${counter}</arg>
<arg>${random}</arg>
<status status="PASS" start="2024-10-11T17:09:57.106191" elapsed="0.276049"/>
</kw>
<kw name="Set Global Variable" owner="BuiltIn">
<msg time="2024-10-11T17:09:57.386576" level="INFO">${jabatan} = a</msg>
<arg>${jabatan}</arg>
<arg>${name}</arg>
<doc>Makes a variable available globally in all tests and suites.</doc>
<status status="PASS" start="2024-10-11T17:09:57.382240" elapsed="0.004336"/>
</kw>
<kw name="Log To Console" owner="BuiltIn">
<arg>Jabatan: ${jabatan}</arg>
<doc>Logs the given message to the console.</doc>
<status status="PASS" start="2024-10-11T17:09:57.386576" elapsed="0.000996"/>
</kw>
<status status="PASS" start="2024-10-11T17:09:57.105193" elapsed="0.282379"/>
</branch>
<branch type="ELSE IF" condition="'${counter}' == '3'">
<kw name="get text detail on list user management" owner="userManagementPage">
<arg>${counter}</arg>
<arg>${random}</arg>
<status status="NOT RUN" start="2024-10-11T17:09:57.388571" elapsed="0.000000"/>
</kw>
<status status="NOT RUN" start="2024-10-11T17:09:57.387572" elapsed="0.000999"/>
</branch>
<branch type="ELSE IF" condition="'${counter}' == '4'">
<kw name="get text detail on list user management" owner="userManagementPage">
<arg>${counter}</arg>
<arg>${random}</arg>
<status status="NOT RUN" start="2024-10-11T17:09:57.388571" elapsed="0.000000"/>
</kw>
<kw name="Set Global Variable" owner="BuiltIn">
<arg>${noTelp}</arg>
<arg>${name}</arg>
<doc>Makes a variable available globally in all tests and suites.</doc>
<status status="NOT RUN" start="2024-10-11T17:09:57.389567" elapsed="0.000000"/>
</kw>
<kw name="Log To Console" owner="BuiltIn">
<arg>No Telp: ${noTelp}</arg>
<doc>Logs the given message to the console.</doc>
<status status="NOT RUN" start="2024-10-11T17:09:57.389567" elapsed="0.000000"/>
</kw>
<kw name="Replace String" owner="String">
<var>${replaceNumb}</var>
<arg>${noTelp}</arg>
<arg>-</arg>
<arg>${EMPTY}</arg>
<doc>Replaces ``search_for`` in the given ``string`` with ``replace_with``.</doc>
<status status="NOT RUN" start="2024-10-11T17:09:57.389567" elapsed="0.000000"/>
</kw>
<kw name="Set Global Variable" owner="BuiltIn">
<arg>${replaceNumb}</arg>
<arg>${replaceNumb}</arg>
<doc>Makes a variable available globally in all tests and suites.</doc>
<status status="NOT RUN" start="2024-10-11T17:09:57.390564" elapsed="0.000000"/>
</kw>
<status status="NOT RUN" start="2024-10-11T17:09:57.388571" elapsed="0.001993"/>
</branch>
<branch type="ELSE IF" condition="'${counter}' == '5'">
<kw name="get text detail on list user management" owner="userManagementPage">
<arg>${counter}</arg>
<arg>${random}</arg>
<status status="NOT RUN" start="2024-10-11T17:09:57.390564" elapsed="0.000000"/>
</kw>
<status status="NOT RUN" start="2024-10-11T17:09:57.390564" elapsed="0.000998"/>
</branch>
<branch type="ELSE IF" condition="'${counter}' == '6'">
<kw name="get text detail on list user management" owner="userManagementPage">
<arg>${counter}</arg>
<arg>${random}</arg>
<status status="NOT RUN" start="2024-10-11T17:09:57.391562" elapsed="0.000000"/>
</kw>
<kw name="Set Global Variable" owner="BuiltIn">
<arg>${email}</arg>
<arg>${name}</arg>
<doc>Makes a variable available globally in all tests and suites.</doc>
<status status="NOT RUN" start="2024-10-11T17:09:57.392560" elapsed="0.000000"/>
</kw>
<kw name="Log To Console" owner="BuiltIn">
<arg>Email: ${email}</arg>
<doc>Logs the given message to the console.</doc>
<status status="NOT RUN" start="2024-10-11T17:09:57.392560" elapsed="0.000000"/>
</kw>
<status status="NOT RUN" start="2024-10-11T17:09:57.391562" elapsed="0.000998"/>
</branch>
<branch type="ELSE IF" condition="'${counter}' == '7'">
<kw name="get text detail on list user management" owner="userManagementPage">
<arg>${counter}</arg>
<arg>${random}</arg>
<status status="NOT RUN" start="2024-10-11T17:09:57.393556" elapsed="0.000000"/>
</kw>
<status status="NOT RUN" start="2024-10-11T17:09:57.392560" elapsed="0.000996"/>
</branch>
<branch type="ELSE IF" condition="'${counter}' == '8'">
<kw name="get text detail on list user management" owner="userManagementPage">
<arg>${counter}</arg>
<arg>${random}</arg>
<status status="NOT RUN" start="2024-10-11T17:09:57.393556" elapsed="0.000000"/>
</kw>
<kw name="Set Global Variable" owner="BuiltIn">
<arg>${projActive}</arg>
<arg>${name}</arg>
<doc>Makes a variable available globally in all tests and suites.</doc>
<status status="NOT RUN" start="2024-10-11T17:09:57.394554" elapsed="0.000000"/>
</kw>
<kw name="Log To Console" owner="BuiltIn">
<arg>Project Aktif: ${projActive}</arg>
<doc>Logs the given message to the console.</doc>
<status status="NOT RUN" start="2024-10-11T17:09:57.394554" elapsed="0.000000"/>
</kw>
<status status="NOT RUN" start="2024-10-11T17:09:57.393556" elapsed="0.000998"/>
</branch>
<branch type="ELSE">
<break>
<status status="NOT RUN" start="2024-10-11T17:09:57.394554" elapsed="0.000000"/>
</break>
<status status="NOT RUN" start="2024-10-11T17:09:57.394554" elapsed="0.000000"/>
</branch>
<status status="PASS" start="2024-10-11T17:09:57.103199" elapsed="0.291355"/>
</if>
<var name="${counter}">2</var>
<status status="PASS" start="2024-10-11T17:09:57.103199" elapsed="0.292352"/>
</iter>
<iter>
<if>
<branch type="IF" condition="'${counter}' == '1'">
<kw name="get text detail on list user management" owner="userManagementPage">
<arg>${counter}</arg>
<arg>${random}</arg>
<status status="NOT RUN" start="2024-10-11T17:09:57.396548" elapsed="0.000000"/>
</kw>
<kw name="Set Global Variable" owner="BuiltIn">
<arg>${nameUserManagement}</arg>
<arg>${name}</arg>
<doc>Makes a variable available globally in all tests and suites.</doc>
<status status="NOT RUN" start="2024-10-11T17:09:57.396548" elapsed="0.000998"/>
</kw>
<kw name="Log To Console" owner="BuiltIn">
<arg>Nama User: ${nameUserManagement}</arg>
<doc>Logs the given message to the console.</doc>
<status status="NOT RUN" start="2024-10-11T17:09:57.397546" elapsed="0.000000"/>
</kw>
<status status="NOT RUN" start="2024-10-11T17:09:57.395551" elapsed="0.001995"/>
</branch>
<branch type="ELSE IF" condition="'${counter}' == '2'">
<kw name="get text detail on list user management" owner="userManagementPage">
<arg>${counter}</arg>
<arg>${random}</arg>
<status status="NOT RUN" start="2024-10-11T17:09:57.398543" elapsed="0.000000"/>
</kw>
<kw name="Set Global Variable" owner="BuiltIn">
<arg>${jabatan}</arg>
<arg>${name}</arg>
<doc>Makes a variable available globally in all tests and suites.</doc>
<status status="NOT RUN" start="2024-10-11T17:09:57.398543" elapsed="0.000000"/>
</kw>
<kw name="Log To Console" owner="BuiltIn">
<arg>Jabatan: ${jabatan}</arg>
<doc>Logs the given message to the console.</doc>
<status status="NOT RUN" start="2024-10-11T17:09:57.398543" elapsed="0.000000"/>
</kw>
<status status="NOT RUN" start="2024-10-11T17:09:57.397546" elapsed="0.000997"/>
</branch>
<branch type="ELSE IF" condition="'${counter}' == '3'">
<kw name="get text detail on list user management" owner="userManagementPage">
<kw name="Run Keyword And Return Status" owner="BuiltIn">
<kw name="Wait Until Element Is Visible" owner="AppiumLibrary">
<msg time="2024-10-11T17:09:57.525614" level="INFO">xpath criteria: (//android.view.View[@content-desc="Image"])[2]/parent::android.view.View</msg>
<arg>xpath=(//android.view.View[@content-desc="Image"])[${random}]/parent::android.view.View</arg>
<doc>Waits until element specified with `locator` is visible.</doc>
<status status="PASS" start="2024-10-11T17:09:57.399541" elapsed="0.126073"/>
</kw>
<msg time="2024-10-11T17:09:57.525614" level="INFO">${res} = True</msg>
<var>${res}</var>
<arg>Wait Until Element Is Visible</arg>
<arg>xpath=(//android.view.View[@content-desc="Image"])[${random}]/parent::android.view.View</arg>
<doc>Runs the given keyword with given arguments and returns the status as a Boolean value.</doc>
<status status="PASS" start="2024-10-11T17:09:57.399541" elapsed="0.126073"/>
</kw>
<if>
<branch type="IF" condition="${res}">
<kw name="Get Text" owner="AppiumLibrary">
<msg time="2024-10-11T17:09:57.661140" level="INFO">Element 'xpath=(//android.view.View[@content-desc="Image"])[2]/parent::android.view.View/android.widget.TextView[3]' text is 'Nomor handphone' </msg>
<msg time="2024-10-11T17:09:57.661140" level="INFO">xpath criteria: (//android.view.View[@content-desc="Image"])[2]/parent::android.view.View/android.widget.TextView[3]</msg>
<msg time="2024-10-11T17:09:57.661140" level="INFO">${name} = Nomor handphone</msg>
<var>${name}</var>
<arg>xpath=(//android.view.View[@content-desc="Image"])[${random}]/parent::android.view.View/android.widget.TextView[${counter}]</arg>
<doc>Get element text (for hybrid and mobile browser use `xpath` locator, others might cause problem)</doc>
<status status="PASS" start="2024-10-11T17:09:57.526612" elapsed="0.134528"/>
</kw>
<kw name="Set Global Variable" owner="BuiltIn">
<msg time="2024-10-11T17:09:57.662138" level="INFO">${name} = Nomor handphone</msg>
<arg>${name}</arg>
<arg>${name}</arg>
<doc>Makes a variable available globally in all tests and suites.</doc>
<status status="PASS" start="2024-10-11T17:09:57.661140" elapsed="0.000998"/>
</kw>
<status status="PASS" start="2024-10-11T17:09:57.526612" elapsed="0.135526"/>
</branch>
<branch type="ELSE">
<kw name="Log" owner="BuiltIn">
<arg>false</arg>
<doc>Logs the given message with the given level.</doc>
<status status="NOT RUN" start="2024-10-11T17:09:57.662138" elapsed="0.000000"/>
</kw>
<status status="NOT RUN" start="2024-10-11T17:09:57.662138" elapsed="0.000000"/>
</branch>
<status status="PASS" start="2024-10-11T17:09:57.526612" elapsed="0.135526"/>
</if>
<arg>${counter}</arg>
<arg>${random}</arg>
<status status="PASS" start="2024-10-11T17:09:57.398543" elapsed="0.263595"/>
</kw>
<status status="PASS" start="2024-10-11T17:09:57.398543" elapsed="0.263595"/>
</branch>
<branch type="ELSE IF" condition="'${counter}' == '4'">
<kw name="get text detail on list user management" owner="userManagementPage">
<arg>${counter}</arg>
<arg>${random}</arg>
<status status="NOT RUN" start="2024-10-11T17:09:57.663135" elapsed="0.000000"/>
</kw>
<kw name="Set Global Variable" owner="BuiltIn">
<arg>${noTelp}</arg>
<arg>${name}</arg>
<doc>Makes a variable available globally in all tests and suites.</doc>
<status status="NOT RUN" start="2024-10-11T17:09:57.663135" elapsed="0.000000"/>
</kw>
<kw name="Log To Console" owner="BuiltIn">
<arg>No Telp: ${noTelp}</arg>
<doc>Logs the given message to the console.</doc>
<status status="NOT RUN" start="2024-10-11T17:09:57.663135" elapsed="0.000000"/>
</kw>
<kw name="Replace String" owner="String">
<var>${replaceNumb}</var>
<arg>${noTelp}</arg>
<arg>-</arg>
<arg>${EMPTY}</arg>
<doc>Replaces ``search_for`` in the given ``string`` with ``replace_with``.</doc>
<status status="NOT RUN" start="2024-10-11T17:09:57.663135" elapsed="0.000000"/>
</kw>
<kw name="Set Global Variable" owner="BuiltIn">
<arg>${replaceNumb}</arg>
<arg>${replaceNumb}</arg>
<doc>Makes a variable available globally in all tests and suites.</doc>
<status status="NOT RUN" start="2024-10-11T17:09:57.663135" elapsed="0.000000"/>
</kw>
<status status="NOT RUN" start="2024-10-11T17:09:57.662138" elapsed="0.001994"/>
</branch>
<branch type="ELSE IF" condition="'${counter}' == '5'">
<kw name="get text detail on list user management" owner="userManagementPage">
<arg>${counter}</arg>
<arg>${random}</arg>
<status status="NOT RUN" start="2024-10-11T17:09:57.664132" elapsed="0.000000"/>
</kw>
<status status="NOT RUN" start="2024-10-11T17:09:57.664132" elapsed="0.000000"/>
</branch>
<branch type="ELSE IF" condition="'${counter}' == '6'">
<kw name="get text detail on list user management" owner="userManagementPage">
<arg>${counter}</arg>
<arg>${random}</arg>
<status status="NOT RUN" start="2024-10-11T17:09:57.664132" elapsed="0.000998"/>
</kw>
<kw name="Set Global Variable" owner="BuiltIn">
<arg>${email}</arg>
<arg>${name}</arg>
<doc>Makes a variable available globally in all tests and suites.</doc>
<status status="NOT RUN" start="2024-10-11T17:09:57.665130" elapsed="0.000000"/>
</kw>
<kw name="Log To Console" owner="BuiltIn">
<arg>Email: ${email}</arg>
<doc>Logs the given message to the console.</doc>
<status status="NOT RUN" start="2024-10-11T17:09:57.665130" elapsed="0.000000"/>
</kw>
<status status="NOT RUN" start="2024-10-11T17:09:57.664132" elapsed="0.000998"/>
</branch>
<branch type="ELSE IF" condition="'${counter}' == '7'">
<kw name="get text detail on list user management" owner="userManagementPage">
<arg>${counter}</arg>
<arg>${random}</arg>
<status status="NOT RUN" start="2024-10-11T17:09:57.665130" elapsed="0.000000"/>
</kw>
<status status="NOT RUN" start="2024-10-11T17:09:57.665130" elapsed="0.000000"/>
</branch>
<branch type="ELSE IF" condition="'${counter}' == '8'">
<kw name="get text detail on list user management" owner="userManagementPage">
<arg>${counter}</arg>
<arg>${random}</arg>
<status status="NOT RUN" start="2024-10-11T17:09:57.666127" elapsed="0.000000"/>
</kw>
<kw name="Set Global Variable" owner="BuiltIn">
<arg>${projActive}</arg>
<arg>${name}</arg>
<doc>Makes a variable available globally in all tests and suites.</doc>
<status status="NOT RUN" start="2024-10-11T17:09:57.666127" elapsed="0.000000"/>
</kw>
<kw name="Log To Console" owner="BuiltIn">
<arg>Project Aktif: ${projActive}</arg>
<doc>Logs the given message to the console.</doc>
<status status="NOT RUN" start="2024-10-11T17:09:57.666127" elapsed="0.000000"/>
</kw>
<status status="NOT RUN" start="2024-10-11T17:09:57.665130" elapsed="0.000997"/>
</branch>
<branch type="ELSE">
<break>
<status status="NOT RUN" start="2024-10-11T17:09:57.666127" elapsed="0.000000"/>
</break>
<status status="NOT RUN" start="2024-10-11T17:09:57.666127" elapsed="0.000000"/>
</branch>
<status status="PASS" start="2024-10-11T17:09:57.395551" elapsed="0.270576"/>
</if>
<var name="${counter}">3</var>
<status status="PASS" start="2024-10-11T17:09:57.395551" elapsed="0.270576"/>
</iter>
<iter>
<if>
<branch type="IF" condition="'${counter}' == '1'">
<kw name="get text detail on list user management" owner="userManagementPage">
<arg>${counter}</arg>
<arg>${random}</arg>
<status status="NOT RUN" start="2024-10-11T17:09:57.667751" elapsed="0.000298"/>
</kw>
<kw name="Set Global Variable" owner="BuiltIn">
<arg>${nameUserManagement}</arg>
<arg>${name}</arg>
<doc>Makes a variable available globally in all tests and suites.</doc>
<status status="NOT RUN" start="2024-10-11T17:09:57.668104" elapsed="0.000000"/>
</kw>
<kw name="Log To Console" owner="BuiltIn">
<arg>Nama User: ${nameUserManagement}</arg>
<doc>Logs the given message to the console.</doc>
<status status="NOT RUN" start="2024-10-11T17:09:57.668623" elapsed="0.000000"/>
</kw>
<status status="NOT RUN" start="2024-10-11T17:09:57.667124" elapsed="0.001499"/>
</branch>
<branch type="ELSE IF" condition="'${counter}' == '2'">
<kw name="get text detail on list user management" owner="userManagementPage">
<arg>${counter}</arg>
<arg>${random}</arg>
<status status="NOT RUN" start="2024-10-11T17:09:57.668623" elapsed="0.000000"/>
</kw>
<kw name="Set Global Variable" owner="BuiltIn">
<arg>${jabatan}</arg>
<arg>${name}</arg>
<doc>Makes a variable available globally in all tests and suites.</doc>
<status status="NOT RUN" start="2024-10-11T17:09:57.668623" elapsed="0.000000"/>
</kw>
<kw name="Log To Console" owner="BuiltIn">
<arg>Jabatan: ${jabatan}</arg>
<doc>Logs the given message to the console.</doc>
<status status="NOT RUN" start="2024-10-11T17:09:57.669625" elapsed="0.000000"/>
</kw>
<status status="NOT RUN" start="2024-10-11T17:09:57.668623" elapsed="0.001002"/>
</branch>
<branch type="ELSE IF" condition="'${counter}' == '3'">
<kw name="get text detail on list user management" owner="userManagementPage">
<arg>${counter}</arg>
<arg>${random}</arg>
<status status="NOT RUN" start="2024-10-11T17:09:57.669625" elapsed="0.000000"/>
</kw>
<status status="NOT RUN" start="2024-10-11T17:09:57.669625" elapsed="0.000000"/>
</branch>
<branch type="ELSE IF" condition="'${counter}' == '4'">
<kw name="get text detail on list user management" owner="userManagementPage">
<kw name="Run Keyword And Return Status" owner="BuiltIn">
<kw name="Wait Until Element Is Visible" owner="AppiumLibrary">
<msg time="2024-10-11T17:09:57.793699" level="INFO">xpath criteria: (//android.view.View[@content-desc="Image"])[2]/parent::android.view.View</msg>
<arg>xpath=(//android.view.View[@content-desc="Image"])[${random}]/parent::android.view.View</arg>
<doc>Waits until element specified with `locator` is visible.</doc>
<status status="PASS" start="2024-10-11T17:09:57.670621" elapsed="0.123078"/>
</kw>
<msg time="2024-10-11T17:09:57.793699" level="INFO">${res} = True</msg>
<var>${res}</var>
<arg>Wait Until Element Is Visible</arg>
<arg>xpath=(//android.view.View[@content-desc="Image"])[${random}]/parent::android.view.View</arg>
<doc>Runs the given keyword with given arguments and returns the status as a Boolean value.</doc>
<status status="PASS" start="2024-10-11T17:09:57.670621" elapsed="0.123078"/>
</kw>
<if>
<branch type="IF" condition="${res}">
<kw name="Get Text" owner="AppiumLibrary">
<msg time="2024-10-11T17:09:57.923219" level="INFO">Element 'xpath=(//android.view.View[@content-desc="Image"])[2]/parent::android.view.View/android.widget.TextView[4]' text is '0800-0000-001' </msg>
<msg time="2024-10-11T17:09:57.923405" level="INFO">xpath criteria: (//android.view.View[@content-desc="Image"])[2]/parent::android.view.View/android.widget.TextView[4]</msg>
<msg time="2024-10-11T17:09:57.923405" level="INFO">${name} = 0800-0000-001</msg>
<var>${name}</var>
<arg>xpath=(//android.view.View[@content-desc="Image"])[${random}]/parent::android.view.View/android.widget.TextView[${counter}]</arg>
<doc>Get element text (for hybrid and mobile browser use `xpath` locator, others might cause problem)</doc>
<status status="PASS" start="2024-10-11T17:09:57.793699" elapsed="0.129706"/>
</kw>
<kw name="Set Global Variable" owner="BuiltIn">
<msg time="2024-10-11T17:09:57.923999" level="INFO">${name} = 0800-0000-001</msg>
<arg>${name}</arg>
<arg>${name}</arg>
<doc>Makes a variable available globally in all tests and suites.</doc>
<status status="PASS" start="2024-10-11T17:09:57.923405" elapsed="0.000594"/>
</kw>
<status status="PASS" start="2024-10-11T17:09:57.793699" elapsed="0.130300"/>
</branch>
<branch type="ELSE">
<kw name="Log" owner="BuiltIn">
<arg>false</arg>
<doc>Logs the given message with the given level.</doc>
<status status="NOT RUN" start="2024-10-11T17:09:57.923999" elapsed="0.000000"/>
</kw>
<status status="NOT RUN" start="2024-10-11T17:09:57.923999" elapsed="0.001526"/>
</branch>
<status status="PASS" start="2024-10-11T17:09:57.793699" elapsed="0.131826"/>
</if>
<arg>${counter}</arg>
<arg>${random}</arg>
<status status="PASS" start="2024-10-11T17:09:57.670621" elapsed="0.255901"/>
</kw>
<kw name="Set Global Variable" owner="BuiltIn">
<msg time="2024-10-11T17:09:57.927512" level="INFO">${noTelp} = 0800-0000-001</msg>
<arg>${noTelp}</arg>
<arg>${name}</arg>
<doc>Makes a variable available globally in all tests and suites.</doc>
<status status="PASS" start="2024-10-11T17:09:57.926522" elapsed="0.000990"/>
</kw>
<kw name="Log To Console" owner="BuiltIn">
<arg>No Telp: ${noTelp}</arg>
<doc>Logs the given message to the console.</doc>
<status status="PASS" start="2024-10-11T17:09:57.928510" elapsed="0.000486"/>
</kw>
<kw name="Replace String" owner="String">
<msg time="2024-10-11T17:09:57.930035" level="INFO">${replaceNumb} = 08000000001</msg>
<var>${replaceNumb}</var>
<arg>${noTelp}</arg>
<arg>-</arg>
<arg>${EMPTY}</arg>
<doc>Replaces ``search_for`` in the given ``string`` with ``replace_with``.</doc>
<status status="PASS" start="2024-10-11T17:09:57.928996" elapsed="0.001039"/>
</kw>
<kw name="Set Global Variable" owner="BuiltIn">
<msg time="2024-10-11T17:09:57.930035" level="INFO">${replaceNumb} = 08000000001</msg>
<arg>${replaceNumb}</arg>
<arg>${replaceNumb}</arg>
<doc>Makes a variable available globally in all tests and suites.</doc>
<status status="PASS" start="2024-10-11T17:09:57.930035" elapsed="0.000000"/>
</kw>
<status status="PASS" start="2024-10-11T17:09:57.669625" elapsed="0.260410"/>
</branch>
<branch type="ELSE IF" condition="'${counter}' == '5'">
<kw name="get text detail on list user management" owner="userManagementPage">
<arg>${counter}</arg>
<arg>${random}</arg>
<status status="NOT RUN" start="2024-10-11T17:09:57.931066" elapsed="0.000000"/>
</kw>
<status status="NOT RUN" start="2024-10-11T17:09:57.931066" elapsed="0.000000"/>
</branch>
<branch type="ELSE IF" condition="'${counter}' == '6'">
<kw name="get text detail on list user management" owner="userManagementPage">
<arg>${counter}</arg>
<arg>${random}</arg>
<status status="NOT RUN" start="2024-10-11T17:09:57.931066" elapsed="0.000000"/>
</kw>
<kw name="Set Global Variable" owner="BuiltIn">
<arg>${email}</arg>
<arg>${name}</arg>
<doc>Makes a variable available globally in all tests and suites.</doc>
<status status="NOT RUN" start="2024-10-11T17:09:57.931066" elapsed="0.000000"/>
</kw>
<kw name="Log To Console" owner="BuiltIn">
<arg>Email: ${email}</arg>
<doc>Logs the given message to the console.</doc>
<status status="NOT RUN" start="2024-10-11T17:09:57.931066" elapsed="0.000000"/>
</kw>
<status status="NOT RUN" start="2024-10-11T17:09:57.931066" elapsed="0.000000"/>
</branch>
<branch type="ELSE IF" condition="'${counter}' == '7'">
<kw name="get text detail on list user management" owner="userManagementPage">
<arg>${counter}</arg>
<arg>${random}</arg>
<status status="NOT RUN" start="2024-10-11T17:09:57.931066" elapsed="0.000000"/>
</kw>
<status status="NOT RUN" start="2024-10-11T17:09:57.931066" elapsed="0.000000"/>
</branch>
<branch type="ELSE IF" condition="'${counter}' == '8'">
<kw name="get text detail on list user management" owner="userManagementPage">
<arg>${counter}</arg>
<arg>${random}</arg>
<status status="NOT RUN" start="2024-10-11T17:09:57.931066" elapsed="0.000000"/>
</kw>
<kw name="Set Global Variable" owner="BuiltIn">
<arg>${projActive}</arg>
<arg>${name}</arg>
<doc>Makes a variable available globally in all tests and suites.</doc>
<status status="NOT RUN" start="2024-10-11T17:09:57.931066" elapsed="0.000000"/>
</kw>
<kw name="Log To Console" owner="BuiltIn">
<arg>Project Aktif: ${projActive}</arg>
<doc>Logs the given message to the console.</doc>
<status status="NOT RUN" start="2024-10-11T17:09:57.931066" elapsed="0.000000"/>
</kw>
<status status="NOT RUN" start="2024-10-11T17:09:57.931066" elapsed="0.000000"/>
</branch>
<branch type="ELSE">
<break>
<status status="NOT RUN" start="2024-10-11T17:09:57.931066" elapsed="0.000000"/>
</break>
<status status="NOT RUN" start="2024-10-11T17:09:57.931066" elapsed="0.000000"/>
</branch>
<status status="PASS" start="2024-10-11T17:09:57.667124" elapsed="0.263942"/>
</if>
<var name="${counter}">4</var>
<status status="PASS" start="2024-10-11T17:09:57.667124" elapsed="0.263942"/>
</iter>
<iter>
<if>
<branch type="IF" condition="'${counter}' == '1'">
<kw name="get text detail on list user management" owner="userManagementPage">
<arg>${counter}</arg>
<arg>${random}</arg>
<status status="NOT RUN" start="2024-10-11T17:09:57.935083" elapsed="0.000000"/>
</kw>
<kw name="Set Global Variable" owner="BuiltIn">
<arg>${nameUserManagement}</arg>
<arg>${name}</arg>
<doc>Makes a variable available globally in all tests and suites.</doc>
<status status="NOT RUN" start="2024-10-11T17:09:57.935083" elapsed="0.000000"/>
</kw>
<kw name="Log To Console" owner="BuiltIn">
<arg>Nama User: ${nameUserManagement}</arg>
<doc>Logs the given message to the console.</doc>
<status status="NOT RUN" start="2024-10-11T17:09:57.936091" elapsed="0.000000"/>
</kw>
<status status="NOT RUN" start="2024-10-11T17:09:57.931066" elapsed="0.005025"/>
</branch>
<branch type="ELSE IF" condition="'${counter}' == '2'">
<kw name="get text detail on list user management" owner="userManagementPage">
<arg>${counter}</arg>
<arg>${random}</arg>
<status status="NOT RUN" start="2024-10-11T17:09:57.936091" elapsed="0.000000"/>
</kw>
<kw name="Set Global Variable" owner="BuiltIn">
<arg>${jabatan}</arg>
<arg>${name}</arg>
<doc>Makes a variable available globally in all tests and suites.</doc>
<status status="NOT RUN" start="2024-10-11T17:09:57.937499" elapsed="0.000000"/>
</kw>
<kw name="Log To Console" owner="BuiltIn">
<arg>Jabatan: ${jabatan}</arg>
<doc>Logs the given message to the console.</doc>
<status status="NOT RUN" start="2024-10-11T17:09:57.937499" elapsed="0.000000"/>
</kw>
<status status="NOT RUN" start="2024-10-11T17:09:57.936091" elapsed="0.001408"/>
</branch>
<branch type="ELSE IF" condition="'${counter}' == '3'">
<kw name="get text detail on list user management" owner="userManagementPage">
<arg>${counter}</arg>
<arg>${random}</arg>
<status status="NOT RUN" start="2024-10-11T17:09:57.938498" elapsed="0.000000"/>
</kw>
<status status="NOT RUN" start="2024-10-11T17:09:57.937499" elapsed="0.000999"/>
</branch>
<branch type="ELSE IF" condition="'${counter}' == '4'">
<kw name="get text detail on list user management" owner="userManagementPage">
<arg>${counter}</arg>
<arg>${random}</arg>
<status status="NOT RUN" start="2024-10-11T17:09:57.938498" elapsed="0.000000"/>
</kw>
<kw name="Set Global Variable" owner="BuiltIn">
<arg>${noTelp}</arg>
<arg>${name}</arg>
<doc>Makes a variable available globally in all tests and suites.</doc>
<status status="NOT RUN" start="2024-10-11T17:09:57.938498" elapsed="0.000000"/>
</kw>
<kw name="Log To Console" owner="BuiltIn">
<arg>No Telp: ${noTelp}</arg>
<doc>Logs the given message to the console.</doc>
<status status="NOT RUN" start="2024-10-11T17:09:57.938498" elapsed="0.000000"/>
</kw>
<kw name="Replace String" owner="String">
<var>${replaceNumb}</var>
<arg>${noTelp}</arg>
<arg>-</arg>
<arg>${EMPTY}</arg>
<doc>Replaces ``search_for`` in the given ``string`` with ``replace_with``.</doc>
<status status="NOT RUN" start="2024-10-11T17:09:57.939495" elapsed="0.000000"/>
</kw>
<kw name="Set Global Variable" owner="BuiltIn">
<arg>${replaceNumb}</arg>
<arg>${replaceNumb}</arg>
<doc>Makes a variable available globally in all tests and suites.</doc>
<status status="NOT RUN" start="2024-10-11T17:09:57.939495" elapsed="0.000000"/>
</kw>
<status status="NOT RUN" start="2024-10-11T17:09:57.938498" elapsed="0.000997"/>
</branch>
<branch type="ELSE IF" condition="'${counter}' == '5'">
<kw name="get text detail on list user management" owner="userManagementPage">
<kw name="Run Keyword And Return Status" owner="BuiltIn">
<kw name="Wait Until Element Is Visible" owner="AppiumLibrary">
<msg time="2024-10-11T17:09:58.091862" level="INFO">xpath criteria: (//android.view.View[@content-desc="Image"])[2]/parent::android.view.View</msg>
<arg>xpath=(//android.view.View[@content-desc="Image"])[${random}]/parent::android.view.View</arg>
<doc>Waits until element specified with `locator` is visible.</doc>
<status status="PASS" start="2024-10-11T17:09:57.940492" elapsed="0.151370"/>
</kw>
<msg time="2024-10-11T17:09:58.091862" level="INFO">${res} = True</msg>
<var>${res}</var>
<arg>Wait Until Element Is Visible</arg>
<arg>xpath=(//android.view.View[@content-desc="Image"])[${random}]/parent::android.view.View</arg>
<doc>Runs the given keyword with given arguments and returns the status as a Boolean value.</doc>
<status status="PASS" start="2024-10-11T17:09:57.940492" elapsed="0.151370"/>
</kw>
<if>
<branch type="IF" condition="${res}">
<kw name="Get Text" owner="AppiumLibrary">
<msg time="2024-10-11T17:09:58.218213" level="INFO">Element 'xpath=(//android.view.View[@content-desc="Image"])[2]/parent::android.view.View/android.widget.TextView[5]' text is 'Email' </msg>
<msg time="2024-10-11T17:09:58.218213" level="INFO">xpath criteria: (//android.view.View[@content-desc="Image"])[2]/parent::android.view.View/android.widget.TextView[5]</msg>
<msg time="2024-10-11T17:09:58.218213" level="INFO">${name} = Email</msg>
<var>${name}</var>
<arg>xpath=(//android.view.View[@content-desc="Image"])[${random}]/parent::android.view.View/android.widget.TextView[${counter}]</arg>
<doc>Get element text (for hybrid and mobile browser use `xpath` locator, others might cause problem)</doc>
<status status="PASS" start="2024-10-11T17:09:58.092860" elapsed="0.125353"/>
</kw>
<kw name="Set Global Variable" owner="BuiltIn">
<msg time="2024-10-11T17:09:58.218213" level="INFO">${name} = Email</msg>
<arg>${name}</arg>
<arg>${name}</arg>
<doc>Makes a variable available globally in all tests and suites.</doc>
<status status="PASS" start="2024-10-11T17:09:58.218213" elapsed="0.000000"/>
</kw>
<status status="PASS" start="2024-10-11T17:09:58.092860" elapsed="0.125353"/>
</branch>
<branch type="ELSE">
<kw name="Log" owner="BuiltIn">
<arg>false</arg>
<doc>Logs the given message with the given level.</doc>
<status status="NOT RUN" start="2024-10-11T17:09:58.218213" elapsed="0.000000"/>
</kw>
<status status="NOT RUN" start="2024-10-11T17:09:58.218213" elapsed="0.000000"/>
</branch>
<status status="PASS" start="2024-10-11T17:09:58.092860" elapsed="0.125353"/>
</if>
<arg>${counter}</arg>
<arg>${random}</arg>
<status status="PASS" start="2024-10-11T17:09:57.939495" elapsed="0.278718"/>
</kw>
<status status="PASS" start="2024-10-11T17:09:57.939495" elapsed="0.278718"/>
</branch>
<branch type="ELSE IF" condition="'${counter}' == '6'">
<kw name="get text detail on list user management" owner="userManagementPage">
<arg>${counter}</arg>
<arg>${random}</arg>
<status status="NOT RUN" start="2024-10-11T17:09:58.218213" elapsed="0.000000"/>
</kw>
<kw name="Set Global Variable" owner="BuiltIn">
<arg>${email}</arg>
<arg>${name}</arg>
<doc>Makes a variable available globally in all tests and suites.</doc>
<status status="NOT RUN" start="2024-10-11T17:09:58.218213" elapsed="0.000000"/>
</kw>
<kw name="Log To Console" owner="BuiltIn">
<arg>Email: ${email}</arg>
<doc>Logs the given message to the console.</doc>
<status status="NOT RUN" start="2024-10-11T17:09:58.218213" elapsed="0.000000"/>
</kw>
<status status="NOT RUN" start="2024-10-11T17:09:58.218213" elapsed="0.000000"/>
</branch>
<branch type="ELSE IF" condition="'${counter}' == '7'">
<kw name="get text detail on list user management" owner="userManagementPage">
<arg>${counter}</arg>
<arg>${random}</arg>
<status status="NOT RUN" start="2024-10-11T17:09:58.218213" elapsed="0.000000"/>
</kw>
<status status="NOT RUN" start="2024-10-11T17:09:58.218213" elapsed="0.000000"/>
</branch>
<branch type="ELSE IF" condition="'${counter}' == '8'">
<kw name="get text detail on list user management" owner="userManagementPage">
<arg>${counter}</arg>
<arg>${random}</arg>
<status status="NOT RUN" start="2024-10-11T17:09:58.218213" elapsed="0.000000"/>
</kw>
<kw name="Set Global Variable" owner="BuiltIn">
<arg>${projActive}</arg>
<arg>${name}</arg>
<doc>Makes a variable available globally in all tests and suites.</doc>
<status status="NOT RUN" start="2024-10-11T17:09:58.218213" elapsed="0.000000"/>
</kw>
<kw name="Log To Console" owner="BuiltIn">
<arg>Project Aktif: ${projActive}</arg>
<doc>Logs the given message to the console.</doc>
<status status="NOT RUN" start="2024-10-11T17:09:58.218213" elapsed="0.000000"/>
</kw>
<status status="NOT RUN" start="2024-10-11T17:09:58.218213" elapsed="0.000000"/>
</branch>
<branch type="ELSE">
<break>
<status status="NOT RUN" start="2024-10-11T17:09:58.218213" elapsed="0.000000"/>
</break>
<status status="NOT RUN" start="2024-10-11T17:09:58.218213" elapsed="0.000000"/>
</branch>
<status status="PASS" start="2024-10-11T17:09:57.931066" elapsed="0.287147"/>
</if>
<var name="${counter}">5</var>
<status status="PASS" start="2024-10-11T17:09:57.931066" elapsed="0.287147"/>
</iter>
<iter>
<if>
<branch type="IF" condition="'${counter}' == '1'">
<kw name="get text detail on list user management" owner="userManagementPage">
<arg>${counter}</arg>
<arg>${random}</arg>
<status status="NOT RUN" start="2024-10-11T17:09:58.218213" elapsed="0.000000"/>
</kw>
<kw name="Set Global Variable" owner="BuiltIn">
<arg>${nameUserManagement}</arg>
<arg>${name}</arg>
<doc>Makes a variable available globally in all tests and suites.</doc>
<status status="NOT RUN" start="2024-10-11T17:09:58.218213" elapsed="0.000000"/>
</kw>
<kw name="Log To Console" owner="BuiltIn">
<arg>Nama User: ${nameUserManagement}</arg>
<doc>Logs the given message to the console.</doc>
<status status="NOT RUN" start="2024-10-11T17:09:58.218213" elapsed="0.000000"/>
</kw>
<status status="NOT RUN" start="2024-10-11T17:09:58.218213" elapsed="0.000000"/>
</branch>
<branch type="ELSE IF" condition="'${counter}' == '2'">
<kw name="get text detail on list user management" owner="userManagementPage">
<arg>${counter}</arg>
<arg>${random}</arg>
<status status="NOT RUN" start="2024-10-11T17:09:58.218213" elapsed="0.000000"/>
</kw>
<kw name="Set Global Variable" owner="BuiltIn">
<arg>${jabatan}</arg>
<arg>${name}</arg>
<doc>Makes a variable available globally in all tests and suites.</doc>
<status status="NOT RUN" start="2024-10-11T17:09:58.218213" elapsed="0.000000"/>
</kw>
<kw name="Log To Console" owner="BuiltIn">
<arg>Jabatan: ${jabatan}</arg>
<doc>Logs the given message to the console.</doc>
<status status="NOT RUN" start="2024-10-11T17:09:58.218213" elapsed="0.000000"/>
</kw>
<status status="NOT RUN" start="2024-10-11T17:09:58.218213" elapsed="0.000000"/>
</branch>
<branch type="ELSE IF" condition="'${counter}' == '3'">
<kw name="get text detail on list user management" owner="userManagementPage">
<arg>${counter}</arg>
<arg>${random}</arg>
<status status="NOT RUN" start="2024-10-11T17:09:58.218213" elapsed="0.000000"/>
</kw>
<status status="NOT RUN" start="2024-10-11T17:09:58.218213" elapsed="0.000000"/>
</branch>
<branch type="ELSE IF" condition="'${counter}' == '4'">
<kw name="get text detail on list user management" owner="userManagementPage">
<arg>${counter}</arg>
<arg>${random}</arg>
<status status="NOT RUN" start="2024-10-11T17:09:58.218213" elapsed="0.000000"/>
</kw>
<kw name="Set Global Variable" owner="BuiltIn">
<arg>${noTelp}</arg>
<arg>${name}</arg>
<doc>Makes a variable available globally in all tests and suites.</doc>
<status status="NOT RUN" start="2024-10-11T17:09:58.218213" elapsed="0.000000"/>
</kw>
<kw name="Log To Console" owner="BuiltIn">
<arg>No Telp: ${noTelp}</arg>
<doc>Logs the given message to the console.</doc>
<status status="NOT RUN" start="2024-10-11T17:09:58.218213" elapsed="0.000000"/>
</kw>
<kw name="Replace String" owner="String">
<var>${replaceNumb}</var>
<arg>${noTelp}</arg>
<arg>-</arg>
<arg>${EMPTY}</arg>
<doc>Replaces ``search_for`` in the given ``string`` with ``replace_with``.</doc>
<status status="NOT RUN" start="2024-10-11T17:09:58.218213" elapsed="0.000000"/>
</kw>
<kw name="Set Global Variable" owner="BuiltIn">
<arg>${replaceNumb}</arg>
<arg>${replaceNumb}</arg>
<doc>Makes a variable available globally in all tests and suites.</doc>
<status status="NOT RUN" start="2024-10-11T17:09:58.218213" elapsed="0.000000"/>
</kw>
<status status="NOT RUN" start="2024-10-11T17:09:58.218213" elapsed="0.000000"/>
</branch>
<branch type="ELSE IF" condition="'${counter}' == '5'">
<kw name="get text detail on list user management" owner="userManagementPage">
<arg>${counter}</arg>
<arg>${random}</arg>
<status status="NOT RUN" start="2024-10-11T17:09:58.218213" elapsed="0.000000"/>
</kw>
<status status="NOT RUN" start="2024-10-11T17:09:58.218213" elapsed="0.000000"/>
</branch>
<branch type="ELSE IF" condition="'${counter}' == '6'">
<kw name="get text detail on list user management" owner="userManagementPage">
<kw name="Run Keyword And Return Status" owner="BuiltIn">
<kw name="Wait Until Element Is Visible" owner="AppiumLibrary">
<msg time="2024-10-11T17:09:58.363737" level="INFO">xpath criteria: (//android.view.View[@content-desc="Image"])[2]/parent::android.view.View</msg>
<arg>xpath=(//android.view.View[@content-desc="Image"])[${random}]/parent::android.view.View</arg>
<doc>Waits until element specified with `locator` is visible.</doc>
<status status="PASS" start="2024-10-11T17:09:58.218213" elapsed="0.145524"/>
</kw>
<msg time="2024-10-11T17:09:58.363737" level="INFO">${res} = True</msg>
<var>${res}</var>
<arg>Wait Until Element Is Visible</arg>
<arg>xpath=(//android.view.View[@content-desc="Image"])[${random}]/parent::android.view.View</arg>
<doc>Runs the given keyword with given arguments and returns the status as a Boolean value.</doc>
<status status="PASS" start="2024-10-11T17:09:58.218213" elapsed="0.145524"/>
</kw>
<if>
<branch type="IF" condition="${res}">
<kw name="Get Text" owner="AppiumLibrary">
<msg time="2024-10-11T17:09:58.489196" level="INFO">Element 'xpath=(//android.view.View[@content-desc="Image"])[2]/parent::android.view.View/android.widget.TextView[6]' text is 'b@yopmail.com' </msg>
<msg time="2024-10-11T17:09:58.489221" level="INFO">xpath criteria: (//android.view.View[@content-desc="Image"])[2]/parent::android.view.View/android.widget.TextView[6]</msg>
<msg time="2024-10-11T17:09:58.489221" level="INFO">${name} = b@yopmail.com</msg>
<var>${name}</var>
<arg>xpath=(//android.view.View[@content-desc="Image"])[${random}]/parent::android.view.View/android.widget.TextView[${counter}]</arg>
<doc>Get element text (for hybrid and mobile browser use `xpath` locator, others might cause problem)</doc>
<status status="PASS" start="2024-10-11T17:09:58.363737" elapsed="0.125484"/>
</kw>
<kw name="Set Global Variable" owner="BuiltIn">
<msg time="2024-10-11T17:09:58.489221" level="INFO">${name} = b@yopmail.com</msg>
<arg>${name}</arg>
<arg>${name}</arg>
<doc>Makes a variable available globally in all tests and suites.</doc>
<status status="PASS" start="2024-10-11T17:09:58.489221" elapsed="0.000000"/>
</kw>
<status status="PASS" start="2024-10-11T17:09:58.363737" elapsed="0.125484"/>
</branch>
<branch type="ELSE">
<kw name="Log" owner="BuiltIn">
<arg>false</arg>
<doc>Logs the given message with the given level.</doc>
<status status="NOT RUN" start="2024-10-11T17:09:58.489221" elapsed="0.000000"/>
</kw>
<status status="NOT RUN" start="2024-10-11T17:09:58.489221" elapsed="0.000000"/>
</branch>
<status status="PASS" start="2024-10-11T17:09:58.363737" elapsed="0.125484"/>
</if>
<arg>${counter}</arg>
<arg>${random}</arg>
<status status="PASS" start="2024-10-11T17:09:58.218213" elapsed="0.271008"/>
</kw>
<kw name="Set Global Variable" owner="BuiltIn">
<msg time="2024-10-11T17:09:58.489221" level="INFO">${email} = b@yopmail.com</msg>
<arg>${email}</arg>
<arg>${name}</arg>
<doc>Makes a variable available globally in all tests and suites.</doc>
<status status="PASS" start="2024-10-11T17:09:58.489221" elapsed="0.000000"/>
</kw>
<kw name="Log To Console" owner="BuiltIn">
<arg>Email: ${email}</arg>
<doc>Logs the given message to the console.</doc>
<status status="PASS" start="2024-10-11T17:09:58.489221" elapsed="0.000000"/>
</kw>
<status status="PASS" start="2024-10-11T17:09:58.218213" elapsed="0.271008"/>
</branch>
<branch type="ELSE IF" condition="'${counter}' == '7'">
<kw name="get text detail on list user management" owner="userManagementPage">
<arg>${counter}</arg>
<arg>${random}</arg>
<status status="NOT RUN" start="2024-10-11T17:09:58.489221" elapsed="0.000000"/>
</kw>
<status status="NOT RUN" start="2024-10-11T17:09:58.489221" elapsed="0.004891"/>
</branch>
<branch type="ELSE IF" condition="'${counter}' == '8'">
<kw name="get text detail on list user management" owner="userManagementPage">
<arg>${counter}</arg>
<arg>${random}</arg>
<status status="NOT RUN" start="2024-10-11T17:09:58.494112" elapsed="0.000000"/>
</kw>
<kw name="Set Global Variable" owner="BuiltIn">
<arg>${projActive}</arg>
<arg>${name}</arg>
<doc>Makes a variable available globally in all tests and suites.</doc>
<status status="NOT RUN" start="2024-10-11T17:09:58.494112" elapsed="0.000000"/>
</kw>
<kw name="Log To Console" owner="BuiltIn">
<arg>Project Aktif: ${projActive}</arg>
<doc>Logs the given message to the console.</doc>
<status status="NOT RUN" start="2024-10-11T17:09:58.494112" elapsed="0.000000"/>
</kw>
<status status="NOT RUN" start="2024-10-11T17:09:58.494112" elapsed="0.000000"/>
</branch>
<branch type="ELSE">
<break>
<status status="NOT RUN" start="2024-10-11T17:09:58.494112" elapsed="0.000000"/>
</break>
<status status="NOT RUN" start="2024-10-11T17:09:58.494112" elapsed="0.000000"/>
</branch>
<status status="PASS" start="2024-10-11T17:09:58.218213" elapsed="0.275899"/>
</if>
<var name="${counter}">6</var>
<status status="PASS" start="2024-10-11T17:09:58.218213" elapsed="0.275899"/>
</iter>
<iter>
<if>
<branch type="IF" condition="'${counter}' == '1'">
<kw name="get text detail on list user management" owner="userManagementPage">
<arg>${counter}</arg>
<arg>${random}</arg>
<status status="NOT RUN" start="2024-10-11T17:09:58.495143" elapsed="0.000000"/>
</kw>
<kw name="Set Global Variable" owner="BuiltIn">
<arg>${nameUserManagement}</arg>
<arg>${name}</arg>
<doc>Makes a variable available globally in all tests and suites.</doc>
<status status="NOT RUN" start="2024-10-11T17:09:58.495143" elapsed="0.000000"/>
</kw>
<kw name="Log To Console" owner="BuiltIn">
<arg>Nama User: ${nameUserManagement}</arg>
<doc>Logs the given message to the console.</doc>
<status status="NOT RUN" start="2024-10-11T17:09:58.496140" elapsed="0.000000"/>
</kw>
<status status="NOT RUN" start="2024-10-11T17:09:58.495143" elapsed="0.000997"/>
</branch>
<branch type="ELSE IF" condition="'${counter}' == '2'">
<kw name="get text detail on list user management" owner="userManagementPage">
<arg>${counter}</arg>
<arg>${random}</arg>
<status status="NOT RUN" start="2024-10-11T17:09:58.496140" elapsed="0.000000"/>
</kw>
<kw name="Set Global Variable" owner="BuiltIn">
<arg>${jabatan}</arg>
<arg>${name}</arg>
<doc>Makes a variable available globally in all tests and suites.</doc>
<status status="NOT RUN" start="2024-10-11T17:09:58.496140" elapsed="0.000000"/>
</kw>
<kw name="Log To Console" owner="BuiltIn">
<arg>Jabatan: ${jabatan}</arg>
<doc>Logs the given message to the console.</doc>
<status status="NOT RUN" start="2024-10-11T17:09:58.496140" elapsed="0.000000"/>
</kw>
<status status="NOT RUN" start="2024-10-11T17:09:58.496140" elapsed="0.000000"/>
</branch>
<branch type="ELSE IF" condition="'${counter}' == '3'">
<kw name="get text detail on list user management" owner="userManagementPage">
<arg>${counter}</arg>
<arg>${random}</arg>
<status status="NOT RUN" start="2024-10-11T17:09:58.497137" elapsed="0.000000"/>
</kw>
<status status="NOT RUN" start="2024-10-11T17:09:58.496140" elapsed="0.000997"/>
</branch>
<branch type="ELSE IF" condition="'${counter}' == '4'">
<kw name="get text detail on list user management" owner="userManagementPage">
<arg>${counter}</arg>
<arg>${random}</arg>
<status status="NOT RUN" start="2024-10-11T17:09:58.497137" elapsed="0.000000"/>
</kw>
<kw name="Set Global Variable" owner="BuiltIn">
<arg>${noTelp}</arg>
<arg>${name}</arg>
<doc>Makes a variable available globally in all tests and suites.</doc>
<status status="NOT RUN" start="2024-10-11T17:09:58.498135" elapsed="0.000000"/>
</kw>
<kw name="Log To Console" owner="BuiltIn">
<arg>No Telp: ${noTelp}</arg>
<doc>Logs the given message to the console.</doc>
<status status="NOT RUN" start="2024-10-11T17:09:58.498135" elapsed="0.000000"/>
</kw>
<kw name="Replace String" owner="String">
<var>${replaceNumb}</var>
<arg>${noTelp}</arg>
<arg>-</arg>
<arg>${EMPTY}</arg>
<doc>Replaces ``search_for`` in the given ``string`` with ``replace_with``.</doc>
<status status="NOT RUN" start="2024-10-11T17:09:58.498135" elapsed="0.000000"/>
</kw>
<kw name="Set Global Variable" owner="BuiltIn">
<arg>${replaceNumb}</arg>
<arg>${replaceNumb}</arg>
<doc>Makes a variable available globally in all tests and suites.</doc>
<status status="NOT RUN" start="2024-10-11T17:09:58.498135" elapsed="0.000000"/>
</kw>
<status status="NOT RUN" start="2024-10-11T17:09:58.497137" elapsed="0.000998"/>
</branch>
<branch type="ELSE IF" condition="'${counter}' == '5'">
<kw name="get text detail on list user management" owner="userManagementPage">
<arg>${counter}</arg>
<arg>${random}</arg>
<status status="NOT RUN" start="2024-10-11T17:09:58.499159" elapsed="0.000000"/>
</kw>
<status status="NOT RUN" start="2024-10-11T17:09:58.498135" elapsed="0.001024"/>
</branch>
<branch type="ELSE IF" condition="'${counter}' == '6'">
<kw name="get text detail on list user management" owner="userManagementPage">
<arg>${counter}</arg>
<arg>${random}</arg>
<status status="NOT RUN" start="2024-10-11T17:09:58.499159" elapsed="0.000000"/>
</kw>
<kw name="Set Global Variable" owner="BuiltIn">
<arg>${email}</arg>
<arg>${name}</arg>
<doc>Makes a variable available globally in all tests and suites.</doc>
<status status="NOT RUN" start="2024-10-11T17:09:58.499159" elapsed="0.000000"/>
</kw>
<kw name="Log To Console" owner="BuiltIn">
<arg>Email: ${email}</arg>
<doc>Logs the given message to the console.</doc>
<status status="NOT RUN" start="2024-10-11T17:09:58.499159" elapsed="0.000000"/>
</kw>
<status status="NOT RUN" start="2024-10-11T17:09:58.499159" elapsed="0.000000"/>
</branch>
<branch type="ELSE IF" condition="'${counter}' == '7'">
<kw name="get text detail on list user management" owner="userManagementPage">
<kw name="Run Keyword And Return Status" owner="BuiltIn">
<kw name="Wait Until Element Is Visible" owner="AppiumLibrary">
<msg time="2024-10-11T17:09:58.621531" level="INFO">xpath criteria: (//android.view.View[@content-desc="Image"])[2]/parent::android.view.View</msg>
<arg>xpath=(//android.view.View[@content-desc="Image"])[${random}]/parent::android.view.View</arg>
<doc>Waits until element specified with `locator` is visible.</doc>
<status status="PASS" start="2024-10-11T17:09:58.502565" elapsed="0.118966"/>
</kw>
<msg time="2024-10-11T17:09:58.621531" level="INFO">${res} = True</msg>
<var>${res}</var>
<arg>Wait Until Element Is Visible</arg>
<arg>xpath=(//android.view.View[@content-desc="Image"])[${random}]/parent::android.view.View</arg>
<doc>Runs the given keyword with given arguments and returns the status as a Boolean value.</doc>
<status status="PASS" start="2024-10-11T17:09:58.501825" elapsed="0.119706"/>
</kw>
<if>
<branch type="IF" condition="${res}">
<kw name="Get Text" owner="AppiumLibrary">
<msg time="2024-10-11T17:09:58.791394" level="INFO">Element 'xpath=(//android.view.View[@content-desc="Image"])[2]/parent::android.view.View/android.widget.TextView[7]' text is 'Project aktif' </msg>
<msg time="2024-10-11T17:09:58.791695" level="INFO">xpath criteria: (//android.view.View[@content-desc="Image"])[2]/parent::android.view.View/android.widget.TextView[7]</msg>
<msg time="2024-10-11T17:09:58.791695" level="INFO">${name} = Project aktif</msg>
<var>${name}</var>
<arg>xpath=(//android.view.View[@content-desc="Image"])[${random}]/parent::android.view.View/android.widget.TextView[${counter}]</arg>
<doc>Get element text (for hybrid and mobile browser use `xpath` locator, others might cause problem)</doc>
<status status="PASS" start="2024-10-11T17:09:58.622528" elapsed="0.169167"/>
</kw>
<kw name="Set Global Variable" owner="BuiltIn">
<msg time="2024-10-11T17:09:58.791695" level="INFO">${name} = Project aktif</msg>
<arg>${name}</arg>
<arg>${name}</arg>
<doc>Makes a variable available globally in all tests and suites.</doc>
<status status="PASS" start="2024-10-11T17:09:58.791695" elapsed="0.000000"/>
</kw>
<status status="PASS" start="2024-10-11T17:09:58.621531" elapsed="0.170164"/>
</branch>
<branch type="ELSE">
<kw name="Log" owner="BuiltIn">
<arg>false</arg>
<doc>Logs the given message with the given level.</doc>
<status status="NOT RUN" start="2024-10-11T17:09:58.792695" elapsed="0.000000"/>
</kw>
<status status="NOT RUN" start="2024-10-11T17:09:58.791695" elapsed="0.001000"/>
</branch>
<status status="PASS" start="2024-10-11T17:09:58.621531" elapsed="0.171164"/>
</if>
<arg>${counter}</arg>
<arg>${random}</arg>
<status status="PASS" start="2024-10-11T17:09:58.500828" elapsed="0.291867"/>
</kw>
<status status="PASS" start="2024-10-11T17:09:58.499159" elapsed="0.293536"/>
</branch>
<branch type="ELSE IF" condition="'${counter}' == '8'">
<kw name="get text detail on list user management" owner="userManagementPage">
<arg>${counter}</arg>
<arg>${random}</arg>
<status status="NOT RUN" start="2024-10-11T17:09:58.792695" elapsed="0.000000"/>
</kw>
<kw name="Set Global Variable" owner="BuiltIn">
<arg>${projActive}</arg>
<arg>${name}</arg>
<doc>Makes a variable available globally in all tests and suites.</doc>
<status status="NOT RUN" start="2024-10-11T17:09:58.792695" elapsed="0.000000"/>
</kw>
<kw name="Log To Console" owner="BuiltIn">
<arg>Project Aktif: ${projActive}</arg>
<doc>Logs the given message to the console.</doc>
<status status="NOT RUN" start="2024-10-11T17:09:58.792695" elapsed="0.000997"/>
</kw>
<status status="NOT RUN" start="2024-10-11T17:09:58.792695" elapsed="0.000997"/>
</branch>
<branch type="ELSE">
<break>
<status status="NOT RUN" start="2024-10-11T17:09:58.793692" elapsed="0.000000"/>
</break>
<status status="NOT RUN" start="2024-10-11T17:09:58.793692" elapsed="0.000000"/>
</branch>
<status status="PASS" start="2024-10-11T17:09:58.495143" elapsed="0.298549"/>
</if>
<var name="${counter}">7</var>
<status status="PASS" start="2024-10-11T17:09:58.495143" elapsed="0.298549"/>
</iter>
<iter>
<if>
<branch type="IF" condition="'${counter}' == '1'">
<kw name="get text detail on list user management" owner="userManagementPage">
<arg>${counter}</arg>
<arg>${random}</arg>
<status status="NOT RUN" start="2024-10-11T17:09:58.794689" elapsed="0.000000"/>
</kw>
<kw name="Set Global Variable" owner="BuiltIn">
<arg>${nameUserManagement}</arg>
<arg>${name}</arg>
<doc>Makes a variable available globally in all tests and suites.</doc>
<status status="NOT RUN" start="2024-10-11T17:09:58.794689" elapsed="0.000000"/>
</kw>
<kw name="Log To Console" owner="BuiltIn">
<arg>Nama User: ${nameUserManagement}</arg>
<doc>Logs the given message to the console.</doc>
<status status="NOT RUN" start="2024-10-11T17:09:58.794689" elapsed="0.000000"/>
</kw>
<status status="NOT RUN" start="2024-10-11T17:09:58.793692" elapsed="0.000997"/>
</branch>
<branch type="ELSE IF" condition="'${counter}' == '2'">
<kw name="get text detail on list user management" owner="userManagementPage">
<arg>${counter}</arg>
<arg>${random}</arg>
<status status="NOT RUN" start="2024-10-11T17:09:58.794689" elapsed="0.000000"/>
</kw>
<kw name="Set Global Variable" owner="BuiltIn">
<arg>${jabatan}</arg>
<arg>${name}</arg>
<doc>Makes a variable available globally in all tests and suites.</doc>
<status status="NOT RUN" start="2024-10-11T17:09:58.795687" elapsed="0.000000"/>
</kw>
<kw name="Log To Console" owner="BuiltIn">
<arg>Jabatan: ${jabatan}</arg>
<doc>Logs the given message to the console.</doc>
<status status="NOT RUN" start="2024-10-11T17:09:58.795687" elapsed="0.000000"/>
</kw>
<status status="NOT RUN" start="2024-10-11T17:09:58.794689" elapsed="0.000998"/>
</branch>
<branch type="ELSE IF" condition="'${counter}' == '3'">
<kw name="get text detail on list user management" owner="userManagementPage">
<arg>${counter}</arg>
<arg>${random}</arg>
<status status="NOT RUN" start="2024-10-11T17:09:58.795687" elapsed="0.000000"/>
</kw>
<status status="NOT RUN" start="2024-10-11T17:09:58.795687" elapsed="0.000000"/>
</branch>
<branch type="ELSE IF" condition="'${counter}' == '4'">
<kw name="get text detail on list user management" owner="userManagementPage">
<arg>${counter}</arg>
<arg>${random}</arg>
<status status="NOT RUN" start="2024-10-11T17:09:58.796684" elapsed="0.000000"/>
</kw>
<kw name="Set Global Variable" owner="BuiltIn">
<arg>${noTelp}</arg>
<arg>${name}</arg>
<doc>Makes a variable available globally in all tests and suites.</doc>
<status status="NOT RUN" start="2024-10-11T17:09:58.796684" elapsed="0.000000"/>
</kw>
<kw name="Log To Console" owner="BuiltIn">
<arg>No Telp: ${noTelp}</arg>
<doc>Logs the given message to the console.</doc>
<status status="NOT RUN" start="2024-10-11T17:09:58.796684" elapsed="0.000000"/>
</kw>
<kw name="Replace String" owner="String">
<var>${replaceNumb}</var>
<arg>${noTelp}</arg>
<arg>-</arg>
<arg>${EMPTY}</arg>
<doc>Replaces ``search_for`` in the given ``string`` with ``replace_with``.</doc>
<status status="NOT RUN" start="2024-10-11T17:09:58.796684" elapsed="0.000000"/>
</kw>
<kw name="Set Global Variable" owner="BuiltIn">
<arg>${replaceNumb}</arg>
<arg>${replaceNumb}</arg>
<doc>Makes a variable available globally in all tests and suites.</doc>
<status status="NOT RUN" start="2024-10-11T17:09:58.796684" elapsed="0.000997"/>
</kw>
<status status="NOT RUN" start="2024-10-11T17:09:58.795687" elapsed="0.001994"/>
</branch>
<branch type="ELSE IF" condition="'${counter}' == '5'">
<kw name="get text detail on list user management" owner="userManagementPage">
<arg>${counter}</arg>
<arg>${random}</arg>
<status status="NOT RUN" start="2024-10-11T17:09:58.797681" elapsed="0.000000"/>
</kw>
<status status="NOT RUN" start="2024-10-11T17:09:58.797681" elapsed="0.000000"/>
</branch>
<branch type="ELSE IF" condition="'${counter}' == '6'">
<kw name="get text detail on list user management" owner="userManagementPage">
<arg>${counter}</arg>
<arg>${random}</arg>
<status status="NOT RUN" start="2024-10-11T17:09:58.798680" elapsed="0.000000"/>
</kw>
<kw name="Set Global Variable" owner="BuiltIn">
<arg>${email}</arg>
<arg>${name}</arg>
<doc>Makes a variable available globally in all tests and suites.</doc>
<status status="NOT RUN" start="2024-10-11T17:09:58.798680" elapsed="0.000000"/>
</kw>
<kw name="Log To Console" owner="BuiltIn">
<arg>Email: ${email}</arg>
<doc>Logs the given message to the console.</doc>
<status status="NOT RUN" start="2024-10-11T17:09:58.798680" elapsed="0.000000"/>
</kw>
<status status="NOT RUN" start="2024-10-11T17:09:58.797681" elapsed="0.000999"/>
</branch>
<branch type="ELSE IF" condition="'${counter}' == '7'">
<kw name="get text detail on list user management" owner="userManagementPage">
<arg>${counter}</arg>
<arg>${random}</arg>
<status status="NOT RUN" start="2024-10-11T17:09:58.799676" elapsed="0.000000"/>
</kw>
<status status="NOT RUN" start="2024-10-11T17:09:58.798680" elapsed="0.000996"/>
</branch>
<branch type="ELSE IF" condition="'${counter}' == '8'">
<kw name="get text detail on list user management" owner="userManagementPage">
<kw name="Run Keyword And Return Status" owner="BuiltIn">
<kw name="Wait Until Element Is Visible" owner="AppiumLibrary">
<msg time="2024-10-11T17:09:59.457065" level="INFO">xpath criteria: (//android.view.View[@content-desc="Image"])[2]/parent::android.view.View</msg>
<arg>xpath=(//android.view.View[@content-desc="Image"])[${random}]/parent::android.view.View</arg>
<doc>Waits until element specified with `locator` is visible.</doc>
<status status="PASS" start="2024-10-11T17:09:58.800943" elapsed="0.656122"/>
</kw>
<msg time="2024-10-11T17:09:59.457065" level="INFO">${res} = True</msg>
<var>${res}</var>
<arg>Wait Until Element Is Visible</arg>
<arg>xpath=(//android.view.View[@content-desc="Image"])[${random}]/parent::android.view.View</arg>
<doc>Runs the given keyword with given arguments and returns the status as a Boolean value.</doc>
<status status="PASS" start="2024-10-11T17:09:58.799676" elapsed="0.657389"/>
</kw>
<if>
<branch type="IF" condition="${res}">
<kw name="Get Text" owner="AppiumLibrary">
<msg time="2024-10-11T17:09:59.579360" level="INFO">Element 'xpath=(//android.view.View[@content-desc="Image"])[2]/parent::android.view.View/android.widget.TextView[8]' text is '0' </msg>
<msg time="2024-10-11T17:09:59.579360" level="INFO">xpath criteria: (//android.view.View[@content-desc="Image"])[2]/parent::android.view.View/android.widget.TextView[8]</msg>
<msg time="2024-10-11T17:09:59.579360" level="INFO">${name} = 0</msg>
<var>${name}</var>
<arg>xpath=(//android.view.View[@content-desc="Image"])[${random}]/parent::android.view.View/android.widget.TextView[${counter}]</arg>
<doc>Get element text (for hybrid and mobile browser use `xpath` locator, others might cause problem)</doc>
<status status="PASS" start="2024-10-11T17:09:59.457065" elapsed="0.122295"/>
</kw>
<kw name="Set Global Variable" owner="BuiltIn">
<msg time="2024-10-11T17:09:59.580358" level="INFO">${name} = 0</msg>
<arg>${name}</arg>
<arg>${name}</arg>
<doc>Makes a variable available globally in all tests and suites.</doc>
<status status="PASS" start="2024-10-11T17:09:59.580358" elapsed="0.000000"/>
</kw>
<status status="PASS" start="2024-10-11T17:09:59.457065" elapsed="0.123293"/>
</branch>
<branch type="ELSE">
<kw name="Log" owner="BuiltIn">
<arg>false</arg>
<doc>Logs the given message with the given level.</doc>
<status status="NOT RUN" start="2024-10-11T17:09:59.580358" elapsed="0.000000"/>
</kw>
<status status="NOT RUN" start="2024-10-11T17:09:59.580358" elapsed="0.000000"/>
</branch>
<status status="PASS" start="2024-10-11T17:09:59.457065" elapsed="0.123293"/>
</if>
<arg>${counter}</arg>
<arg>${random}</arg>
<status status="PASS" start="2024-10-11T17:09:58.799676" elapsed="0.780682"/>
</kw>
<kw name="Set Global Variable" owner="BuiltIn">
<msg time="2024-10-11T17:09:59.582429" level="INFO">${projActive} = 0</msg>
<arg>${projActive}</arg>
<arg>${name}</arg>
<doc>Makes a variable available globally in all tests and suites.</doc>
<status status="PASS" start="2024-10-11T17:09:59.581355" elapsed="0.001074"/>
</kw>
<kw name="Log To Console" owner="BuiltIn">
<arg>Project Aktif: ${projActive}</arg>
<doc>Logs the given message to the console.</doc>
<status status="PASS" start="2024-10-11T17:09:59.582429" elapsed="0.002402"/>
</kw>
<status status="PASS" start="2024-10-11T17:09:58.799676" elapsed="0.785320"/>
</branch>
<branch type="ELSE">
<break>
<status status="NOT RUN" start="2024-10-11T17:09:59.584996" elapsed="0.000000"/>
</break>
<status status="NOT RUN" start="2024-10-11T17:09:59.584996" elapsed="0.000000"/>
</branch>
<status status="PASS" start="2024-10-11T17:09:58.793692" elapsed="0.791304"/>
</if>
<var name="${counter}">8</var>
<status status="PASS" start="2024-10-11T17:09:58.793692" elapsed="0.791304"/>
</iter>
<iter>
<if>
<branch type="IF" condition="'${counter}' == '1'">
<kw name="get text detail on list user management" owner="userManagementPage">
<arg>${counter}</arg>
<arg>${random}</arg>
<status status="NOT RUN" start="2024-10-11T17:09:59.586345" elapsed="0.000000"/>
</kw>
<kw name="Set Global Variable" owner="BuiltIn">
<arg>${nameUserManagement}</arg>
<arg>${name}</arg>
[...]
</kw>
<kw name="Should Be Equal" owner="BuiltIn">
<arg>${email}</arg>
<arg>${textEmail}</arg>
<doc>Fails if the given objects are unequal.</doc>
<status status="PASS" start="2024-10-11T17:10:28.448350" elapsed="0.000000"/>
</kw>
<status status="PASS" start="2024-10-11T17:10:28.346535" elapsed="0.101815"/>
</branch>
<branch type="ELSE">
<kw name="Element Should Be Visible" owner="AppiumLibrary">
<arg>${pageDetailUser}</arg>
<doc>Verifies that element identified with locator is visible.</doc>
<status status="NOT RUN" start="2024-10-11T17:10:28.448350" elapsed="0.000000"/>
</kw>
<status status="NOT RUN" start="2024-10-11T17:10:28.448350" elapsed="0.000000"/>
</branch>
<status status="PASS" start="2024-10-11T17:10:28.344539" elapsed="0.104809"/>
</if>
<var name="${counter}">6</var>
<status status="PASS" start="2024-10-11T17:10:28.344539" elapsed="0.104809"/>
</iter>
<var>${counter}</var>
<value>1</value>
<value>7</value>
<status status="PASS" start="2024-10-11T17:10:27.840208" elapsed="0.609140"/>
</for>
<status status="PASS" start="2024-10-11T17:10:27.839211" elapsed="0.610137"/>
</branch>
<branch type="ELSE">
<kw name="Log" owner="BuiltIn">
<arg>N/A</arg>
<doc>Logs the given message with the given level.</doc>
<status status="NOT RUN" start="2024-10-11T17:10:28.449348" elapsed="0.000000"/>
</kw>
<status status="NOT RUN" start="2024-10-11T17:10:28.449348" elapsed="0.000000"/>
</branch>
<status status="PASS" start="2024-10-11T17:10:27.839211" elapsed="0.610137"/>
</if>
<status status="PASS" start="2024-10-11T17:10:23.077449" elapsed="5.371899"/>
</kw>
<status status="PASS" start="2024-10-11T17:10:16.071846" elapsed="12.377502"/>
</kw>
<kw name="Then click icon ubah user management" owner="detailUserManagementPage">
<kw name="Get all random" owner="generalFunction">
<kw name="Generate Simple Random Name" owner="generalFunction">
<kw name="Evaluate" owner="BuiltIn">
<msg time="2024-10-11T17:10:28.451343" level="INFO">${name} = NMJQA MTEHNPOE</msg>
<var>${name}</var>
<arg>''.join(random.choices('ABCDEFGHIJKLMNOPQRSTUVWXYZ', k=5)) + ' ' + ''.join(random.choices('ABCDEFGHIJKLMNOPQRSTUVWXYZ', k=8))</arg>
<arg>modules=random</arg>
<doc>Evaluates the given expression in Python and returns the result.</doc>
<status status="PASS" start="2024-10-11T17:10:28.451343" elapsed="0.000000"/>
</kw>
<kw name="Set Global Variable" owner="BuiltIn">
<msg time="2024-10-11T17:10:28.452340" level="INFO">${randomStr} = NMJQA MTEHNPOE</msg>
<arg>${randomStr}</arg>
<arg>${name}</arg>
<doc>Makes a variable available globally in all tests and suites.</doc>
<status status="PASS" start="2024-10-11T17:10:28.451343" elapsed="0.000997"/>
</kw>
<status status="PASS" start="2024-10-11T17:10:28.450346" elapsed="0.001994"/>
</kw>
<kw name="Generate Random Phone Number" owner="generalFunction">
<kw name="Evaluate" owner="BuiltIn">
<msg time="2024-10-11T17:10:28.453337" level="INFO">${random_number} = 0821230099</msg>
<var>${random_number}</var>
<arg>'08' + str(random.randint(10000000, 99999999))</arg>
<doc>Evaluates the given expression in Python and returns the result.</doc>
<status status="PASS" start="2024-10-11T17:10:28.452340" elapsed="0.000997"/>
</kw>
<kw name="Set Global Variable" owner="BuiltIn">
<msg time="2024-10-11T17:10:28.453337" level="INFO">${randNumber} = 0821230099</msg>
<arg>${randNumber}</arg>
<arg>${random_number}</arg>
<doc>Makes a variable available globally in all tests and suites.</doc>
<status status="PASS" start="2024-10-11T17:10:28.453337" elapsed="0.000000"/>
</kw>
<status status="PASS" start="2024-10-11T17:10:28.452340" elapsed="0.000997"/>
</kw>
<kw name="Generate Random Email" owner="generalFunction">
<kw name="Evaluate" owner="BuiltIn">
<msg time="2024-10-11T17:10:28.454335" level="INFO">${name} = jfplvyvm</msg>
<var>${name}</var>
<arg>''.join(random.choices('abcdefghijklmnopqrtuvwxyz', k=8))</arg>
<arg>modules=random</arg>
<doc>Evaluates the given expression in Python and returns the result.</doc>
<status status="PASS" start="2024-10-11T17:10:28.454335" elapsed="0.000000"/>
</kw>
<kw name="Set Variable" owner="BuiltIn">
<msg time="2024-10-11T17:10:28.454335" level="INFO">${nameEmail} = jfplvyvm@gmail.com</msg>
<var>${nameEmail}</var>
<arg>${name}@gmail.com</arg>
<doc>Returns the given values which can then be assigned to a variables.</doc>
<status status="PASS" start="2024-10-11T17:10:28.454335" elapsed="0.000997"/>
</kw>
<kw name="Set Global Variable" owner="BuiltIn">
<msg time="2024-10-11T17:10:28.455332" level="INFO">${randomEmail} = jfplvyvm@gmail.com</msg>
<arg>${randomEmail}</arg>
<arg>${nameEmail}</arg>
<doc>Makes a variable available globally in all tests and suites.</doc>
<status status="PASS" start="2024-10-11T17:10:28.455332" elapsed="0.000000"/>
</kw>
<status status="PASS" start="2024-10-11T17:10:28.453337" elapsed="0.001995"/>
</kw>
<status status="PASS" start="2024-10-11T17:10:28.450346" elapsed="0.004986"/>
</kw>
<kw name="Element Should Be Visible" owner="AppiumLibrary">
<msg time="2024-10-11T17:10:28.549344" level="INFO">xpath criteria: //androidx.compose.ui.platform.ComposeView/android.view.View/android.view.View</msg>
<arg>${pageDetailUser}</arg>
<doc>Verifies that element identified with locator is visible.</doc>
<status status="PASS" start="2024-10-11T17:10:28.455332" elapsed="0.094012"/>
</kw>
<kw name="user click element" owner="generalFunction">
<kw name="Wait Until Element Is Visible" owner="AppiumLibrary">
<msg time="2024-10-11T17:10:28.647389" level="INFO">xpath criteria: //android.view.View[contains(@content-desc, "Edit")]/parent::android.view.View</msg>
<arg>${element}</arg>
<doc>Waits until element specified with `locator` is visible.</doc>
<status status="PASS" start="2024-10-11T17:10:28.550342" elapsed="0.097047"/>
</kw>
<kw name="Click Element" owner="AppiumLibrary">
<msg time="2024-10-11T17:10:28.651381" level="INFO">Clicking element 'xpath=//android.view.View[contains(@content-desc, "Edit")]/parent::android.view.View'.</msg>
<msg time="2024-10-11T17:10:29.768610" level="INFO">xpath criteria: //android.view.View[contains(@content-desc, "Edit")]/parent::android.view.View</msg>
<arg>${element}</arg>
<doc>Click element identified by `locator`.</doc>
<status status="PASS" start="2024-10-11T17:10:28.648388" elapsed="1.120222"/>
</kw>
<arg>${iconEdit}</arg>
<status status="PASS" start="2024-10-11T17:10:28.549344" elapsed="1.219266"/>
</kw>
<status status="PASS" start="2024-10-11T17:10:28.450346" elapsed="1.318264"/>
</kw>
<kw name="And edit Field" owner="detailUserManagementPage">
<kw name="Loc EditText" owner="generalFunction">
<kw name="Set Variable" owner="BuiltIn">
<msg time="2024-10-11T17:10:29.768610" level="INFO">${loc} = xpath=//android.widget.EditText[@text="0882123123"]</msg>
<var>${loc}</var>
<arg>xpath=//android.widget.EditText[@text="${text}"]</arg>
<doc>Returns the given values which can then be assigned to a variables.</doc>
<status status="PASS" start="2024-10-11T17:10:29.768610" elapsed="0.000000"/>
</kw>
<return>
<value>${loc}</value>
<status status="PASS" start="2024-10-11T17:10:29.768610" elapsed="0.000000"/>
</return>
<msg time="2024-10-11T17:10:29.768610" level="INFO">${loc} = xpath=//android.widget.EditText[@text="0882123123"]</msg>
<var>${loc}</var>
<arg>${locEditText}</arg>
<status status="PASS" start="2024-10-11T17:10:29.768610" elapsed="0.000000"/>
</kw>
<kw name="user click element" owner="generalFunction">
<kw name="Wait Until Element Is Visible" owner="AppiumLibrary">
<msg time="2024-10-11T17:10:29.885463" level="INFO">xpath criteria: //android.widget.EditText[@text="0882123123"]</msg>
<arg>${element}</arg>
<doc>Waits until element specified with `locator` is visible.</doc>
<status status="PASS" start="2024-10-11T17:10:29.768610" elapsed="0.116853"/>
</kw>
<kw name="Click Element" owner="AppiumLibrary">
<msg time="2024-10-11T17:10:29.888488" level="INFO">Clicking element 'xpath=//android.widget.EditText[@text="0882123123"]'.</msg>
<msg time="2024-10-11T17:10:30.010022" level="INFO">xpath criteria: //android.widget.EditText[@text="0882123123"]</msg>
<arg>${element}</arg>
<doc>Click element identified by `locator`.</doc>
<status status="PASS" start="2024-10-11T17:10:29.885463" elapsed="0.124559"/>
</kw>
<arg>${loc}</arg>
<status status="PASS" start="2024-10-11T17:10:29.768610" elapsed="0.241412"/>
</kw>
<kw name="Clear Text" owner="AppiumLibrary">
<msg time="2024-10-11T17:10:30.013484" level="INFO">Clear text field 'xpath=//android.widget.EditText[@text="0882123123"]'</msg>
<msg time="2024-10-11T17:10:30.992877" level="INFO">xpath criteria: //android.widget.EditText[@text="0882123123"]</msg>
<arg>${loc}</arg>
<doc>Clears the text field identified by `locator`.</doc>
<status status="PASS" start="2024-10-11T17:10:30.010022" elapsed="0.982855"/>
</kw>
<kw name="Hide Keyboard" owner="AppiumLibrary">
<doc>Hides the software keyboard on the device. (optional) In iOS, use `key_name` to press
a particular key, ex. `Done`. In Android, no parameters are used.</doc>
<status status="PASS" start="2024-10-11T17:10:30.992877" elapsed="1.455578"/>
</kw>
<kw name="Get all random" owner="generalFunction">
<kw name="Generate Simple Random Name" owner="generalFunction">
<kw name="Evaluate" owner="BuiltIn">
<msg time="2024-10-11T17:10:32.449452" level="INFO">${name} = SJXRE WAQLLYUC</msg>
<var>${name}</var>
<arg>''.join(random.choices('ABCDEFGHIJKLMNOPQRSTUVWXYZ', k=5)) + ' ' + ''.join(random.choices('ABCDEFGHIJKLMNOPQRSTUVWXYZ', k=8))</arg>
<arg>modules=random</arg>
<doc>Evaluates the given expression in Python and returns the result.</doc>
<status status="PASS" start="2024-10-11T17:10:32.449452" elapsed="0.000000"/>
</kw>
<kw name="Set Global Variable" owner="BuiltIn">
<msg time="2024-10-11T17:10:32.450448" level="INFO">${randomStr} = SJXRE WAQLLYUC</msg>
<arg>${randomStr}</arg>
<arg>${name}</arg>
<doc>Makes a variable available globally in all tests and suites.</doc>
<status status="PASS" start="2024-10-11T17:10:32.450448" elapsed="0.000000"/>
</kw>
<status status="PASS" start="2024-10-11T17:10:32.449452" elapsed="0.000996"/>
</kw>
<kw name="Generate Random Phone Number" owner="generalFunction">
<kw name="Evaluate" owner="BuiltIn">
<msg time="2024-10-11T17:10:32.451445" level="INFO">${random_number} = 0848060731</msg>
<var>${random_number}</var>
<arg>'08' + str(random.randint(10000000, 99999999))</arg>
<doc>Evaluates the given expression in Python and returns the result.</doc>
<status status="PASS" start="2024-10-11T17:10:32.450448" elapsed="0.000997"/>
</kw>
<kw name="Set Global Variable" owner="BuiltIn">
<msg time="2024-10-11T17:10:32.451445" level="INFO">${randNumber} = 0848060731</msg>
<arg>${randNumber}</arg>
<arg>${random_number}</arg>
<doc>Makes a variable available globally in all tests and suites.</doc>
<status status="PASS" start="2024-10-11T17:10:32.451445" elapsed="0.000000"/>
</kw>
<status status="PASS" start="2024-10-11T17:10:32.450448" elapsed="0.000997"/>
</kw>
<kw name="Generate Random Email" owner="generalFunction">
<kw name="Evaluate" owner="BuiltIn">
<msg time="2024-10-11T17:10:32.452443" level="INFO">${name} = lykayqgz</msg>
<var>${name}</var>
<arg>''.join(random.choices('abcdefghijklmnopqrtuvwxyz', k=8))</arg>
<arg>modules=random</arg>
<doc>Evaluates the given expression in Python and returns the result.</doc>
<status status="PASS" start="2024-10-11T17:10:32.452443" elapsed="0.000000"/>
</kw>
<kw name="Set Variable" owner="BuiltIn">
<msg time="2024-10-11T17:10:32.453441" level="INFO">${nameEmail} = lykayqgz@gmail.com</msg>
<var>${nameEmail}</var>
<arg>${name}@gmail.com</arg>
<doc>Returns the given values which can then be assigned to a variables.</doc>
<status status="PASS" start="2024-10-11T17:10:32.452443" elapsed="0.000998"/>
</kw>
<kw name="Set Global Variable" owner="BuiltIn">
<msg time="2024-10-11T17:10:32.453441" level="INFO">${randomEmail} = lykayqgz@gmail.com</msg>
<arg>${randomEmail}</arg>
<arg>${nameEmail}</arg>
<doc>Makes a variable available globally in all tests and suites.</doc>
<status status="PASS" start="2024-10-11T17:10:32.453441" elapsed="0.000000"/>
</kw>
<status status="PASS" start="2024-10-11T17:10:32.452443" elapsed="0.000998"/>
</kw>
<status status="PASS" start="2024-10-11T17:10:32.448455" elapsed="0.004986"/>
</kw>
<kw name="user input text (EditText)" owner="generalFunction">
<kw name="input text (EditText)" owner="generalFunction">
<kw name="Loc Parent EditText" owner="generalFunction">
<kw name="Set Variable" owner="BuiltIn">
<msg time="2024-10-11T17:10:32.455435" level="INFO">${loc} = xpath=//android.widget.TextView[@text="08xxxxxxxxxx"]/parent::android.widget.EditText</msg>
<var>${loc}</var>
<arg>xpath=//android.widget.TextView[@text="${text}"]/parent::android.widget.EditText</arg>
<doc>Returns the given values which can then be assigned to a variables.</doc>
<status status="PASS" start="2024-10-11T17:10:32.455435" elapsed="0.000000"/>
</kw>
<return>
<value>${loc}</value>
<status status="PASS" start="2024-10-11T17:10:32.455435" elapsed="0.000000"/>
</return>
<msg time="2024-10-11T17:10:32.455435" level="INFO">${loc} = xpath=//android.widget.TextView[@text="08xxxxxxxxxx"]/parent::android.widget.EditText</msg>
<var>${loc}</var>
<arg>${locEdit}</arg>
<status status="PASS" start="2024-10-11T17:10:32.454438" elapsed="0.000997"/>
</kw>
<kw name="Input Text" owner="AppiumLibrary">
<msg time="2024-10-11T17:10:32.458427" level="INFO">Typing text '12345' into text field 'xpath=//android.widget.TextView[@text="08xxxxxxxxxx"]/parent::android.widget.EditText'</msg>
<msg time="2024-10-11T17:10:33.226723" level="INFO">xpath criteria: //android.widget.TextView[@text="08xxxxxxxxxx"]/parent::android.widget.EditText</msg>
<arg>${loc}</arg>
<arg>${rand_text}</arg>
<doc>Types the given `text` into text field identified by `locator`.</doc>
<status status="PASS" start="2024-10-11T17:10:32.456432" elapsed="0.770291"/>
</kw>
<arg>${text}</arg>
<arg>${locEditext}</arg>
<status status="PASS" start="2024-10-11T17:10:32.454438" elapsed="0.772285"/>
</kw>
<arg>${text}</arg>
<arg>${locEdit}</arg>
<status status="PASS" start="2024-10-11T17:10:32.454438" elapsed="0.772285"/>
</kw>
<arg>12345</arg>
<arg>08xxxxxxxxxx</arg>
<arg>${replaceNumb}</arg>
<status status="PASS" start="2024-10-11T17:10:29.768610" elapsed="3.458113"/>
</kw>
<kw name="And show error message" owner="userManagementPage">
<kw name="Run Keyword And Return Status" owner="BuiltIn">
<kw name="Wait Until Element Is Visible" owner="AppiumLibrary">
<msg time="2024-10-11T17:10:33.358289" level="INFO">xpath criteria: //android.widget.TextView[contains(@text, "harus")]</msg>
<arg>${errState}</arg>
<arg>timeout=3s</arg>
<doc>Waits until element specified with `locator` is visible.</doc>
<status status="PASS" start="2024-10-11T17:10:33.228972" elapsed="0.129317"/>
</kw>
<msg time="2024-10-11T17:10:33.358289" level="INFO">${res} = True</msg>
<var>${res}</var>
<arg>Wait Until Element Is Visible</arg>
<arg>${errState}</arg>
<arg>timeout=3s</arg>
<doc>Runs the given keyword with given arguments and returns the status as a Boolean value.</doc>
<status status="PASS" start="2024-10-11T17:10:33.228619" elapsed="0.129670"/>
</kw>
<if>
<branch type="IF" condition="${res}">
<kw name="Get Text" owner="AppiumLibrary">
<msg time="2024-10-11T17:10:33.457669" level="INFO">Element 'xpath=//android.widget.TextView[contains(@text, "harus")]' text is 'No. handphone harus diawali dengan 08' </msg>
<msg time="2024-10-11T17:10:33.457669" level="INFO">xpath criteria: //android.widget.TextView[contains(@text, "harus")]</msg>
<msg time="2024-10-11T17:10:33.457669" level="INFO">${text} = No. handphone harus diawali dengan 08</msg>
<var>${text}</var>
<arg>${errState}</arg>
<doc>Get element text (for hybrid and mobile browser use `xpath` locator, others might cause problem)</doc>
<status status="PASS" start="2024-10-11T17:10:33.359287" elapsed="0.098382"/>
</kw>
<kw name="Log To Console" owner="BuiltIn">
<arg>Error Log: ${text}</arg>
<doc>Logs the given message to the console.</doc>
<status status="PASS" start="2024-10-11T17:10:33.458667" elapsed="0.000000"/>
</kw>
<kw name="Should Be Equal" owner="BuiltIn">
<arg>${text}</arg>
<arg>${errMsg}</arg>
<doc>Fails if the given objects are unequal.</doc>
<status status="PASS" start="2024-10-11T17:10:33.459670" elapsed="0.000000"/>
</kw>
<status status="PASS" start="2024-10-11T17:10:33.358289" elapsed="0.101381"/>
</branch>
<branch type="ELSE">
<kw name="Run Keyword And Return Status" owner="BuiltIn">
<var>${res}</var>
<arg>Wait Until Element Is Visible</arg>
<arg>${hasRegistered}</arg>
<arg>timeout=3s</arg>
<doc>Runs the given keyword with given arguments and returns the status as a Boolean value.</doc>
<status status="NOT RUN" start="2024-10-11T17:10:33.460661" elapsed="0.000000"/>
</kw>
<if>
<branch type="IF" condition="${res}">
<kw name="Get Text" owner="AppiumLibrary">
<var>${text}</var>
<arg>${hasRegistered}</arg>
<doc>Get element text (for hybrid and mobile browser use `xpath` locator, others might cause problem)</doc>
<status status="NOT RUN" start="2024-10-11T17:10:33.460661" elapsed="0.000000"/>
</kw>
<kw name="Log To Console" owner="BuiltIn">
<arg>Error Log: ${text}</arg>
<doc>Logs the given message to the console.</doc>
<status status="NOT RUN" start="2024-10-11T17:10:33.460661" elapsed="0.000000"/>
</kw>
<kw name="Should Be Equal" owner="BuiltIn">
<arg>${text}</arg>
<arg>${errMsg}</arg>
<doc>Fails if the given objects are unequal.</doc>
<status status="NOT RUN" start="2024-10-11T17:10:33.460661" elapsed="0.000000"/>
</kw>
<status status="NOT RUN" start="2024-10-11T17:10:33.460661" elapsed="0.000000"/>
</branch>
<branch type="ELSE">
<kw name="Log" owner="BuiltIn">
<arg>N/A</arg>
<doc>Logs the given message with the given level.</doc>
<status status="NOT RUN" start="2024-10-11T17:10:33.460661" elapsed="0.000000"/>
</kw>
<kw name="Get Text" owner="AppiumLibrary">
<var>${text}</var>
<arg>${notPassVerif}</arg>
<doc>Get element text (for hybrid and mobile browser use `xpath` locator, others might cause problem)</doc>
<status status="NOT RUN" start="2024-10-11T17:10:33.461902" elapsed="0.000000"/>
</kw>
<kw name="Log To Console" owner="BuiltIn">
<arg>Error Log: ${text}</arg>
<doc>Logs the given message to the console.</doc>
<status status="NOT RUN" start="2024-10-11T17:10:33.462281" elapsed="0.000000"/>
</kw>
<status status="NOT RUN" start="2024-10-11T17:10:33.460661" elapsed="0.001620"/>
</branch>
<status status="NOT RUN" start="2024-10-11T17:10:33.460661" elapsed="0.001620"/>
</if>
<status status="NOT RUN" start="2024-10-11T17:10:33.459670" elapsed="0.002611"/>
</branch>
<status status="PASS" start="2024-10-11T17:10:33.358289" elapsed="0.103992"/>
</if>
<arg>No. handphone harus diawali dengan 08</arg>
<status status="PASS" start="2024-10-11T17:10:33.227720" elapsed="0.234561"/>
</kw>
<status status="PASS" start="2024-10-11T17:10:16.070815" elapsed="17.391466"/>
</kw>
<kw name="Close App" owner="openApp" type="TEARDOWN">
<kw name="Close Application" owner="AppiumLibrary">
<doc>Closes the current application and also close webdriver session.</doc>
<status status="PASS" start="2024-10-11T17:10:33.464276" elapsed="0.399958"/>
</kw>
<status status="PASS" start="2024-10-11T17:10:33.463279" elapsed="0.400955"/>
</kw>
<doc>This scenario test OP update User Management (Site/PIC) with format email invalid</doc>
<tag>1000s</tag>
<tag>test</tag>
<tag>user management</tag>
<status status="PASS" start="2024-10-11T17:10:09.068562" elapsed="24.796671"/>
</test>
<doc>Test Case User Management Flow</doc>
<status status="PASS" start="2024-10-11T17:09:40.488011" elapsed="53.379220"/>
</suite>
<statistics>
<total>
<stat pass="2" fail="0" skip="0">All Tests</stat>
</total>
<tag>
<stat pass="2" fail="0" skip="0">1000s</stat>
<stat pass="2" fail="0" skip="0">test</stat>
<stat pass="2" fail="0" skip="0">user management</stat>
</tag>
<suite>
<stat pass="2" fail="0" skip="0" id="s1" name="test UserManagement">test UserManagement</stat>
</suite>
</statistics>
<errors>
</errors>
</robot>
