<?xml version="1.0" encoding="UTF-8"?>
<robot generator="Robot 7.1 (Python 3.12.5 on win32)" generated="2024-10-11T16:24:54.407566" rpa="false" schemaversion="5">
<suite id="s1" name="test UserManagement" source="C:\Users\admin\Documents\Automation\ANDROID\android_eProc1000s\testSuite\Tim OP\test_UserManagement.robot">
<test id="s1-t1" name="Test User Update User Management" line="75">
<kw name="Open app Dev Project" owner="openApp" type="SETUP">
<kw name="Open Application" owner="AppiumLibrary">
<arg>http://127.0.0.1:4723</arg>
<arg>platformName=${platformName}</arg>
<arg>deviceName=${udid}</arg>
<arg>appPackage=${appPackage}</arg>
<arg>appActivity=${appActivity}</arg>
<arg>automationName=UiAutomator2</arg>
<doc>Opens a new application to given Appium server.
Capabilities of appium server, Android and iOS,
Please check https://appium.io/docs/en/2.1/cli/args/
| *Option*            | *Man.* | *Description*     |
| remote_url          | Yes    | Appium server url |
| alias               | no     | alias             |
| strict_ssl          | No     | allows you to send commands to an invalid certificate host like a self-signed one. |</doc>
<status status="PASS" start="2024-10-11T16:24:54.942873" elapsed="7.302257"/>
</kw>
<status status="PASS" start="2024-10-11T16:24:54.941877" elapsed="7.303253"/>
</kw>
<kw name="Ubah User Management" owner="userManagement">
<kw name="Given User Go To Detail User Management" owner="userManagement">
<kw name="Given user go to User Management page" owner="userManagementPage">
<kw name="User Login" owner="loginPage">
<kw name="Given user input no handphone" owner="loginPage">
<kw name="Wait Until Element Is Visible" owner="AppiumLibrary">
<msg time="2024-10-11T16:25:04.224996" level="INFO">xpath criteria: //android.widget.TextView[@text="Login"]</msg>
<arg>${titleLogin}</arg>
<doc>Waits until element specified with `locator` is visible.</doc>
<status status="PASS" start="2024-10-11T16:25:02.249122" elapsed="1.975874"/>
</kw>
<kw name="Input Text" owner="AppiumLibrary">
<msg time="2024-10-11T16:25:04.227986" level="INFO">Typing text '088210068283' into text field 'xpath=//android.widget.EditText[1]'</msg>
<msg time="2024-10-11T16:25:04.380982" level="INFO">xpath criteria: //android.widget.EditText[1]</msg>
<arg>${inputNoHandphone}</arg>
<arg>${noHandphone}</arg>
<doc>Types the given `text` into text field identified by `locator`.</doc>
<status status="PASS" start="2024-10-11T16:25:04.224996" elapsed="0.155986"/>
</kw>
<arg>${akunOP}</arg>
<status status="PASS" start="2024-10-11T16:25:02.249122" elapsed="2.131860"/>
</kw>
<kw name="When user input password" owner="loginPage">
<kw name="Input Password" owner="AppiumLibrary">
<msg time="2024-10-11T16:25:04.384004" level="INFO">Typing password into text field 'xpath=//android.widget.EditText[2]'</msg>
<msg time="2024-10-11T16:25:04.704118" level="INFO">xpath criteria: //android.widget.EditText[2]</msg>
<arg>${inputPassword}</arg>
<arg>${password}</arg>
<doc>Types the given password into text field identified by `locator`.</doc>
<status status="PASS" start="2024-10-11T16:25:04.381976" elapsed="0.322142"/>
</kw>
<arg>${passwordProject}</arg>
<status status="PASS" start="2024-10-11T16:25:04.380982" elapsed="0.324133"/>
</kw>
<kw name="Then click button masuk" owner="loginPage">
<kw name="Click Element" owner="AppiumLibrary">
<msg time="2024-10-11T16:25:04.708108" level="INFO">Clicking element 'xpath=//android.view.View/android.view.View[2]'.</msg>
<msg time="2024-10-11T16:25:05.072951" level="INFO">xpath criteria: //android.view.View/android.view.View[2]</msg>
<arg>${buttonMasuk}</arg>
<doc>Click element identified by `locator`.</doc>
<status status="PASS" start="2024-10-11T16:25:04.705115" elapsed="0.367836"/>
</kw>
<status status="PASS" start="2024-10-11T16:25:04.705115" elapsed="0.367836"/>
</kw>
<kw name="And home Project" owner="loginPage">
<kw name="Wait Until Element Is Visible" owner="AppiumLibrary">
<arg>accessibility_id=Icon Projects</arg>
<arg>timeout=10s</arg>
<doc>Waits until element specified with `locator` is visible.</doc>
<status status="PASS" start="2024-10-11T16:25:05.073945" elapsed="2.439823"/>
</kw>
<kw name="Element Should Be Visible" owner="AppiumLibrary">
<arg>accessibility_id=Icon Projects</arg>
<doc>Verifies that element identified with locator is visible.</doc>
<status status="PASS" start="2024-10-11T16:25:07.514765" elapsed="0.246419"/>
</kw>
<kw name="Element Should Be Visible" owner="AppiumLibrary">
<arg>accessibility_id=Notification</arg>
<doc>Verifies that element identified with locator is visible.</doc>
<status status="PASS" start="2024-10-11T16:25:07.762215" elapsed="0.121527"/>
</kw>
<kw name="Element Should Be Visible" owner="AppiumLibrary">
<arg>accessibility_id=Icon Search</arg>
<doc>Verifies that element identified with locator is visible.</doc>
<status status="PASS" start="2024-10-11T16:25:07.883742" elapsed="0.121476"/>
</kw>
<status status="PASS" start="2024-10-11T16:25:05.072951" elapsed="2.933268"/>
</kw>
<status status="PASS" start="2024-10-11T16:25:02.248089" elapsed="5.758130"/>
</kw>
<kw name="Loc Parent View" owner="generalFunction">
<kw name="Set Variable" owner="BuiltIn">
<msg time="2024-10-11T16:25:08.007214" level="INFO">${loc} = xpath=//android.widget.TextView[@text="User Management"]/parent::android.view.View</msg>
<var>${loc}</var>
<arg>xpath=//android.widget.TextView[@text="${text}"]/parent::android.view.View</arg>
<doc>Returns the given values which can then be assigned to a variables.</doc>
<status status="PASS" start="2024-10-11T16:25:08.007214" elapsed="0.000000"/>
</kw>
<return>
<value>${loc}</value>
<status status="PASS" start="2024-10-11T16:25:08.007214" elapsed="0.000000"/>
</return>
<msg time="2024-10-11T16:25:08.007214" level="INFO">${loc} = xpath=//android.widget.TextView[@text="User Management"]/parent::android.view.View</msg>
<var>${loc}</var>
<arg>User Management</arg>
<status status="PASS" start="2024-10-11T16:25:08.006219" elapsed="0.000995"/>
</kw>
<kw name="Wait Until Element Is Visible" owner="AppiumLibrary">
<msg time="2024-10-11T16:25:08.215722" level="INFO">xpath criteria: //android.widget.TextView[@text="User Management"]/parent::android.view.View</msg>
<arg>${loc}</arg>
<doc>Waits until element specified with `locator` is visible.</doc>
<status status="PASS" start="2024-10-11T16:25:08.007214" elapsed="0.208508"/>
</kw>
<kw name="Element Should Be Visible" owner="AppiumLibrary">
<msg time="2024-10-11T16:25:08.395230" level="INFO">xpath criteria: //android.widget.TextView[@text="User Management"]/parent::android.view.View</msg>
<arg>${loc}</arg>
<doc>Verifies that element identified with locator is visible.</doc>
<status status="PASS" start="2024-10-11T16:25:08.216721" elapsed="0.178509"/>
</kw>
<kw name="Click Element" owner="AppiumLibrary">
<msg time="2024-10-11T16:25:08.401254" level="INFO">Clicking element 'xpath=//android.widget.TextView[@text="User Management"]/parent::android.view.View'.</msg>
<msg time="2024-10-11T16:25:08.600805" level="INFO">xpath criteria: //android.widget.TextView[@text="User Management"]/parent::android.view.View</msg>
<arg>${loc}</arg>
<doc>Click element identified by `locator`.</doc>
<status status="PASS" start="2024-10-11T16:25:08.395230" elapsed="0.205575"/>
</kw>
<status status="PASS" start="2024-10-11T16:25:02.248089" elapsed="6.352716"/>
</kw>
<kw name="When Go to detail User Management" owner="userManagementPage">
<kw name="Get Detail Text User Management" owner="userManagementPage">
<kw name="Evaluate" owner="BuiltIn">
<msg time="2024-10-11T16:25:08.602798" level="INFO">${random} = 2</msg>
<var>${random}</var>
<arg>random.randint(1, 3)</arg>
<arg>modules=random</arg>
<doc>Evaluates the given expression in Python and returns the result.</doc>
<status status="PASS" start="2024-10-11T16:25:08.602798" elapsed="0.000000"/>
</kw>
<kw name="Set Global Variable" owner="BuiltIn">
<msg time="2024-10-11T16:25:08.604792" level="INFO">${indexUser} = 2</msg>
<arg>${indexUser}</arg>
<arg>${random}</arg>
<doc>Makes a variable available globally in all tests and suites.</doc>
<status status="PASS" start="2024-10-11T16:25:08.602798" elapsed="0.001994"/>
</kw>
<kw name="Log" owner="BuiltIn">
<msg time="2024-10-11T16:25:08.604792" level="INFO">Random : 2</msg>
<arg>Random : ${random}</arg>
<doc>Logs the given message with the given level.</doc>
<status status="PASS" start="2024-10-11T16:25:08.604792" elapsed="0.000000"/>
</kw>
<kw name="Get Length" owner="BuiltIn">
<msg time="2024-10-11T16:25:08.605790" level="INFO">Length is 103.</msg>
<msg time="2024-10-11T16:25:08.605790" level="INFO">${len} = 103</msg>
<var>${len}</var>
<arg>xpath=(//android.view.View[@content-desc="Image"])[${random}]/parent::android.view.View/android.widget.TextView</arg>
<doc>Returns and logs the length of the given item as an integer.</doc>
<status status="PASS" start="2024-10-11T16:25:08.605790" elapsed="0.000000"/>
</kw>
<for flavor="IN RANGE">
<iter>
<if>
<branch type="IF" condition="'${counter}' == '1'">
<kw name="get text detail on list user management" owner="userManagementPage">
<kw name="Run Keyword And Return Status" owner="BuiltIn">
<kw name="Wait Until Element Is Visible" owner="AppiumLibrary">
<msg time="2024-10-11T16:25:09.999738" level="INFO">xpath criteria: (//android.view.View[@content-desc="Image"])[2]/parent::android.view.View
xpath criteria: (//android.view.View[@content-desc="Image"])[2]/parent::android.view.View
xpath criteria: (//android.view.View[@content-desc="Image"])[2]/parent::android.view.View</msg>
<arg>xpath=(//android.view.View[@content-desc="Image"])[${random}]/parent::android.view.View</arg>
<doc>Waits until element specified with `locator` is visible.</doc>
<status status="PASS" start="2024-10-11T16:25:08.607784" elapsed="1.391954"/>
</kw>
<msg time="2024-10-11T16:25:10.000734" level="INFO">${res} = True</msg>
<var>${res}</var>
<arg>Wait Until Element Is Visible</arg>
<arg>xpath=(//android.view.View[@content-desc="Image"])[${random}]/parent::android.view.View</arg>
<doc>Runs the given keyword with given arguments and returns the status as a Boolean value.</doc>
<status status="PASS" start="2024-10-11T16:25:08.606787" elapsed="1.393947"/>
</kw>
<if>
<branch type="IF" condition="${res}">
<kw name="Get Text" owner="AppiumLibrary">
<msg time="2024-10-11T16:25:10.135435" level="INFO">Element 'xpath=(//android.view.View[@content-desc="Image"])[2]/parent::android.view.View/android.widget.TextView[1]' text is 'CaZz' </msg>
<msg time="2024-10-11T16:25:10.135435" level="INFO">xpath criteria: (//android.view.View[@content-desc="Image"])[2]/parent::android.view.View/android.widget.TextView[1]</msg>
<msg time="2024-10-11T16:25:10.135435" level="INFO">${name} = CaZz</msg>
<var>${name}</var>
<arg>xpath=(//android.view.View[@content-desc="Image"])[${random}]/parent::android.view.View/android.widget.TextView[${counter}]</arg>
<doc>Get element text (for hybrid and mobile browser use `xpath` locator, others might cause problem)</doc>
<status status="PASS" start="2024-10-11T16:25:10.000734" elapsed="0.134701"/>
</kw>
<kw name="Set Global Variable" owner="BuiltIn">
<msg time="2024-10-11T16:25:10.136431" level="INFO">${name} = CaZz</msg>
<arg>${name}</arg>
<arg>${name}</arg>
<doc>Makes a variable available globally in all tests and suites.</doc>
<status status="PASS" start="2024-10-11T16:25:10.135435" elapsed="0.000996"/>
</kw>
<status status="PASS" start="2024-10-11T16:25:10.000734" elapsed="0.135697"/>
</branch>
<branch type="ELSE">
<kw name="Log" owner="BuiltIn">
<arg>false</arg>
<doc>Logs the given message with the given level.</doc>
<status status="NOT RUN" start="2024-10-11T16:25:10.136431" elapsed="0.000000"/>
</kw>
<status status="NOT RUN" start="2024-10-11T16:25:10.136431" elapsed="0.000000"/>
</branch>
<status status="PASS" start="2024-10-11T16:25:10.000734" elapsed="0.135697"/>
</if>
<arg>${counter}</arg>
<arg>${random}</arg>
<status status="PASS" start="2024-10-11T16:25:08.606787" elapsed="1.529644"/>
</kw>
<kw name="Set Global Variable" owner="BuiltIn">
<msg time="2024-10-11T16:25:10.138427" level="INFO">${nameUserManagement} = CaZz</msg>
<arg>${nameUserManagement}</arg>
<arg>${name}</arg>
<doc>Makes a variable available globally in all tests and suites.</doc>
<status status="PASS" start="2024-10-11T16:25:10.136431" elapsed="0.001996"/>
</kw>
<kw name="Log To Console" owner="BuiltIn">
<arg>Nama User: ${nameUserManagement}</arg>
<doc>Logs the given message to the console.</doc>
<status status="PASS" start="2024-10-11T16:25:10.138427" elapsed="0.000961"/>
</kw>
<status status="PASS" start="2024-10-11T16:25:08.606787" elapsed="1.532601"/>
</branch>
<branch type="ELSE IF" condition="'${counter}' == '2'">
<kw name="get text detail on list user management" owner="userManagementPage">
<arg>${counter}</arg>
<arg>${random}</arg>
<status status="NOT RUN" start="2024-10-11T16:25:10.139388" elapsed="0.000000"/>
</kw>
<kw name="Set Global Variable" owner="BuiltIn">
<arg>${jabatan}</arg>
<arg>${name}</arg>
<doc>Makes a variable available globally in all tests and suites.</doc>
<status status="NOT RUN" start="2024-10-11T16:25:10.140389" elapsed="0.000000"/>
</kw>
<kw name="Log To Console" owner="BuiltIn">
<arg>Jabatan: ${jabatan}</arg>
<doc>Logs the given message to the console.</doc>
<status status="NOT RUN" start="2024-10-11T16:25:10.140389" elapsed="0.000000"/>
</kw>
<status status="NOT RUN" start="2024-10-11T16:25:10.139388" elapsed="0.001001"/>
</branch>
<branch type="ELSE IF" condition="'${counter}' == '3'">
<kw name="get text detail on list user management" owner="userManagementPage">
<arg>${counter}</arg>
<arg>${random}</arg>
<status status="NOT RUN" start="2024-10-11T16:25:10.140389" elapsed="0.000000"/>
</kw>
<status status="NOT RUN" start="2024-10-11T16:25:10.140389" elapsed="0.000000"/>
</branch>
<branch type="ELSE IF" condition="'${counter}' == '4'">
<kw name="get text detail on list user management" owner="userManagementPage">
<arg>${counter}</arg>
<arg>${random}</arg>
<status status="NOT RUN" start="2024-10-11T16:25:10.141386" elapsed="0.000000"/>
</kw>
<kw name="Set Global Variable" owner="BuiltIn">
<arg>${noTelp}</arg>
<arg>${name}</arg>
<doc>Makes a variable available globally in all tests and suites.</doc>
<status status="NOT RUN" start="2024-10-11T16:25:10.141386" elapsed="0.000000"/>
</kw>
<kw name="Log To Console" owner="BuiltIn">
<arg>No Telp: ${noTelp}</arg>
<doc>Logs the given message to the console.</doc>
<status status="NOT RUN" start="2024-10-11T16:25:10.141386" elapsed="0.000000"/>
</kw>
<kw name="Replace String" owner="String">
<var>${replaceNumb}</var>
<arg>${noTelp}</arg>
<arg>-</arg>
<arg>${EMPTY}</arg>
<doc>Replaces ``search_for`` in the given ``string`` with ``replace_with``.</doc>
<status status="NOT RUN" start="2024-10-11T16:25:10.141386" elapsed="0.000000"/>
</kw>
<kw name="Set Global Variable" owner="BuiltIn">
<arg>${replaceNumb}</arg>
<arg>${replaceNumb}</arg>
<doc>Makes a variable available globally in all tests and suites.</doc>
<status status="NOT RUN" start="2024-10-11T16:25:10.141386" elapsed="0.000997"/>
</kw>
<status status="NOT RUN" start="2024-10-11T16:25:10.141386" elapsed="0.000997"/>
</branch>
<branch type="ELSE IF" condition="'${counter}' == '5'">
<kw name="get text detail on list user management" owner="userManagementPage">
<arg>${counter}</arg>
<arg>${random}</arg>
<status status="NOT RUN" start="2024-10-11T16:25:10.142383" elapsed="0.000000"/>
</kw>
<status status="NOT RUN" start="2024-10-11T16:25:10.142383" elapsed="0.000000"/>
</branch>
<branch type="ELSE IF" condition="'${counter}' == '6'">
<kw name="get text detail on list user management" owner="userManagementPage">
<arg>${counter}</arg>
<arg>${random}</arg>
<status status="NOT RUN" start="2024-10-11T16:25:10.142383" elapsed="0.000000"/>
</kw>
<kw name="Set Global Variable" owner="BuiltIn">
<arg>${email}</arg>
<arg>${name}</arg>
<doc>Makes a variable available globally in all tests and suites.</doc>
<status status="NOT RUN" start="2024-10-11T16:25:10.143381" elapsed="0.000000"/>
</kw>
<kw name="Log To Console" owner="BuiltIn">
<arg>Email: ${email}</arg>
<doc>Logs the given message to the console.</doc>
<status status="NOT RUN" start="2024-10-11T16:25:10.143381" elapsed="0.000000"/>
</kw>
<status status="NOT RUN" start="2024-10-11T16:25:10.142383" elapsed="0.000998"/>
</branch>
<branch type="ELSE IF" condition="'${counter}' == '7'">
<kw name="get text detail on list user management" owner="userManagementPage">
<arg>${counter}</arg>
<arg>${random}</arg>
<status status="NOT RUN" start="2024-10-11T16:25:10.143381" elapsed="0.000000"/>
</kw>
<status status="NOT RUN" start="2024-10-11T16:25:10.143381" elapsed="0.000997"/>
</branch>
<branch type="ELSE IF" condition="'${counter}' == '8'">
<kw name="get text detail on list user management" owner="userManagementPage">
<arg>${counter}</arg>
<arg>${random}</arg>
<status status="NOT RUN" start="2024-10-11T16:25:10.144378" elapsed="0.000000"/>
</kw>
<kw name="Set Global Variable" owner="BuiltIn">
<arg>${projActive}</arg>
<arg>${name}</arg>
<doc>Makes a variable available globally in all tests and suites.</doc>
<status status="NOT RUN" start="2024-10-11T16:25:10.144378" elapsed="0.000000"/>
</kw>
<kw name="Log To Console" owner="BuiltIn">
<arg>Project Aktif: ${projActive}</arg>
<doc>Logs the given message to the console.</doc>
<status status="NOT RUN" start="2024-10-11T16:25:10.144378" elapsed="0.000000"/>
</kw>
<status status="NOT RUN" start="2024-10-11T16:25:10.144378" elapsed="0.000000"/>
</branch>
<branch type="ELSE">
<break>
<status status="NOT RUN" start="2024-10-11T16:25:10.144378" elapsed="0.000000"/>
</break>
<status status="NOT RUN" start="2024-10-11T16:25:10.144378" elapsed="0.000000"/>
</branch>
<status status="PASS" start="2024-10-11T16:25:08.606787" elapsed="1.537591"/>
</if>
<var name="${counter}">1</var>
<status status="PASS" start="2024-10-11T16:25:08.605790" elapsed="1.538588"/>
</iter>
<iter>
<if>
<branch type="IF" condition="'${counter}' == '1'">
<kw name="get text detail on list user management" owner="userManagementPage">
<arg>${counter}</arg>
<arg>${random}</arg>
<status status="NOT RUN" start="2024-10-11T16:25:10.147370" elapsed="0.000000"/>
</kw>
<kw name="Set Global Variable" owner="BuiltIn">
<arg>${nameUserManagement}</arg>
<arg>${name}</arg>
<doc>Makes a variable available globally in all tests and suites.</doc>
<status status="NOT RUN" start="2024-10-11T16:25:10.147370" elapsed="0.000000"/>
</kw>
<kw name="Log To Console" owner="BuiltIn">
<arg>Nama User: ${nameUserManagement}</arg>
<doc>Logs the given message to the console.</doc>
<status status="NOT RUN" start="2024-10-11T16:25:10.147370" elapsed="0.000000"/>
</kw>
<status status="NOT RUN" start="2024-10-11T16:25:10.145375" elapsed="0.001995"/>
</branch>
<branch type="ELSE IF" condition="'${counter}' == '2'">
<kw name="get text detail on list user management" owner="userManagementPage">
<kw name="Run Keyword And Return Status" owner="BuiltIn">
<kw name="Wait Until Element Is Visible" owner="AppiumLibrary">
<msg time="2024-10-11T16:25:10.276972" level="INFO">xpath criteria: (//android.view.View[@content-desc="Image"])[2]/parent::android.view.View</msg>
<arg>xpath=(//android.view.View[@content-desc="Image"])[${random}]/parent::android.view.View</arg>
<doc>Waits until element specified with `locator` is visible.</doc>
<status status="PASS" start="2024-10-11T16:25:10.148368" elapsed="0.128604"/>
</kw>
<msg time="2024-10-11T16:25:10.277970" level="INFO">${res} = True</msg>
<var>${res}</var>
<arg>Wait Until Element Is Visible</arg>
<arg>xpath=(//android.view.View[@content-desc="Image"])[${random}]/parent::android.view.View</arg>
<doc>Runs the given keyword with given arguments and returns the status as a Boolean value.</doc>
<status status="PASS" start="2024-10-11T16:25:10.148368" elapsed="0.129602"/>
</kw>
<if>
<branch type="IF" condition="${res}">
<kw name="Get Text" owner="AppiumLibrary">
<msg time="2024-10-11T16:25:10.440087" level="INFO">Element 'xpath=(//android.view.View[@content-desc="Image"])[2]/parent::android.view.View/android.widget.TextView[2]' text is 'a' </msg>
<msg time="2024-10-11T16:25:10.440087" level="INFO">xpath criteria: (//android.view.View[@content-desc="Image"])[2]/parent::android.view.View/android.widget.TextView[2]</msg>
<msg time="2024-10-11T16:25:10.440087" level="INFO">${name} = a</msg>
<var>${name}</var>
<arg>xpath=(//android.view.View[@content-desc="Image"])[${random}]/parent::android.view.View/android.widget.TextView[${counter}]</arg>
<doc>Get element text (for hybrid and mobile browser use `xpath` locator, others might cause problem)</doc>
<status status="PASS" start="2024-10-11T16:25:10.277970" elapsed="0.162117"/>
</kw>
<kw name="Set Global Variable" owner="BuiltIn">
<msg time="2024-10-11T16:25:10.441072" level="INFO">${name} = a</msg>
<arg>${name}</arg>
<arg>${name}</arg>
<doc>Makes a variable available globally in all tests and suites.</doc>
<status status="PASS" start="2024-10-11T16:25:10.441072" elapsed="0.000000"/>
</kw>
<status status="PASS" start="2024-10-11T16:25:10.277970" elapsed="0.163102"/>
</branch>
<branch type="ELSE">
<kw name="Log" owner="BuiltIn">
<arg>false</arg>
<doc>Logs the given message with the given level.</doc>
<status status="NOT RUN" start="2024-10-11T16:25:10.442047" elapsed="0.000000"/>
</kw>
<status status="NOT RUN" start="2024-10-11T16:25:10.441072" elapsed="0.000975"/>
</branch>
<status status="PASS" start="2024-10-11T16:25:10.277970" elapsed="0.164077"/>
</if>
<arg>${counter}</arg>
<arg>${random}</arg>
<status status="PASS" start="2024-10-11T16:25:10.148368" elapsed="0.293679"/>
</kw>
<kw name="Set Global Variable" owner="BuiltIn">
<msg time="2024-10-11T16:25:10.444044" level="INFO">${jabatan} = a</msg>
<arg>${jabatan}</arg>
<arg>${name}</arg>
<doc>Makes a variable available globally in all tests and suites.</doc>
<status status="PASS" start="2024-10-11T16:25:10.442047" elapsed="0.001997"/>
</kw>
<kw name="Log To Console" owner="BuiltIn">
<arg>Jabatan: ${jabatan}</arg>
<doc>Logs the given message to the console.</doc>
<status status="PASS" start="2024-10-11T16:25:10.444044" elapsed="0.001032"/>
</kw>
<status status="PASS" start="2024-10-11T16:25:10.147370" elapsed="0.297706"/>
</branch>
<branch type="ELSE IF" condition="'${counter}' == '3'">
<kw name="get text detail on list user management" owner="userManagementPage">
<arg>${counter}</arg>
<arg>${random}</arg>
<status status="NOT RUN" start="2024-10-11T16:25:10.446037" elapsed="0.000000"/>
</kw>
<status status="NOT RUN" start="2024-10-11T16:25:10.445076" elapsed="0.000961"/>
</branch>
<branch type="ELSE IF" condition="'${counter}' == '4'">
<kw name="get text detail on list user management" owner="userManagementPage">
<arg>${counter}</arg>
<arg>${random}</arg>
<status status="NOT RUN" start="2024-10-11T16:25:10.446037" elapsed="0.000000"/>
</kw>
<kw name="Set Global Variable" owner="BuiltIn">
<arg>${noTelp}</arg>
<arg>${name}</arg>
<doc>Makes a variable available globally in all tests and suites.</doc>
<status status="NOT RUN" start="2024-10-11T16:25:10.446037" elapsed="0.000000"/>
</kw>
<kw name="Log To Console" owner="BuiltIn">
<arg>No Telp: ${noTelp}</arg>
<doc>Logs the given message to the console.</doc>
<status status="NOT RUN" start="2024-10-11T16:25:10.447072" elapsed="0.000000"/>
</kw>
<kw name="Replace String" owner="String">
<var>${replaceNumb}</var>
<arg>${noTelp}</arg>
<arg>-</arg>
<arg>${EMPTY}</arg>
<doc>Replaces ``search_for`` in the given ``string`` with ``replace_with``.</doc>
<status status="NOT RUN" start="2024-10-11T16:25:10.447072" elapsed="0.000000"/>
</kw>
<kw name="Set Global Variable" owner="BuiltIn">
<arg>${replaceNumb}</arg>
<arg>${replaceNumb}</arg>
<doc>Makes a variable available globally in all tests and suites.</doc>
<status status="NOT RUN" start="2024-10-11T16:25:10.447072" elapsed="0.000000"/>
</kw>
<status status="NOT RUN" start="2024-10-11T16:25:10.446037" elapsed="0.001035"/>
</branch>
<branch type="ELSE IF" condition="'${counter}' == '5'">
<kw name="get text detail on list user management" owner="userManagementPage">
<arg>${counter}</arg>
<arg>${random}</arg>
<status status="NOT RUN" start="2024-10-11T16:25:10.447072" elapsed="0.000000"/>
</kw>
<status status="NOT RUN" start="2024-10-11T16:25:10.447072" elapsed="0.000000"/>
</branch>
<branch type="ELSE IF" condition="'${counter}' == '6'">
<kw name="get text detail on list user management" owner="userManagementPage">
<arg>${counter}</arg>
<arg>${random}</arg>
<status status="NOT RUN" start="2024-10-11T16:25:10.448069" elapsed="0.000000"/>
</kw>
<kw name="Set Global Variable" owner="BuiltIn">
<arg>${email}</arg>
<arg>${name}</arg>
<doc>Makes a variable available globally in all tests and suites.</doc>
<status status="NOT RUN" start="2024-10-11T16:25:10.448069" elapsed="0.000000"/>
</kw>
<kw name="Log To Console" owner="BuiltIn">
<arg>Email: ${email}</arg>
<doc>Logs the given message to the console.</doc>
<status status="NOT RUN" start="2024-10-11T16:25:10.448069" elapsed="0.000000"/>
</kw>
<status status="NOT RUN" start="2024-10-11T16:25:10.447072" elapsed="0.000997"/>
</branch>
<branch type="ELSE IF" condition="'${counter}' == '7'">
<kw name="get text detail on list user management" owner="userManagementPage">
<arg>${counter}</arg>
<arg>${random}</arg>
<status status="NOT RUN" start="2024-10-11T16:25:10.448069" elapsed="0.000000"/>
</kw>
<status status="NOT RUN" start="2024-10-11T16:25:10.448069" elapsed="0.000000"/>
</branch>
<branch type="ELSE IF" condition="'${counter}' == '8'">
<kw name="get text detail on list user management" owner="userManagementPage">
<arg>${counter}</arg>
<arg>${random}</arg>
<status status="NOT RUN" start="2024-10-11T16:25:10.449066" elapsed="0.000000"/>
</kw>
<kw name="Set Global Variable" owner="BuiltIn">
<arg>${projActive}</arg>
<arg>${name}</arg>
<doc>Makes a variable available globally in all tests and suites.</doc>
<status status="NOT RUN" start="2024-10-11T16:25:10.449066" elapsed="0.000000"/>
</kw>
<kw name="Log To Console" owner="BuiltIn">
<arg>Project Aktif: ${projActive}</arg>
<doc>Logs the given message to the console.</doc>
<status status="NOT RUN" start="2024-10-11T16:25:10.449066" elapsed="0.000000"/>
</kw>
<status status="NOT RUN" start="2024-10-11T16:25:10.448069" elapsed="0.000997"/>
</branch>
<branch type="ELSE">
<break>
<status status="NOT RUN" start="2024-10-11T16:25:10.449066" elapsed="0.000000"/>
</break>
<status status="NOT RUN" start="2024-10-11T16:25:10.449066" elapsed="0.000000"/>
</branch>
<status status="PASS" start="2024-10-11T16:25:10.145375" elapsed="0.303691"/>
</if>
<var name="${counter}">2</var>
<status status="PASS" start="2024-10-11T16:25:10.145375" elapsed="0.303691"/>
</iter>
<iter>
<if>
<branch type="IF" condition="'${counter}' == '1'">
<kw name="get text detail on list user management" owner="userManagementPage">
<arg>${counter}</arg>
<arg>${random}</arg>
<status status="NOT RUN" start="2024-10-11T16:25:10.450064" elapsed="0.000000"/>
</kw>
<kw name="Set Global Variable" owner="BuiltIn">
<arg>${nameUserManagement}</arg>
<arg>${name}</arg>
<doc>Makes a variable available globally in all tests and suites.</doc>
<status status="NOT RUN" start="2024-10-11T16:25:10.450064" elapsed="0.000000"/>
</kw>
<kw name="Log To Console" owner="BuiltIn">
<arg>Nama User: ${nameUserManagement}</arg>
<doc>Logs the given message to the console.</doc>
<status status="NOT RUN" start="2024-10-11T16:25:10.450064" elapsed="0.000000"/>
</kw>
<status status="NOT RUN" start="2024-10-11T16:25:10.450064" elapsed="0.000000"/>
</branch>
<branch type="ELSE IF" condition="'${counter}' == '2'">
<kw name="get text detail on list user management" owner="userManagementPage">
<arg>${counter}</arg>
<arg>${random}</arg>
<status status="NOT RUN" start="2024-10-11T16:25:10.451061" elapsed="0.000000"/>
</kw>
<kw name="Set Global Variable" owner="BuiltIn">
<arg>${jabatan}</arg>
<arg>${name}</arg>
<doc>Makes a variable available globally in all tests and suites.</doc>
<status status="NOT RUN" start="2024-10-11T16:25:10.451061" elapsed="0.000000"/>
</kw>
<kw name="Log To Console" owner="BuiltIn">
<arg>Jabatan: ${jabatan}</arg>
<doc>Logs the given message to the console.</doc>
<status status="NOT RUN" start="2024-10-11T16:25:10.451061" elapsed="0.000000"/>
</kw>
<status status="NOT RUN" start="2024-10-11T16:25:10.450064" elapsed="0.000997"/>
</branch>
<branch type="ELSE IF" condition="'${counter}' == '3'">
<kw name="get text detail on list user management" owner="userManagementPage">
<kw name="Run Keyword And Return Status" owner="BuiltIn">
<kw name="Wait Until Element Is Visible" owner="AppiumLibrary">
<msg time="2024-10-11T16:25:10.624508" level="INFO">xpath criteria: (//android.view.View[@content-desc="Image"])[2]/parent::android.view.View</msg>
<arg>xpath=(//android.view.View[@content-desc="Image"])[${random}]/parent::android.view.View</arg>
<doc>Waits until element specified with `locator` is visible.</doc>
<status status="PASS" start="2024-10-11T16:25:10.452058" elapsed="0.172450"/>
</kw>
<msg time="2024-10-11T16:25:10.624508" level="INFO">${res} = True</msg>
<var>${res}</var>
<arg>Wait Until Element Is Visible</arg>
<arg>xpath=(//android.view.View[@content-desc="Image"])[${random}]/parent::android.view.View</arg>
<doc>Runs the given keyword with given arguments and returns the status as a Boolean value.</doc>
<status status="PASS" start="2024-10-11T16:25:10.452058" elapsed="0.172450"/>
</kw>
<if>
<branch type="IF" condition="${res}">
<kw name="Get Text" owner="AppiumLibrary">
<msg time="2024-10-11T16:25:10.802498" level="INFO">Element 'xpath=(//android.view.View[@content-desc="Image"])[2]/parent::android.view.View/android.widget.TextView[3]' text is 'Nomor handphone' </msg>
<msg time="2024-10-11T16:25:10.803496" level="INFO">xpath criteria: (//android.view.View[@content-desc="Image"])[2]/parent::android.view.View/android.widget.TextView[3]</msg>
<msg time="2024-10-11T16:25:10.803496" level="INFO">${name} = Nomor handphone</msg>
<var>${name}</var>
<arg>xpath=(//android.view.View[@content-desc="Image"])[${random}]/parent::android.view.View/android.widget.TextView[${counter}]</arg>
<doc>Get element text (for hybrid and mobile browser use `xpath` locator, others might cause problem)</doc>
<status status="PASS" start="2024-10-11T16:25:10.625506" elapsed="0.177990"/>
</kw>
<kw name="Set Global Variable" owner="BuiltIn">
<msg time="2024-10-11T16:25:10.804492" level="INFO">${name} = Nomor handphone</msg>
<arg>${name}</arg>
<arg>${name}</arg>
<doc>Makes a variable available globally in all tests and suites.</doc>
<status status="PASS" start="2024-10-11T16:25:10.803496" elapsed="0.000996"/>
</kw>
<status status="PASS" start="2024-10-11T16:25:10.625506" elapsed="0.178986"/>
</branch>
<branch type="ELSE">
<kw name="Log" owner="BuiltIn">
<arg>false</arg>
<doc>Logs the given message with the given level.</doc>
<status status="NOT RUN" start="2024-10-11T16:25:10.804492" elapsed="0.000000"/>
</kw>
<status status="NOT RUN" start="2024-10-11T16:25:10.804492" elapsed="0.000000"/>
</branch>
<status status="PASS" start="2024-10-11T16:25:10.625506" elapsed="0.178986"/>
</if>
<arg>${counter}</arg>
<arg>${random}</arg>
<status status="PASS" start="2024-10-11T16:25:10.452058" elapsed="0.352434"/>
</kw>
<status status="PASS" start="2024-10-11T16:25:10.451061" elapsed="0.353431"/>
</branch>
<branch type="ELSE IF" condition="'${counter}' == '4'">
<kw name="get text detail on list user management" owner="userManagementPage">
<arg>${counter}</arg>
<arg>${random}</arg>
<status status="NOT RUN" start="2024-10-11T16:25:10.805491" elapsed="0.000000"/>
</kw>
<kw name="Set Global Variable" owner="BuiltIn">
<arg>${noTelp}</arg>
<arg>${name}</arg>
<doc>Makes a variable available globally in all tests and suites.</doc>
<status status="NOT RUN" start="2024-10-11T16:25:10.805491" elapsed="0.000000"/>
</kw>
<kw name="Log To Console" owner="BuiltIn">
<arg>No Telp: ${noTelp}</arg>
<doc>Logs the given message to the console.</doc>
<status status="NOT RUN" start="2024-10-11T16:25:10.806488" elapsed="0.000000"/>
</kw>
<kw name="Replace String" owner="String">
<var>${replaceNumb}</var>
<arg>${noTelp}</arg>
<arg>-</arg>
<arg>${EMPTY}</arg>
<doc>Replaces ``search_for`` in the given ``string`` with ``replace_with``.</doc>
<status status="NOT RUN" start="2024-10-11T16:25:10.806488" elapsed="0.000000"/>
</kw>
<kw name="Set Global Variable" owner="BuiltIn">
<arg>${replaceNumb}</arg>
<arg>${replaceNumb}</arg>
<doc>Makes a variable available globally in all tests and suites.</doc>
<status status="NOT RUN" start="2024-10-11T16:25:10.806488" elapsed="0.000000"/>
</kw>
<status status="NOT RUN" start="2024-10-11T16:25:10.804492" elapsed="0.001996"/>
</branch>
<branch type="ELSE IF" condition="'${counter}' == '5'">
<kw name="get text detail on list user management" owner="userManagementPage">
<arg>${counter}</arg>
<arg>${random}</arg>
<status status="NOT RUN" start="2024-10-11T16:25:10.807483" elapsed="0.000000"/>
</kw>
<status status="NOT RUN" start="2024-10-11T16:25:10.806488" elapsed="0.000995"/>
</branch>
<branch type="ELSE IF" condition="'${counter}' == '6'">
<kw name="get text detail on list user management" owner="userManagementPage">
<arg>${counter}</arg>
<arg>${random}</arg>
<status status="NOT RUN" start="2024-10-11T16:25:10.807483" elapsed="0.000000"/>
</kw>
<kw name="Set Global Variable" owner="BuiltIn">
<arg>${email}</arg>
<arg>${name}</arg>
<doc>Makes a variable available globally in all tests and suites.</doc>
<status status="NOT RUN" start="2024-10-11T16:25:10.807483" elapsed="0.000000"/>
</kw>
<kw name="Log To Console" owner="BuiltIn">
<arg>Email: ${email}</arg>
<doc>Logs the given message to the console.</doc>
<status status="NOT RUN" start="2024-10-11T16:25:10.808480" elapsed="0.000000"/>
</kw>
<status status="NOT RUN" start="2024-10-11T16:25:10.807483" elapsed="0.000997"/>
</branch>
<branch type="ELSE IF" condition="'${counter}' == '7'">
<kw name="get text detail on list user management" owner="userManagementPage">
<arg>${counter}</arg>
<arg>${random}</arg>
<status status="NOT RUN" start="2024-10-11T16:25:10.808480" elapsed="0.000000"/>
</kw>
<status status="NOT RUN" start="2024-10-11T16:25:10.808480" elapsed="0.000000"/>
</branch>
<branch type="ELSE IF" condition="'${counter}' == '8'">
<kw name="get text detail on list user management" owner="userManagementPage">
<arg>${counter}</arg>
<arg>${random}</arg>
<status status="NOT RUN" start="2024-10-11T16:25:10.809480" elapsed="0.000000"/>
</kw>
<kw name="Set Global Variable" owner="BuiltIn">
<arg>${projActive}</arg>
<arg>${name}</arg>
<doc>Makes a variable available globally in all tests and suites.</doc>
<status status="NOT RUN" start="2024-10-11T16:25:10.809480" elapsed="0.000000"/>
</kw>
<kw name="Log To Console" owner="BuiltIn">
<arg>Project Aktif: ${projActive}</arg>
<doc>Logs the given message to the console.</doc>
<status status="NOT RUN" start="2024-10-11T16:25:10.809480" elapsed="0.000000"/>
</kw>
<status status="NOT RUN" start="2024-10-11T16:25:10.808480" elapsed="0.001000"/>
</branch>
<branch type="ELSE">
<break>
<status status="NOT RUN" start="2024-10-11T16:25:10.809480" elapsed="0.000000"/>
</break>
<status status="NOT RUN" start="2024-10-11T16:25:10.809480" elapsed="0.000000"/>
</branch>
<status status="PASS" start="2024-10-11T16:25:10.450064" elapsed="0.359416"/>
</if>
<var name="${counter}">3</var>
<status status="PASS" start="2024-10-11T16:25:10.450064" elapsed="0.359416"/>
</iter>
<iter>
<if>
<branch type="IF" condition="'${counter}' == '1'">
<kw name="get text detail on list user management" owner="userManagementPage">
<arg>${counter}</arg>
<arg>${random}</arg>
<status status="NOT RUN" start="2024-10-11T16:25:10.811474" elapsed="0.000000"/>
</kw>
<kw name="Set Global Variable" owner="BuiltIn">
<arg>${nameUserManagement}</arg>
<arg>${name}</arg>
<doc>Makes a variable available globally in all tests and suites.</doc>
<status status="NOT RUN" start="2024-10-11T16:25:10.811474" elapsed="0.000000"/>
</kw>
<kw name="Log To Console" owner="BuiltIn">
<arg>Nama User: ${nameUserManagement}</arg>
<doc>Logs the given message to the console.</doc>
<status status="NOT RUN" start="2024-10-11T16:25:10.811474" elapsed="0.000000"/>
</kw>
<status status="NOT RUN" start="2024-10-11T16:25:10.810477" elapsed="0.000997"/>
</branch>
<branch type="ELSE IF" condition="'${counter}' == '2'">
<kw name="get text detail on list user management" owner="userManagementPage">
<arg>${counter}</arg>
<arg>${random}</arg>
<status status="NOT RUN" start="2024-10-11T16:25:10.812469" elapsed="0.000000"/>
</kw>
<kw name="Set Global Variable" owner="BuiltIn">
<arg>${jabatan}</arg>
<arg>${name}</arg>
<doc>Makes a variable available globally in all tests and suites.</doc>
<status status="NOT RUN" start="2024-10-11T16:25:10.812469" elapsed="0.000000"/>
</kw>
<kw name="Log To Console" owner="BuiltIn">
<arg>Jabatan: ${jabatan}</arg>
<doc>Logs the given message to the console.</doc>
<status status="NOT RUN" start="2024-10-11T16:25:10.812469" elapsed="0.000000"/>
</kw>
<status status="NOT RUN" start="2024-10-11T16:25:10.811474" elapsed="0.000995"/>
</branch>
<branch type="ELSE IF" condition="'${counter}' == '3'">
<kw name="get text detail on list user management" owner="userManagementPage">
<arg>${counter}</arg>
<arg>${random}</arg>
<status status="NOT RUN" start="2024-10-11T16:25:10.813466" elapsed="0.000000"/>
</kw>
<status status="NOT RUN" start="2024-10-11T16:25:10.812469" elapsed="0.000997"/>
</branch>
<branch type="ELSE IF" condition="'${counter}' == '4'">
<kw name="get text detail on list user management" owner="userManagementPage">
<kw name="Run Keyword And Return Status" owner="BuiltIn">
<kw name="Wait Until Element Is Visible" owner="AppiumLibrary">
<msg time="2024-10-11T16:25:10.942842" level="INFO">xpath criteria: (//android.view.View[@content-desc="Image"])[2]/parent::android.view.View</msg>
<arg>xpath=(//android.view.View[@content-desc="Image"])[${random}]/parent::android.view.View</arg>
<doc>Waits until element specified with `locator` is visible.</doc>
<status status="PASS" start="2024-10-11T16:25:10.815462" elapsed="0.128339"/>
</kw>
<msg time="2024-10-11T16:25:10.943801" level="INFO">${res} = True</msg>
<var>${res}</var>
<arg>Wait Until Element Is Visible</arg>
<arg>xpath=(//android.view.View[@content-desc="Image"])[${random}]/parent::android.view.View</arg>
<doc>Runs the given keyword with given arguments and returns the status as a Boolean value.</doc>
<status status="PASS" start="2024-10-11T16:25:10.815462" elapsed="0.128339"/>
</kw>
<if>
<branch type="IF" condition="${res}">
<kw name="Get Text" owner="AppiumLibrary">
<msg time="2024-10-11T16:25:11.546640" level="INFO">Element 'xpath=(//android.view.View[@content-desc="Image"])[2]/parent::android.view.View/android.widget.TextView[4]' text is '0800-0000-001' </msg>
<msg time="2024-10-11T16:25:11.546640" level="INFO">xpath criteria: (//android.view.View[@content-desc="Image"])[2]/parent::android.view.View/android.widget.TextView[4]</msg>
<msg time="2024-10-11T16:25:11.546640" level="INFO">${name} = 0800-0000-001</msg>
<var>${name}</var>
<arg>xpath=(//android.view.View[@content-desc="Image"])[${random}]/parent::android.view.View/android.widget.TextView[${counter}]</arg>
<doc>Get element text (for hybrid and mobile browser use `xpath` locator, others might cause problem)</doc>
<status status="PASS" start="2024-10-11T16:25:10.943801" elapsed="0.602839"/>
</kw>
<kw name="Set Global Variable" owner="BuiltIn">
<msg time="2024-10-11T16:25:11.547638" level="INFO">${name} = 0800-0000-001</msg>
<arg>${name}</arg>
<arg>${name}</arg>
<doc>Makes a variable available globally in all tests and suites.</doc>
<status status="PASS" start="2024-10-11T16:25:11.546640" elapsed="0.000998"/>
</kw>
<status status="PASS" start="2024-10-11T16:25:10.943801" elapsed="0.603837"/>
</branch>
<branch type="ELSE">
<kw name="Log" owner="BuiltIn">
<arg>false</arg>
<doc>Logs the given message with the given level.</doc>
<status status="NOT RUN" start="2024-10-11T16:25:11.547638" elapsed="0.000000"/>
</kw>
<status status="NOT RUN" start="2024-10-11T16:25:11.547638" elapsed="0.000000"/>
</branch>
<status status="PASS" start="2024-10-11T16:25:10.943801" elapsed="0.603837"/>
</if>
<arg>${counter}</arg>
<arg>${random}</arg>
<status status="PASS" start="2024-10-11T16:25:10.814467" elapsed="0.733171"/>
</kw>
<kw name="Set Global Variable" owner="BuiltIn">
<msg time="2024-10-11T16:25:11.549632" level="INFO">${noTelp} = 0800-0000-001</msg>
<arg>${noTelp}</arg>
<arg>${name}</arg>
<doc>Makes a variable available globally in all tests and suites.</doc>
<status status="PASS" start="2024-10-11T16:25:11.548635" elapsed="0.000997"/>
</kw>
<kw name="Log To Console" owner="BuiltIn">
<arg>No Telp: ${noTelp}</arg>
<doc>Logs the given message to the console.</doc>
<status status="PASS" start="2024-10-11T16:25:11.549632" elapsed="0.001189"/>
</kw>
<kw name="Replace String" owner="String">
<msg time="2024-10-11T16:25:11.551825" level="INFO">${replaceNumb} = 08000000001</msg>
<var>${replaceNumb}</var>
<arg>${noTelp}</arg>
<arg>-</arg>
<arg>${EMPTY}</arg>
<doc>Replaces ``search_for`` in the given ``string`` with ``replace_with``.</doc>
<status status="PASS" start="2024-10-11T16:25:11.550821" elapsed="0.002036"/>
</kw>
<kw name="Set Global Variable" owner="BuiltIn">
<msg time="2024-10-11T16:25:11.552857" level="INFO">${replaceNumb} = 08000000001</msg>
<arg>${replaceNumb}</arg>
<arg>${replaceNumb}</arg>
<doc>Makes a variable available globally in all tests and suites.</doc>
<status status="PASS" start="2024-10-11T16:25:11.552857" elapsed="0.000000"/>
</kw>
<status status="PASS" start="2024-10-11T16:25:10.813466" elapsed="0.739391"/>
</branch>
<branch type="ELSE IF" condition="'${counter}' == '5'">
<kw name="get text detail on list user management" owner="userManagementPage">
<arg>${counter}</arg>
<arg>${random}</arg>
<status status="NOT RUN" start="2024-10-11T16:25:11.552857" elapsed="0.000997"/>
</kw>
<status status="NOT RUN" start="2024-10-11T16:25:11.552857" elapsed="0.000997"/>
</branch>
<branch type="ELSE IF" condition="'${counter}' == '6'">
<kw name="get text detail on list user management" owner="userManagementPage">
<arg>${counter}</arg>
<arg>${random}</arg>
<status status="NOT RUN" start="2024-10-11T16:25:11.553854" elapsed="0.000000"/>
</kw>
<kw name="Set Global Variable" owner="BuiltIn">
<arg>${email}</arg>
<arg>${name}</arg>
<doc>Makes a variable available globally in all tests and suites.</doc>
<status status="NOT RUN" start="2024-10-11T16:25:11.553854" elapsed="0.000000"/>
</kw>
<kw name="Log To Console" owner="BuiltIn">
<arg>Email: ${email}</arg>
<doc>Logs the given message to the console.</doc>
<status status="NOT RUN" start="2024-10-11T16:25:11.553854" elapsed="0.000000"/>
</kw>
<status status="NOT RUN" start="2024-10-11T16:25:11.553854" elapsed="0.000000"/>
</branch>
<branch type="ELSE IF" condition="'${counter}' == '7'">
<kw name="get text detail on list user management" owner="userManagementPage">
<arg>${counter}</arg>
<arg>${random}</arg>
<status status="NOT RUN" start="2024-10-11T16:25:11.554848" elapsed="0.000000"/>
</kw>
<status status="NOT RUN" start="2024-10-11T16:25:11.553854" elapsed="0.000994"/>
</branch>
<branch type="ELSE IF" condition="'${counter}' == '8'">
<kw name="get text detail on list user management" owner="userManagementPage">
<arg>${counter}</arg>
<arg>${random}</arg>
<status status="NOT RUN" start="2024-10-11T16:25:11.554848" elapsed="0.000000"/>
</kw>
<kw name="Set Global Variable" owner="BuiltIn">
<arg>${projActive}</arg>
<arg>${name}</arg>
<doc>Makes a variable available globally in all tests and suites.</doc>
<status status="NOT RUN" start="2024-10-11T16:25:11.555848" elapsed="0.000000"/>
</kw>
<kw name="Log To Console" owner="BuiltIn">
<arg>Project Aktif: ${projActive}</arg>
<doc>Logs the given message to the console.</doc>
<status status="NOT RUN" start="2024-10-11T16:25:11.555848" elapsed="0.000000"/>
</kw>
<status status="NOT RUN" start="2024-10-11T16:25:11.554848" elapsed="0.001000"/>
</branch>
<branch type="ELSE">
<break>
<status status="NOT RUN" start="2024-10-11T16:25:11.555848" elapsed="0.000000"/>
</break>
<status status="NOT RUN" start="2024-10-11T16:25:11.555848" elapsed="0.000000"/>
</branch>
<status status="PASS" start="2024-10-11T16:25:10.810477" elapsed="0.745371"/>
</if>
<var name="${counter}">4</var>
<status status="PASS" start="2024-10-11T16:25:10.810477" elapsed="0.745371"/>
</iter>
<iter>
<if>
<branch type="IF" condition="'${counter}' == '1'">
<kw name="get text detail on list user management" owner="userManagementPage">
<arg>${counter}</arg>
<arg>${random}</arg>
<status status="NOT RUN" start="2024-10-11T16:25:11.556845" elapsed="0.000000"/>
</kw>
<kw name="Set Global Variable" owner="BuiltIn">
<arg>${nameUserManagement}</arg>
<arg>${name}</arg>
<doc>Makes a variable available globally in all tests and suites.</doc>
<status status="NOT RUN" start="2024-10-11T16:25:11.556845" elapsed="0.000000"/>
</kw>
<kw name="Log To Console" owner="BuiltIn">
<arg>Nama User: ${nameUserManagement}</arg>
<doc>Logs the given message to the console.</doc>
<status status="NOT RUN" start="2024-10-11T16:25:11.556845" elapsed="0.000000"/>
</kw>
<status status="NOT RUN" start="2024-10-11T16:25:11.555848" elapsed="0.000997"/>
</branch>
<branch type="ELSE IF" condition="'${counter}' == '2'">
<kw name="get text detail on list user management" owner="userManagementPage">
<arg>${counter}</arg>
<arg>${random}</arg>
<status status="NOT RUN" start="2024-10-11T16:25:11.557808" elapsed="0.000000"/>
</kw>
<kw name="Set Global Variable" owner="BuiltIn">
<arg>${jabatan}</arg>
<arg>${name}</arg>
<doc>Makes a variable available globally in all tests and suites.</doc>
<status status="NOT RUN" start="2024-10-11T16:25:11.557808" elapsed="0.000000"/>
</kw>
<kw name="Log To Console" owner="BuiltIn">
<arg>Jabatan: ${jabatan}</arg>
<doc>Logs the given message to the console.</doc>
<status status="NOT RUN" start="2024-10-11T16:25:11.557808" elapsed="0.000997"/>
</kw>
<status status="NOT RUN" start="2024-10-11T16:25:11.556845" elapsed="0.001960"/>
</branch>
<branch type="ELSE IF" condition="'${counter}' == '3'">
<kw name="get text detail on list user management" owner="userManagementPage">
<arg>${counter}</arg>
<arg>${random}</arg>
<status status="NOT RUN" start="2024-10-11T16:25:11.558805" elapsed="0.000000"/>
</kw>
<status status="NOT RUN" start="2024-10-11T16:25:11.558805" elapsed="0.000000"/>
</branch>
<branch type="ELSE IF" condition="'${counter}' == '4'">
<kw name="get text detail on list user management" owner="userManagementPage">
<arg>${counter}</arg>
<arg>${random}</arg>
<status status="NOT RUN" start="2024-10-11T16:25:11.559801" elapsed="0.000000"/>
</kw>
<kw name="Set Global Variable" owner="BuiltIn">
<arg>${noTelp}</arg>
<arg>${name}</arg>
<doc>Makes a variable available globally in all tests and suites.</doc>
<status status="NOT RUN" start="2024-10-11T16:25:11.559801" elapsed="0.000000"/>
</kw>
<kw name="Log To Console" owner="BuiltIn">
<arg>No Telp: ${noTelp}</arg>
<doc>Logs the given message to the console.</doc>
<status status="NOT RUN" start="2024-10-11T16:25:11.559801" elapsed="0.001001"/>
</kw>
<kw name="Replace String" owner="String">
<var>${replaceNumb}</var>
<arg>${noTelp}</arg>
<arg>-</arg>
<arg>${EMPTY}</arg>
<doc>Replaces ``search_for`` in the given ``string`` with ``replace_with``.</doc>
<status status="NOT RUN" start="2024-10-11T16:25:11.560802" elapsed="0.000000"/>
</kw>
<kw name="Set Global Variable" owner="BuiltIn">
<arg>${replaceNumb}</arg>
<arg>${replaceNumb}</arg>
<doc>Makes a variable available globally in all tests and suites.</doc>
<status status="NOT RUN" start="2024-10-11T16:25:11.560802" elapsed="0.000000"/>
</kw>
<status status="NOT RUN" start="2024-10-11T16:25:11.558805" elapsed="0.001997"/>
</branch>
<branch type="ELSE IF" condition="'${counter}' == '5'">
<kw name="get text detail on list user management" owner="userManagementPage">
<kw name="Run Keyword And Return Status" owner="BuiltIn">
<kw name="Wait Until Element Is Visible" owner="AppiumLibrary">
<msg time="2024-10-11T16:25:11.723244" level="INFO">xpath criteria: (//android.view.View[@content-desc="Image"])[2]/parent::android.view.View</msg>
<arg>xpath=(//android.view.View[@content-desc="Image"])[${random}]/parent::android.view.View</arg>
<doc>Waits until element specified with `locator` is visible.</doc>
<status status="PASS" start="2024-10-11T16:25:11.562828" elapsed="0.160416"/>
</kw>
<msg time="2024-10-11T16:25:11.723244" level="INFO">${res} = True</msg>
<var>${res}</var>
<arg>Wait Until Element Is Visible</arg>
<arg>xpath=(//android.view.View[@content-desc="Image"])[${random}]/parent::android.view.View</arg>
<doc>Runs the given keyword with given arguments and returns the status as a Boolean value.</doc>
<status status="PASS" start="2024-10-11T16:25:11.561837" elapsed="0.161407"/>
</kw>
<if>
<branch type="IF" condition="${res}">
<kw name="Get Text" owner="AppiumLibrary">
<msg time="2024-10-11T16:25:11.852461" level="INFO">Element 'xpath=(//android.view.View[@content-desc="Image"])[2]/parent::android.view.View/android.widget.TextView[5]' text is 'Email' </msg>
<msg time="2024-10-11T16:25:11.852461" level="INFO">xpath criteria: (//android.view.View[@content-desc="Image"])[2]/parent::android.view.View/android.widget.TextView[5]</msg>
<msg time="2024-10-11T16:25:11.852461" level="INFO">${name} = Email</msg>
<var>${name}</var>
<arg>xpath=(//android.view.View[@content-desc="Image"])[${random}]/parent::android.view.View/android.widget.TextView[${counter}]</arg>
<doc>Get element text (for hybrid and mobile browser use `xpath` locator, others might cause problem)</doc>
<status status="PASS" start="2024-10-11T16:25:11.724241" elapsed="0.128220"/>
</kw>
<kw name="Set Global Variable" owner="BuiltIn">
<msg time="2024-10-11T16:25:11.853457" level="INFO">${name} = Email</msg>
<arg>${name}</arg>
<arg>${name}</arg>
<doc>Makes a variable available globally in all tests and suites.</doc>
<status status="PASS" start="2024-10-11T16:25:11.852461" elapsed="0.000996"/>
</kw>
<status status="PASS" start="2024-10-11T16:25:11.723244" elapsed="0.131174"/>
</branch>
<branch type="ELSE">
<kw name="Log" owner="BuiltIn">
<arg>false</arg>
<doc>Logs the given message with the given level.</doc>
<status status="NOT RUN" start="2024-10-11T16:25:11.854418" elapsed="0.000000"/>
</kw>
<status status="NOT RUN" start="2024-10-11T16:25:11.854418" elapsed="0.000000"/>
</branch>
<status status="PASS" start="2024-10-11T16:25:11.723244" elapsed="0.131174"/>
</if>
<arg>${counter}</arg>
<arg>${random}</arg>
<status status="PASS" start="2024-10-11T16:25:11.561837" elapsed="0.292581"/>
</kw>
<status status="PASS" start="2024-10-11T16:25:11.560802" elapsed="0.293616"/>
</branch>
<branch type="ELSE IF" condition="'${counter}' == '6'">
<kw name="get text detail on list user management" owner="userManagementPage">
<arg>${counter}</arg>
<arg>${random}</arg>
<status status="NOT RUN" start="2024-10-11T16:25:11.855419" elapsed="0.000000"/>
</kw>
<kw name="Set Global Variable" owner="BuiltIn">
<arg>${email}</arg>
<arg>${name}</arg>
<doc>Makes a variable available globally in all tests and suites.</doc>
<status status="NOT RUN" start="2024-10-11T16:25:11.855419" elapsed="0.000000"/>
</kw>
<kw name="Log To Console" owner="BuiltIn">
<arg>Email: ${email}</arg>
<doc>Logs the given message to the console.</doc>
<status status="NOT RUN" start="2024-10-11T16:25:11.855419" elapsed="0.000000"/>
</kw>
<status status="NOT RUN" start="2024-10-11T16:25:11.854418" elapsed="0.001001"/>
</branch>
<branch type="ELSE IF" condition="'${counter}' == '7'">
<kw name="get text detail on list user management" owner="userManagementPage">
<arg>${counter}</arg>
<arg>${random}</arg>
<status status="NOT RUN" start="2024-10-11T16:25:11.856413" elapsed="0.000000"/>
</kw>
<status status="NOT RUN" start="2024-10-11T16:25:11.855419" elapsed="0.000994"/>
</branch>
<branch type="ELSE IF" condition="'${counter}' == '8'">
<kw name="get text detail on list user management" owner="userManagementPage">
<arg>${counter}</arg>
<arg>${random}</arg>
<status status="NOT RUN" start="2024-10-11T16:25:11.856413" elapsed="0.000000"/>
</kw>
<kw name="Set Global Variable" owner="BuiltIn">
<arg>${projActive}</arg>
<arg>${name}</arg>
<doc>Makes a variable available globally in all tests and suites.</doc>
<status status="NOT RUN" start="2024-10-11T16:25:11.856413" elapsed="0.000000"/>
</kw>
<kw name="Log To Console" owner="BuiltIn">
<arg>Project Aktif: ${projActive}</arg>
<doc>Logs the given message to the console.</doc>
<status status="NOT RUN" start="2024-10-11T16:25:11.856413" elapsed="0.000000"/>
</kw>
<status status="NOT RUN" start="2024-10-11T16:25:11.856413" elapsed="0.000000"/>
</branch>
<branch type="ELSE">
<break>
<status status="NOT RUN" start="2024-10-11T16:25:11.856413" elapsed="0.000000"/>
</break>
<status status="NOT RUN" start="2024-10-11T16:25:11.856413" elapsed="0.000000"/>
</branch>
<status status="PASS" start="2024-10-11T16:25:11.555848" elapsed="0.300565"/>
</if>
<var name="${counter}">5</var>
<status status="PASS" start="2024-10-11T16:25:11.555848" elapsed="0.301561"/>
</iter>
<iter>
<if>
<branch type="IF" condition="'${counter}' == '1'">
<kw name="get text detail on list user management" owner="userManagementPage">
<arg>${counter}</arg>
<arg>${random}</arg>
<status status="NOT RUN" start="2024-10-11T16:25:11.857409" elapsed="0.000000"/>
</kw>
<kw name="Set Global Variable" owner="BuiltIn">
<arg>${nameUserManagement}</arg>
<arg>${name}</arg>
<doc>Makes a variable available globally in all tests and suites.</doc>
<status status="NOT RUN" start="2024-10-11T16:25:11.857409" elapsed="0.000997"/>
</kw>
<kw name="Log To Console" owner="BuiltIn">
<arg>Nama User: ${nameUserManagement}</arg>
<doc>Logs the given message to the console.</doc>
<status status="NOT RUN" start="2024-10-11T16:25:11.858406" elapsed="0.000000"/>
</kw>
<status status="NOT RUN" start="2024-10-11T16:25:11.857409" elapsed="0.000997"/>
</branch>
<branch type="ELSE IF" condition="'${counter}' == '2'">
<kw name="get text detail on list user management" owner="userManagementPage">
<arg>${counter}</arg>
<arg>${random}</arg>
<status status="NOT RUN" start="2024-10-11T16:25:11.858406" elapsed="0.000000"/>
</kw>
<kw name="Set Global Variable" owner="BuiltIn">
<arg>${jabatan}</arg>
<arg>${name}</arg>
<doc>Makes a variable available globally in all tests and suites.</doc>
<status status="NOT RUN" start="2024-10-11T16:25:11.858406" elapsed="0.000000"/>
</kw>
<kw name="Log To Console" owner="BuiltIn">
<arg>Jabatan: ${jabatan}</arg>
<doc>Logs the given message to the console.</doc>
<status status="NOT RUN" start="2024-10-11T16:25:11.858406" elapsed="0.000000"/>
</kw>
<status status="NOT RUN" start="2024-10-11T16:25:11.858406" elapsed="0.000000"/>
</branch>
<branch type="ELSE IF" condition="'${counter}' == '3'">
<kw name="get text detail on list user management" owner="userManagementPage">
<arg>${counter}</arg>
<arg>${random}</arg>
<status status="NOT RUN" start="2024-10-11T16:25:11.859403" elapsed="0.000000"/>
</kw>
<status status="NOT RUN" start="2024-10-11T16:25:11.859403" elapsed="0.000000"/>
</branch>
<branch type="ELSE IF" condition="'${counter}' == '4'">
<kw name="get text detail on list user management" owner="userManagementPage">
<arg>${counter}</arg>
<arg>${random}</arg>
<status status="NOT RUN" start="2024-10-11T16:25:11.860402" elapsed="0.000000"/>
</kw>
<kw name="Set Global Variable" owner="BuiltIn">
<arg>${noTelp}</arg>
<arg>${name}</arg>
<doc>Makes a variable available globally in all tests and suites.</doc>
<status status="NOT RUN" start="2024-10-11T16:25:11.860402" elapsed="0.000000"/>
</kw>
<kw name="Log To Console" owner="BuiltIn">
<arg>No Telp: ${noTelp}</arg>
<doc>Logs the given message to the console.</doc>
<status status="NOT RUN" start="2024-10-11T16:25:11.861399" elapsed="0.000000"/>
</kw>
<kw name="Replace String" owner="String">
<var>${replaceNumb}</var>
<arg>${noTelp}</arg>
<arg>-</arg>
<arg>${EMPTY}</arg>
<doc>Replaces ``search_for`` in the given ``string`` with ``replace_with``.</doc>
<status status="NOT RUN" start="2024-10-11T16:25:11.861399" elapsed="0.000000"/>
</kw>
<kw name="Set Global Variable" owner="BuiltIn">
<arg>${replaceNumb}</arg>
<arg>${replaceNumb}</arg>
<doc>Makes a variable available globally in all tests and suites.</doc>
<status status="NOT RUN" start="2024-10-11T16:25:11.861399" elapsed="0.000000"/>
</kw>
<status status="NOT RUN" start="2024-10-11T16:25:11.859403" elapsed="0.001996"/>
</branch>
<branch type="ELSE IF" condition="'${counter}' == '5'">
<kw name="get text detail on list user management" owner="userManagementPage">
<arg>${counter}</arg>
<arg>${random}</arg>
<status status="NOT RUN" start="2024-10-11T16:25:11.862396" elapsed="0.000000"/>
</kw>
<status status="NOT RUN" start="2024-10-11T16:25:11.861399" elapsed="0.000997"/>
</branch>
<branch type="ELSE IF" condition="'${counter}' == '6'">
<kw name="get text detail on list user management" owner="userManagementPage">
<kw name="Run Keyword And Return Status" owner="BuiltIn">
<kw name="Wait Until Element Is Visible" owner="AppiumLibrary">
<msg time="2024-10-11T16:25:13.324862" level="INFO">xpath criteria: (//android.view.View[@content-desc="Image"])[2]/parent::android.view.View</msg>
<arg>xpath=(//android.view.View[@content-desc="Image"])[${random}]/parent::android.view.View</arg>
<doc>Waits until element specified with `locator` is visible.</doc>
<status status="PASS" start="2024-10-11T16:25:11.863393" elapsed="1.461469"/>
</kw>
<msg time="2024-10-11T16:25:13.324862" level="INFO">${res} = True</msg>
<var>${res}</var>
<arg>Wait Until Element Is Visible</arg>
<arg>xpath=(//android.view.View[@content-desc="Image"])[${random}]/parent::android.view.View</arg>
<doc>Runs the given keyword with given arguments and returns the status as a Boolean value.</doc>
<status status="PASS" start="2024-10-11T16:25:11.863393" elapsed="1.461469"/>
</kw>
<if>
<branch type="IF" condition="${res}">
<kw name="Get Text" owner="AppiumLibrary">
<msg time="2024-10-11T16:25:13.444314" level="INFO">Element 'xpath=(//android.view.View[@content-desc="Image"])[2]/parent::android.view.View/android.widget.TextView[6]' text is 'b@yopmail.com' </msg>
<msg time="2024-10-11T16:25:13.444314" level="INFO">xpath criteria: (//android.view.View[@content-desc="Image"])[2]/parent::android.view.View/android.widget.TextView[6]</msg>
<msg time="2024-10-11T16:25:13.444314" level="INFO">${name} = b@yopmail.com</msg>
<var>${name}</var>
<arg>xpath=(//android.view.View[@content-desc="Image"])[${random}]/parent::android.view.View/android.widget.TextView[${counter}]</arg>
<doc>Get element text (for hybrid and mobile browser use `xpath` locator, others might cause problem)</doc>
<status status="PASS" start="2024-10-11T16:25:13.325860" elapsed="0.118454"/>
</kw>
<kw name="Set Global Variable" owner="BuiltIn">
<msg time="2024-10-11T16:25:13.444314" level="INFO">${name} = b@yopmail.com</msg>
<arg>${name}</arg>
<arg>${name}</arg>
<doc>Makes a variable available globally in all tests and suites.</doc>
<status status="PASS" start="2024-10-11T16:25:13.444314" elapsed="0.000997"/>
</kw>
<status status="PASS" start="2024-10-11T16:25:13.324862" elapsed="0.120449"/>
</branch>
<branch type="ELSE">
<kw name="Log" owner="BuiltIn">
<arg>false</arg>
<doc>Logs the given message with the given level.</doc>
<status status="NOT RUN" start="2024-10-11T16:25:13.445311" elapsed="0.000000"/>
</kw>
<status status="NOT RUN" start="2024-10-11T16:25:13.445311" elapsed="0.000000"/>
</branch>
<status status="PASS" start="2024-10-11T16:25:13.324862" elapsed="0.120449"/>
</if>
<arg>${counter}</arg>
<arg>${random}</arg>
<status status="PASS" start="2024-10-11T16:25:11.863393" elapsed="1.581918"/>
</kw>
<kw name="Set Global Variable" owner="BuiltIn">
<msg time="2024-10-11T16:25:13.447307" level="INFO">${email} = b@yopmail.com</msg>
<arg>${email}</arg>
<arg>${name}</arg>
<doc>Makes a variable available globally in all tests and suites.</doc>
<status status="PASS" start="2024-10-11T16:25:13.445311" elapsed="0.002993"/>
</kw>
<kw name="Log To Console" owner="BuiltIn">
<arg>Email: ${email}</arg>
<doc>Logs the given message to the console.</doc>
<status status="PASS" start="2024-10-11T16:25:13.448304" elapsed="0.000654"/>
</kw>
<status status="PASS" start="2024-10-11T16:25:11.862396" elapsed="1.586562"/>
</branch>
<branch type="ELSE IF" condition="'${counter}' == '7'">
<kw name="get text detail on list user management" owner="userManagementPage">
<arg>${counter}</arg>
<arg>${random}</arg>
<status status="NOT RUN" start="2024-10-11T16:25:13.448958" elapsed="0.000000"/>
</kw>
<status status="NOT RUN" start="2024-10-11T16:25:13.448958" elapsed="0.000000"/>
</branch>
<branch type="ELSE IF" condition="'${counter}' == '8'">
<kw name="get text detail on list user management" owner="userManagementPage">
<arg>${counter}</arg>
<arg>${random}</arg>
<status status="NOT RUN" start="2024-10-11T16:25:13.449962" elapsed="0.000000"/>
</kw>
<kw name="Set Global Variable" owner="BuiltIn">
<arg>${projActive}</arg>
<arg>${name}</arg>
<doc>Makes a variable available globally in all tests and suites.</doc>
<status status="NOT RUN" start="2024-10-11T16:25:13.449962" elapsed="0.000000"/>
</kw>
<kw name="Log To Console" owner="BuiltIn">
<arg>Project Aktif: ${projActive}</arg>
<doc>Logs the given message to the console.</doc>
<status status="NOT RUN" start="2024-10-11T16:25:13.449962" elapsed="0.000000"/>
</kw>
<status status="NOT RUN" start="2024-10-11T16:25:13.448958" elapsed="0.001004"/>
</branch>
<branch type="ELSE">
<break>
<status status="NOT RUN" start="2024-10-11T16:25:13.449962" elapsed="0.000000"/>
</break>
<status status="NOT RUN" start="2024-10-11T16:25:13.449962" elapsed="0.000000"/>
</branch>
<status status="PASS" start="2024-10-11T16:25:11.857409" elapsed="1.592553"/>
</if>
<var name="${counter}">6</var>
<status status="PASS" start="2024-10-11T16:25:11.857409" elapsed="1.592553"/>
</iter>
<iter>
<if>
<branch type="IF" condition="'${counter}' == '1'">
<kw name="get text detail on list user management" owner="userManagementPage">
<arg>${counter}</arg>
<arg>${random}</arg>
<status status="NOT RUN" start="2024-10-11T16:25:13.450958" elapsed="0.000000"/>
</kw>
<kw name="Set Global Variable" owner="BuiltIn">
<arg>${nameUserManagement}</arg>
<arg>${name}</arg>
<doc>Makes a variable available globally in all tests and suites.</doc>
<status status="NOT RUN" start="2024-10-11T16:25:13.450958" elapsed="0.000000"/>
</kw>
<kw name="Log To Console" owner="BuiltIn">
<arg>Nama User: ${nameUserManagement}</arg>
<doc>Logs the given message to the console.</doc>
<status status="NOT RUN" start="2024-10-11T16:25:13.450958" elapsed="0.000000"/>
</kw>
<status status="NOT RUN" start="2024-10-11T16:25:13.450958" elapsed="0.000000"/>
</branch>
<branch type="ELSE IF" condition="'${counter}' == '2'">
<kw name="get text detail on list user management" owner="userManagementPage">
<arg>${counter}</arg>
<arg>${random}</arg>
<status status="NOT RUN" start="2024-10-11T16:25:13.451956" elapsed="0.000000"/>
</kw>
<kw name="Set Global Variable" owner="BuiltIn">
<arg>${jabatan}</arg>
<arg>${name}</arg>
<doc>Makes a variable available globally in all tests and suites.</doc>
<status status="NOT RUN" start="2024-10-11T16:25:13.451956" elapsed="0.000000"/>
</kw>
<kw name="Log To Console" owner="BuiltIn">
<arg>Jabatan: ${jabatan}</arg>
<doc>Logs the given message to the console.</doc>
<status status="NOT RUN" start="2024-10-11T16:25:13.451956" elapsed="0.000000"/>
</kw>
<status status="NOT RUN" start="2024-10-11T16:25:13.451956" elapsed="0.000000"/>
</branch>
<branch type="ELSE IF" condition="'${counter}' == '3'">
<kw name="get text detail on list user management" owner="userManagementPage">
<arg>${counter}</arg>
<arg>${random}</arg>
<status status="NOT RUN" start="2024-10-11T16:25:13.452953" elapsed="0.000000"/>
</kw>
<status status="NOT RUN" start="2024-10-11T16:25:13.451956" elapsed="0.000997"/>
</branch>
<branch type="ELSE IF" condition="'${counter}' == '4'">
<kw name="get text detail on list user management" owner="userManagementPage">
<arg>${counter}</arg>
<arg>${random}</arg>
<status status="NOT RUN" start="2024-10-11T16:25:13.452953" elapsed="0.000000"/>
</kw>
<kw name="Set Global Variable" owner="BuiltIn">
<arg>${noTelp}</arg>
<arg>${name}</arg>
<doc>Makes a variable available globally in all tests and suites.</doc>
<status status="NOT RUN" start="2024-10-11T16:25:13.452953" elapsed="0.000000"/>
</kw>
<kw name="Log To Console" owner="BuiltIn">
<arg>No Telp: ${noTelp}</arg>
<doc>Logs the given message to the console.</doc>
<status status="NOT RUN" start="2024-10-11T16:25:13.453951" elapsed="0.000000"/>
</kw>
<kw name="Replace String" owner="String">
<var>${replaceNumb}</var>
<arg>${noTelp}</arg>
<arg>-</arg>
<arg>${EMPTY}</arg>
<doc>Replaces ``search_for`` in the given ``string`` with ``replace_with``.</doc>
<status status="NOT RUN" start="2024-10-11T16:25:13.453951" elapsed="0.000000"/>
</kw>
<kw name="Set Global Variable" owner="BuiltIn">
<arg>${replaceNumb}</arg>
<arg>${replaceNumb}</arg>
<doc>Makes a variable available globally in all tests and suites.</doc>
<status status="NOT RUN" start="2024-10-11T16:25:13.453951" elapsed="0.000000"/>
</kw>
<status status="NOT RUN" start="2024-10-11T16:25:13.452953" elapsed="0.000998"/>
</branch>
<branch type="ELSE IF" condition="'${counter}' == '5'">
<kw name="get text detail on list user management" owner="userManagementPage">
<arg>${counter}</arg>
<arg>${random}</arg>
<status status="NOT RUN" start="2024-10-11T16:25:13.454948" elapsed="0.000000"/>
</kw>
<status status="NOT RUN" start="2024-10-11T16:25:13.453951" elapsed="0.000997"/>
</branch>
<branch type="ELSE IF" condition="'${counter}' == '6'">
<kw name="get text detail on list user management" owner="userManagementPage">
<arg>${counter}</arg>
<arg>${random}</arg>
<status status="NOT RUN" start="2024-10-11T16:25:13.454948" elapsed="0.000000"/>
</kw>
<kw name="Set Global Variable" owner="BuiltIn">
<arg>${email}</arg>
<arg>${name}</arg>
<doc>Makes a variable available globally in all tests and suites.</doc>
<status status="NOT RUN" start="2024-10-11T16:25:13.454948" elapsed="0.000000"/>
</kw>
<kw name="Log To Console" owner="BuiltIn">
<arg>Email: ${email}</arg>
<doc>Logs the given message to the console.</doc>
<status status="NOT RUN" start="2024-10-11T16:25:13.455945" elapsed="0.000000"/>
</kw>
<status status="NOT RUN" start="2024-10-11T16:25:13.454948" elapsed="0.000997"/>
</branch>
<branch type="ELSE IF" condition="'${counter}' == '7'">
<kw name="get text detail on list user management" owner="userManagementPage">
<kw name="Run Keyword And Return Status" owner="BuiltIn">
<kw name="Wait Until Element Is Visible" owner="AppiumLibrary">
<msg time="2024-10-11T16:25:13.581051" level="INFO">xpath criteria: (//android.view.View[@content-desc="Image"])[2]/parent::android.view.View</msg>
<arg>xpath=(//android.view.View[@content-desc="Image"])[${random}]/parent::android.view.View</arg>
<doc>Waits until element specified with `locator` is visible.</doc>
<status status="PASS" start="2024-10-11T16:25:13.456942" elapsed="0.124109"/>
</kw>
<msg time="2024-10-11T16:25:13.582051" level="INFO">${res} = True</msg>
<var>${res}</var>
<arg>Wait Until Element Is Visible</arg>
<arg>xpath=(//android.view.View[@content-desc="Image"])[${random}]/parent::android.view.View</arg>
<doc>Runs the given keyword with given arguments and returns the status as a Boolean value.</doc>
<status status="PASS" start="2024-10-11T16:25:13.456942" elapsed="0.125109"/>
</kw>
<if>
<branch type="IF" condition="${res}">
<kw name="Get Text" owner="AppiumLibrary">
<msg time="2024-10-11T16:25:13.709855" level="INFO">Element 'xpath=(//android.view.View[@content-desc="Image"])[2]/parent::android.view.View/android.widget.TextView[7]' text is 'Project aktif' </msg>
<msg time="2024-10-11T16:25:13.709855" level="INFO">xpath criteria: (//android.view.View[@content-desc="Image"])[2]/parent::android.view.View/android.widget.TextView[7]</msg>
<msg time="2024-10-11T16:25:13.709855" level="INFO">${name} = Project aktif</msg>
<var>${name}</var>
<arg>xpath=(//android.view.View[@content-desc="Image"])[${random}]/parent::android.view.View/android.widget.TextView[${counter}]</arg>
<doc>Get element text (for hybrid and mobile browser use `xpath` locator, others might cause problem)</doc>
<status status="PASS" start="2024-10-11T16:25:13.582051" elapsed="0.127804"/>
</kw>
<kw name="Set Global Variable" owner="BuiltIn">
<msg time="2024-10-11T16:25:13.710818" level="INFO">${name} = Project aktif</msg>
<arg>${name}</arg>
<arg>${name}</arg>
<doc>Makes a variable available globally in all tests and suites.</doc>
<status status="PASS" start="2024-10-11T16:25:13.710818" elapsed="0.000000"/>
</kw>
<status status="PASS" start="2024-10-11T16:25:13.582051" elapsed="0.128767"/>
</branch>
<branch type="ELSE">
<kw name="Log" owner="BuiltIn">
<arg>false</arg>
<doc>Logs the given message with the given level.</doc>
<status status="NOT RUN" start="2024-10-11T16:25:13.711818" elapsed="0.000000"/>
</kw>
<status status="NOT RUN" start="2024-10-11T16:25:13.711818" elapsed="0.000000"/>
</branch>
<status status="PASS" start="2024-10-11T16:25:13.582051" elapsed="0.129767"/>
</if>
<arg>${counter}</arg>
<arg>${random}</arg>
<status status="PASS" start="2024-10-11T16:25:13.455945" elapsed="0.255873"/>
</kw>
<status status="PASS" start="2024-10-11T16:25:13.455945" elapsed="0.255873"/>
</branch>
<branch type="ELSE IF" condition="'${counter}' == '8'">
<kw name="get text detail on list user management" owner="userManagementPage">
<arg>${counter}</arg>
<arg>${random}</arg>
<status status="NOT RUN" start="2024-10-11T16:25:13.711818" elapsed="0.000000"/>
</kw>
<kw name="Set Global Variable" owner="BuiltIn">
<arg>${projActive}</arg>
<arg>${name}</arg>
<doc>Makes a variable available globally in all tests and suites.</doc>
<status status="NOT RUN" start="2024-10-11T16:25:13.711818" elapsed="0.000000"/>
</kw>
<kw name="Log To Console" owner="BuiltIn">
<arg>Project Aktif: ${projActive}</arg>
<doc>Logs the given message to the console.</doc>
<status status="NOT RUN" start="2024-10-11T16:25:13.712815" elapsed="0.000000"/>
</kw>
<status status="NOT RUN" start="2024-10-11T16:25:13.711818" elapsed="0.000997"/>
</branch>
<branch type="ELSE">
<break>
<status status="NOT RUN" start="2024-10-11T16:25:13.712815" elapsed="0.000000"/>
</break>
<status status="NOT RUN" start="2024-10-11T16:25:13.712815" elapsed="0.000000"/>
</branch>
<status status="PASS" start="2024-10-11T16:25:13.450958" elapsed="0.261857"/>
</if>
<var name="${counter}">7</var>
<status status="PASS" start="2024-10-11T16:25:13.450958" elapsed="0.261857"/>
</iter>
<iter>
<if>
<branch type="IF" condition="'${counter}' == '1'">
<kw name="get text detail on list user management" owner="userManagementPage">
<arg>${counter}</arg>
<arg>${random}</arg>
<status status="NOT RUN" start="2024-10-11T16:25:13.713813" elapsed="0.000000"/>
</kw>
<kw name="Set Global Variable" owner="BuiltIn">
<arg>${nameUserManagement}</arg>
<arg>${name}</arg>
<doc>Makes a variable available globally in all tests and suites.</doc>
<status status="NOT RUN" start="2024-10-11T16:25:13.714810" elapsed="0.000000"/>
</kw>
<kw name="Log To Console" owner="BuiltIn">
<arg>Nama User: ${nameUserManagement}</arg>
<doc>Logs the given message to the console.</doc>
<status status="NOT RUN" start="2024-10-11T16:25:13.714810" elapsed="0.000000"/>
</kw>
<status status="NOT RUN" start="2024-10-11T16:25:13.713813" elapsed="0.000997"/>
</branch>
<branch type="ELSE IF" condition="'${counter}' == '2'">
<kw name="get text detail on list user management" owner="userManagementPage">
<arg>${counter}</arg>
<arg>${random}</arg>
<status status="NOT RUN" start="2024-10-11T16:25:13.714810" elapsed="0.000000"/>
</kw>
<kw name="Set Global Variable" owner="BuiltIn">
<arg>${jabatan}</arg>
<arg>${name}</arg>
<doc>Makes a variable available globally in all tests and suites.</doc>
<status status="NOT RUN" start="2024-10-11T16:25:13.714810" elapsed="0.000000"/>
</kw>
<kw name="Log To Console" owner="BuiltIn">
<arg>Jabatan: ${jabatan}</arg>
<doc>Logs the given message to the console.</doc>
<status status="NOT RUN" start="2024-10-11T16:25:13.715807" elapsed="0.000000"/>
</kw>
<status status="NOT RUN" start="2024-10-11T16:25:13.714810" elapsed="0.000997"/>
</branch>
<branch type="ELSE IF" condition="'${counter}' == '3'">
<kw name="get text detail on list user management" owner="userManagementPage">
<arg>${counter}</arg>
<arg>${random}</arg>
<status status="NOT RUN" start="2024-10-11T16:25:13.715807" elapsed="0.000000"/>
</kw>
<status status="NOT RUN" start="2024-10-11T16:25:13.715807" elapsed="0.000000"/>
</branch>
<branch type="ELSE IF" condition="'${counter}' == '4'">
<kw name="get text detail on list user management" owner="userManagementPage">
<arg>${counter}</arg>
<arg>${random}</arg>
<status status="NOT RUN" start="2024-10-11T16:25:13.716804" elapsed="0.000000"/>
</kw>
<kw name="Set Global Variable" owner="BuiltIn">
<arg>${noTelp}</arg>
<arg>${name}</arg>
<doc>Makes a variable available globally in all tests and suites.</doc>
<status status="NOT RUN" start="2024-10-11T16:25:13.716804" elapsed="0.000000"/>
</kw>
<kw name="Log To Console" owner="BuiltIn">
<arg>No Telp: ${noTelp}</arg>
<doc>Logs the given message to the console.</doc>
<status status="NOT RUN" start="2024-10-11T16:25:13.716804" elapsed="0.000000"/>
</kw>
<kw name="Replace String" owner="String">
<var>${replaceNumb}</var>
<arg>${noTelp}</arg>
<arg>-</arg>
<arg>${EMPTY}</arg>
<doc>Replaces ``search_for`` in the given ``string`` with ``replace_with``.</doc>
<status status="NOT RUN" start="2024-10-11T16:25:13.716804" elapsed="0.000000"/>
</kw>
<kw name="Set Global Variable" owner="BuiltIn">
<arg>${replaceNumb}</arg>
<arg>${replaceNumb}</arg>
<doc>Makes a variable available globally in all tests and suites.</doc>
<status status="NOT RUN" start="2024-10-11T16:25:13.716804" elapsed="0.000000"/>
</kw>
<status status="NOT RUN" start="2024-10-11T16:25:13.715807" elapsed="0.000997"/>
</branch>
<branch type="ELSE IF" condition="'${counter}' == '5'">
<kw name="get text detail on list user management" owner="userManagementPage">
<arg>${counter}</arg>
<arg>${random}</arg>
<status status="NOT RUN" start="2024-10-11T16:25:13.717801" elapsed="0.000000"/>
</kw>
<status status="NOT RUN" start="2024-10-11T16:25:13.716804" elapsed="0.000997"/>
</branch>
<branch type="ELSE IF" condition="'${counter}' == '6'">
<kw name="get text detail on list user management" owner="userManagementPage">
<arg>${counter}</arg>
<arg>${random}</arg>
<status status="NOT RUN" start="2024-10-11T16:25:13.717801" elapsed="0.000000"/>
</kw>
<kw name="Set Global Variable" owner="BuiltIn">
<arg>${email}</arg>
<arg>${name}</arg>
<doc>Makes a variable available globally in all tests and suites.</doc>
<status status="NOT RUN" start="2024-10-11T16:25:13.717801" elapsed="0.000000"/>
</kw>
<kw name="Log To Console" owner="BuiltIn">
<arg>Email: ${email}</arg>
<doc>Logs the given message to the console.</doc>
<status status="NOT RUN" start="2024-10-11T16:25:13.718798" elapsed="0.000000"/>
</kw>
<status status="NOT RUN" start="2024-10-11T16:25:13.717801" elapsed="0.000997"/>
</branch>
<branch type="ELSE IF" condition="'${counter}' == '7'">
<kw name="get text detail on list user management" owner="userManagementPage">
<arg>${counter}</arg>
<arg>${random}</arg>
<status status="NOT RUN" start="2024-10-11T16:25:13.718798" elapsed="0.000000"/>
</kw>
<status status="NOT RUN" start="2024-10-11T16:25:13.718798" elapsed="0.000000"/>
</branch>
<branch type="ELSE IF" condition="'${counter}' == '8'">
<kw name="get text detail on list user management" owner="userManagementPage">
<kw name="Run Keyword And Return Status" owner="BuiltIn">
<kw name="Wait Until Element Is Visible" owner="AppiumLibrary">
<msg time="2024-10-11T16:25:13.842055" level="INFO">xpath criteria: (//android.view.View[@content-desc="Image"])[2]/parent::android.view.View</msg>
<arg>xpath=(//android.view.View[@content-desc="Image"])[${random}]/parent::android.view.View</arg>
<doc>Waits until element specified with `locator` is visible.</doc>
<status status="PASS" start="2024-10-11T16:25:13.720794" elapsed="0.121261"/>
</kw>
<msg time="2024-10-11T16:25:13.842055" level="INFO">${res} = True</msg>
<var>${res}</var>
<arg>Wait Until Element Is Visible</arg>
<arg>xpath=(//android.view.View[@content-desc="Image"])[${random}]/parent::android.view.View</arg>
<doc>Runs the given keyword with given arguments and returns the status as a Boolean value.</doc>
<status status="PASS" start="2024-10-11T16:25:13.720794" elapsed="0.121261"/>
</kw>
<if>
<branch type="IF" condition="${res}">
<kw name="Get Text" owner="AppiumLibrary">
<msg time="2024-10-11T16:25:13.964802" level="INFO">Element 'xpath=(//android.view.View[@content-desc="Image"])[2]/parent::android.view.View/android.widget.TextView[8]' text is '0' </msg>
<msg time="2024-10-11T16:25:13.964802" level="INFO">xpath criteria: (//android.view.View[@content-desc="Image"])[2]/parent::android.view.View/android.widget.TextView[8]</msg>
<msg time="2024-10-11T16:25:13.964802" level="INFO">${name} = 0</msg>
<var>${name}</var>
<arg>xpath=(//android.view.View[@content-desc="Image"])[${random}]/parent::android.view.View/android.widget.TextView[${counter}]</arg>
<doc>Get element text (for hybrid and mobile browser use `xpath` locator, others might cause problem)</doc>
<status status="PASS" start="2024-10-11T16:25:13.843053" elapsed="0.122746"/>
</kw>
<kw name="Set Global Variable" owner="BuiltIn">
<msg time="2024-10-11T16:25:13.965799" level="INFO">${name} = 0</msg>
<arg>${name}</arg>
<arg>${name}</arg>
<doc>Makes a variable available globally in all tests and suites.</doc>
<status status="PASS" start="2024-10-11T16:25:13.965799" elapsed="0.000000"/>
</kw>
<status status="PASS" start="2024-10-11T16:25:13.843053" elapsed="0.122746"/>
</branch>
<branch type="ELSE">
<kw name="Log" owner="BuiltIn">
<arg>false</arg>
<doc>Logs the given message with the given level.</doc>
<status status="NOT RUN" start="2024-10-11T16:25:13.966795" elapsed="0.000000"/>
</kw>
<status status="NOT RUN" start="2024-10-11T16:25:13.965799" elapsed="0.000996"/>
</branch>
<status status="PASS" start="2024-10-11T16:25:13.843053" elapsed="0.123742"/>
</if>
<arg>${counter}</arg>
<arg>${random}</arg>
<status status="PASS" start="2024-10-11T16:25:13.719796" elapsed="0.246999"/>
</kw>
<kw name="Set Global Variable" owner="BuiltIn">
<msg time="2024-10-11T16:25:13.969789" level="INFO">${projActive} = 0</msg>
<arg>${projActive}</arg>
<arg>${name}</arg>
<doc>Makes a variable available globally in all tests and suites.</doc>
<status status="PASS" start="2024-10-11T16:25:13.966795" elapsed="0.002994"/>
</kw>
<kw name="Log To Console" owner="BuiltIn">
<arg>Project Aktif: ${projActive}</arg>
<doc>Logs the given message to the console.</doc>
<status status="PASS" start="2024-10-11T16:25:13.969789" elapsed="0.000999"/>
</kw>
<status status="PASS" start="2024-10-11T16:25:13.718798" elapsed="0.251990"/>
</branch>
<branch type="ELSE">
<break>
<status status="NOT RUN" start="2024-10-11T16:25:13.970788" elapsed="0.000000"/>
</break>
<status status="NOT RUN" start="2024-10-11T16:25:13.970788" elapsed="0.000000"/>
</branch>
<status status="PASS" start="2024-10-11T16:25:13.713813" elapsed="0.256975"/>
</if>
<var name="${counter}">8</var>
<status status="PASS" start="2024-10-11T16:25:13.713813" elapsed="0.256975"/>
</iter>
<iter>
<if>
<branch type="IF" condition="'${counter}' == '1'">
<kw name="get text detail on list user management" owner="userManagementPage">
<arg>${counter}</arg>
<arg>${random}</arg>
<status status="NOT RUN" start="2024-10-11T16:25:13.971794" elapsed="0.000000"/>
</kw>
<kw name="Set Global Variable" owner="BuiltIn">
<arg>${nameUserManagement}</arg>
<arg>${name}</arg>
[...]
</return>
<msg time="2024-10-11T16:25:25.122454" level="INFO">${loc} = xpath=//android.widget.TextView[@text="Masukan jabatan user"]/parent::android.widget.EditText</msg>
<var>${loc}</var>
<arg>${locEdit}</arg>
<status status="PASS" start="2024-10-11T16:25:25.121457" elapsed="0.000997"/>
</kw>
<kw name="Input Text" owner="AppiumLibrary">
<msg time="2024-10-11T16:25:25.125446" level="INFO">Typing text 'PTBRO MYCYAKXZ' into text field 'xpath=//android.widget.TextView[@text="Masukan jabatan user"]/parent::android.widget.EditText'</msg>
<msg time="2024-10-11T16:25:26.613623" level="INFO">xpath criteria: //android.widget.TextView[@text="Masukan jabatan user"]/parent::android.widget.EditText</msg>
<arg>${loc}</arg>
<arg>${rand_text}</arg>
<doc>Types the given `text` into text field identified by `locator`.</doc>
<status status="PASS" start="2024-10-11T16:25:25.122454" elapsed="1.491169"/>
</kw>
<arg>${text}</arg>
<arg>${locEditext}</arg>
<status status="PASS" start="2024-10-11T16:25:25.120460" elapsed="1.493163"/>
</kw>
<arg>${text}</arg>
<arg>${locEdit}</arg>
<status status="PASS" start="2024-10-11T16:25:25.120460" elapsed="1.493163"/>
</kw>
<arg>${randomStr}</arg>
<arg>Masukan jabatan user</arg>
<arg>${jabatan}</arg>
<status status="PASS" start="2024-10-11T16:25:22.408592" elapsed="4.205031"/>
</kw>
<kw name="And edit Field" owner="detailUserManagementPage">
<kw name="Loc EditText" owner="generalFunction">
<kw name="Set Variable" owner="BuiltIn">
<msg time="2024-10-11T16:25:26.615617" level="INFO">${loc} = xpath=//android.widget.EditText[@text="b@yopmail.com"]</msg>
<var>${loc}</var>
<arg>xpath=//android.widget.EditText[@text="${text}"]</arg>
<doc>Returns the given values which can then be assigned to a variables.</doc>
<status status="PASS" start="2024-10-11T16:25:26.615617" elapsed="0.000000"/>
</kw>
<return>
<value>${loc}</value>
<status status="PASS" start="2024-10-11T16:25:26.615617" elapsed="0.000000"/>
</return>
<msg time="2024-10-11T16:25:26.615617" level="INFO">${loc} = xpath=//android.widget.EditText[@text="b@yopmail.com"]</msg>
<var>${loc}</var>
<arg>${locEditText}</arg>
<status status="PASS" start="2024-10-11T16:25:26.614621" elapsed="0.000996"/>
</kw>
<kw name="user click element" owner="generalFunction">
<kw name="Wait Until Element Is Visible" owner="AppiumLibrary">
<msg time="2024-10-11T16:25:26.814145" level="INFO">xpath criteria: //android.widget.EditText[@text="b@yopmail.com"]</msg>
<arg>${element}</arg>
<doc>Waits until element specified with `locator` is visible.</doc>
<status status="PASS" start="2024-10-11T16:25:26.616614" elapsed="0.197531"/>
</kw>
<kw name="Click Element" owner="AppiumLibrary">
<msg time="2024-10-11T16:25:26.818134" level="INFO">Clicking element 'xpath=//android.widget.EditText[@text="b@yopmail.com"]'.</msg>
<msg time="2024-10-11T16:25:27.061765" level="INFO">xpath criteria: //android.widget.EditText[@text="b@yopmail.com"]</msg>
<arg>${element}</arg>
<doc>Click element identified by `locator`.</doc>
<status status="PASS" start="2024-10-11T16:25:26.815140" elapsed="0.246625"/>
</kw>
<arg>${loc}</arg>
<status status="PASS" start="2024-10-11T16:25:26.615617" elapsed="0.446148"/>
</kw>
<kw name="Clear Text" owner="AppiumLibrary">
<msg time="2024-10-11T16:25:27.064755" level="INFO">Clear text field 'xpath=//android.widget.EditText[@text="b@yopmail.com"]'</msg>
<msg time="2024-10-11T16:25:28.015019" level="INFO">xpath criteria: //android.widget.EditText[@text="b@yopmail.com"]</msg>
<arg>${loc}</arg>
<doc>Clears the text field identified by `locator`.</doc>
<status status="PASS" start="2024-10-11T16:25:27.061765" elapsed="0.953254"/>
</kw>
<kw name="Hide Keyboard" owner="AppiumLibrary">
<doc>Hides the software keyboard on the device. (optional) In iOS, use `key_name` to press
a particular key, ex. `Done`. In Android, no parameters are used.</doc>
<status status="PASS" start="2024-10-11T16:25:28.016019" elapsed="1.535297"/>
</kw>
<kw name="Get all random" owner="generalFunction">
<kw name="Generate Simple Random Name" owner="generalFunction">
<kw name="Evaluate" owner="BuiltIn">
<msg time="2024-10-11T16:25:29.552349" level="INFO">${name} = GVUGC XLZEXFHE</msg>
<var>${name}</var>
<arg>''.join(random.choices('ABCDEFGHIJKLMNOPQRSTUVWXYZ', k=5)) + ' ' + ''.join(random.choices('ABCDEFGHIJKLMNOPQRSTUVWXYZ', k=8))</arg>
<arg>modules=random</arg>
<doc>Evaluates the given expression in Python and returns the result.</doc>
<status status="PASS" start="2024-10-11T16:25:29.552349" elapsed="0.000000"/>
</kw>
<kw name="Set Global Variable" owner="BuiltIn">
<msg time="2024-10-11T16:25:29.553348" level="INFO">${randomStr} = GVUGC XLZEXFHE</msg>
<arg>${randomStr}</arg>
<arg>${name}</arg>
<doc>Makes a variable available globally in all tests and suites.</doc>
<status status="PASS" start="2024-10-11T16:25:29.552349" elapsed="0.000999"/>
</kw>
<status status="PASS" start="2024-10-11T16:25:29.551316" elapsed="0.002032"/>
</kw>
<kw name="Generate Random Phone Number" owner="generalFunction">
<kw name="Evaluate" owner="BuiltIn">
<msg time="2024-10-11T16:25:29.554343" level="INFO">${random_number} = 0888373601</msg>
<var>${random_number}</var>
<arg>'08' + str(random.randint(10000000, 99999999))</arg>
<doc>Evaluates the given expression in Python and returns the result.</doc>
<status status="PASS" start="2024-10-11T16:25:29.553348" elapsed="0.000995"/>
</kw>
<kw name="Set Global Variable" owner="BuiltIn">
<msg time="2024-10-11T16:25:29.554343" level="INFO">${randNumber} = 0888373601</msg>
<arg>${randNumber}</arg>
<arg>${random_number}</arg>
<doc>Makes a variable available globally in all tests and suites.</doc>
<status status="PASS" start="2024-10-11T16:25:29.554343" elapsed="0.000000"/>
</kw>
<status status="PASS" start="2024-10-11T16:25:29.553348" elapsed="0.000995"/>
</kw>
<kw name="Generate Random Email" owner="generalFunction">
<kw name="Evaluate" owner="BuiltIn">
<msg time="2024-10-11T16:25:29.555340" level="INFO">${name} = tgodzhky</msg>
<var>${name}</var>
<arg>''.join(random.choices('abcdefghijklmnopqrtuvwxyz', k=8))</arg>
<arg>modules=random</arg>
<doc>Evaluates the given expression in Python and returns the result.</doc>
<status status="PASS" start="2024-10-11T16:25:29.555340" elapsed="0.000000"/>
</kw>
<kw name="Set Variable" owner="BuiltIn">
<msg time="2024-10-11T16:25:29.555340" level="INFO">${nameEmail} = tgodzhky@gmail.com</msg>
<var>${nameEmail}</var>
<arg>${name}@gmail.com</arg>
<doc>Returns the given values which can then be assigned to a variables.</doc>
<status status="PASS" start="2024-10-11T16:25:29.555340" elapsed="0.000000"/>
</kw>
<kw name="Set Global Variable" owner="BuiltIn">
<msg time="2024-10-11T16:25:29.556340" level="INFO">${randomEmail} = tgodzhky@gmail.com</msg>
<arg>${randomEmail}</arg>
<arg>${nameEmail}</arg>
<doc>Makes a variable available globally in all tests and suites.</doc>
<status status="PASS" start="2024-10-11T16:25:29.556340" elapsed="0.000000"/>
</kw>
<status status="PASS" start="2024-10-11T16:25:29.554343" elapsed="0.001997"/>
</kw>
<status status="PASS" start="2024-10-11T16:25:29.551316" elapsed="0.005024"/>
</kw>
<kw name="user input text (EditText)" owner="generalFunction">
<kw name="input text (EditText)" owner="generalFunction">
<kw name="Loc Parent EditText" owner="generalFunction">
<kw name="Set Variable" owner="BuiltIn">
<msg time="2024-10-11T16:25:29.559333" level="INFO">${loc} = xpath=//android.widget.TextView[@text="Masukkan email user"]/parent::android.widget.EditText</msg>
<var>${loc}</var>
<arg>xpath=//android.widget.TextView[@text="${text}"]/parent::android.widget.EditText</arg>
<doc>Returns the given values which can then be assigned to a variables.</doc>
<status status="PASS" start="2024-10-11T16:25:29.558298" elapsed="0.001035"/>
</kw>
<return>
<value>${loc}</value>
<status status="PASS" start="2024-10-11T16:25:29.559333" elapsed="0.000000"/>
</return>
<msg time="2024-10-11T16:25:29.559333" level="INFO">${loc} = xpath=//android.widget.TextView[@text="Masukkan email user"]/parent::android.widget.EditText</msg>
<var>${loc}</var>
<arg>${locEdit}</arg>
<status status="PASS" start="2024-10-11T16:25:29.558298" elapsed="0.001035"/>
</kw>
<kw name="Input Text" owner="AppiumLibrary">
<msg time="2024-10-11T16:25:29.562323" level="INFO">Typing text 'geqzumhf@gmail.com' into text field 'xpath=//android.widget.TextView[@text="Masukkan email user"]/parent::android.widget.EditText'</msg>
<msg time="2024-10-11T16:25:30.286160" level="INFO">xpath criteria: //android.widget.TextView[@text="Masukkan email user"]/parent::android.widget.EditText</msg>
<arg>${loc}</arg>
<arg>${rand_text}</arg>
<doc>Types the given `text` into text field identified by `locator`.</doc>
<status status="PASS" start="2024-10-11T16:25:29.559333" elapsed="0.726827"/>
</kw>
<arg>${text}</arg>
<arg>${locEditext}</arg>
<status status="PASS" start="2024-10-11T16:25:29.557334" elapsed="0.728826"/>
</kw>
<arg>${text}</arg>
<arg>${locEdit}</arg>
<status status="PASS" start="2024-10-11T16:25:29.556340" elapsed="0.729820"/>
</kw>
<arg>${randomEmail}</arg>
<arg>Masukkan email user</arg>
<arg>${email}</arg>
<status status="PASS" start="2024-10-11T16:25:26.614621" elapsed="3.671539"/>
</kw>
<kw name="And edit Field" owner="detailUserManagementPage">
<kw name="Loc EditText" owner="generalFunction">
<kw name="Set Variable" owner="BuiltIn">
<msg time="2024-10-11T16:25:30.288155" level="INFO">${loc} = xpath=//android.widget.EditText[@text="08000000001"]</msg>
<var>${loc}</var>
<arg>xpath=//android.widget.EditText[@text="${text}"]</arg>
<doc>Returns the given values which can then be assigned to a variables.</doc>
<status status="PASS" start="2024-10-11T16:25:30.288155" elapsed="0.000000"/>
</kw>
<return>
<value>${loc}</value>
<status status="PASS" start="2024-10-11T16:25:30.288155" elapsed="0.000000"/>
</return>
<msg time="2024-10-11T16:25:30.288155" level="INFO">${loc} = xpath=//android.widget.EditText[@text="08000000001"]</msg>
<var>${loc}</var>
<arg>${locEditText}</arg>
<status status="PASS" start="2024-10-11T16:25:30.287158" elapsed="0.000997"/>
</kw>
<kw name="user click element" owner="generalFunction">
<kw name="Wait Until Element Is Visible" owner="AppiumLibrary">
<msg time="2024-10-11T16:25:30.453352" level="INFO">xpath criteria: //android.widget.EditText[@text="08000000001"]</msg>
<arg>${element}</arg>
<doc>Waits until element specified with `locator` is visible.</doc>
<status status="PASS" start="2024-10-11T16:25:30.289152" elapsed="0.164200"/>
</kw>
<kw name="Click Element" owner="AppiumLibrary">
<msg time="2024-10-11T16:25:30.456377" level="INFO">Clicking element 'xpath=//android.widget.EditText[@text="08000000001"]'.</msg>
<msg time="2024-10-11T16:25:30.646649" level="INFO">xpath criteria: //android.widget.EditText[@text="08000000001"]</msg>
<arg>${element}</arg>
<doc>Click element identified by `locator`.</doc>
<status status="PASS" start="2024-10-11T16:25:30.453352" elapsed="0.193297"/>
</kw>
<arg>${loc}</arg>
<status status="PASS" start="2024-10-11T16:25:30.288155" elapsed="0.358494"/>
</kw>
<kw name="Clear Text" owner="AppiumLibrary">
<msg time="2024-10-11T16:25:30.650637" level="INFO">Clear text field 'xpath=//android.widget.EditText[@text="08000000001"]'</msg>
<msg time="2024-10-11T16:25:31.614108" level="INFO">xpath criteria: //android.widget.EditText[@text="08000000001"]</msg>
<arg>${loc}</arg>
<doc>Clears the text field identified by `locator`.</doc>
<status status="PASS" start="2024-10-11T16:25:30.646649" elapsed="0.967459"/>
</kw>
<kw name="Hide Keyboard" owner="AppiumLibrary">
<doc>Hides the software keyboard on the device. (optional) In iOS, use `key_name` to press
a particular key, ex. `Done`. In Android, no parameters are used.</doc>
<status status="PASS" start="2024-10-11T16:25:31.614108" elapsed="1.512434"/>
</kw>
<kw name="Get all random" owner="generalFunction">
<kw name="Generate Simple Random Name" owner="generalFunction">
<kw name="Evaluate" owner="BuiltIn">
<msg time="2024-10-11T16:25:33.128571" level="INFO">${name} = OALNP VYJKVOXH</msg>
<var>${name}</var>
<arg>''.join(random.choices('ABCDEFGHIJKLMNOPQRSTUVWXYZ', k=5)) + ' ' + ''.join(random.choices('ABCDEFGHIJKLMNOPQRSTUVWXYZ', k=8))</arg>
<arg>modules=random</arg>
<doc>Evaluates the given expression in Python and returns the result.</doc>
<status status="PASS" start="2024-10-11T16:25:33.127539" elapsed="0.001032"/>
</kw>
<kw name="Set Global Variable" owner="BuiltIn">
<msg time="2024-10-11T16:25:33.128571" level="INFO">${randomStr} = OALNP VYJKVOXH</msg>
<arg>${randomStr}</arg>
<arg>${name}</arg>
<doc>Makes a variable available globally in all tests and suites.</doc>
<status status="PASS" start="2024-10-11T16:25:33.128571" elapsed="0.000000"/>
</kw>
<status status="PASS" start="2024-10-11T16:25:33.127539" elapsed="0.001032"/>
</kw>
<kw name="Generate Random Phone Number" owner="generalFunction">
<kw name="Evaluate" owner="BuiltIn">
<msg time="2024-10-11T16:25:33.129567" level="INFO">${random_number} = 0849024192</msg>
<var>${random_number}</var>
<arg>'08' + str(random.randint(10000000, 99999999))</arg>
<doc>Evaluates the given expression in Python and returns the result.</doc>
<status status="PASS" start="2024-10-11T16:25:33.129567" elapsed="0.000000"/>
</kw>
<kw name="Set Global Variable" owner="BuiltIn">
<msg time="2024-10-11T16:25:33.130565" level="INFO">${randNumber} = 0849024192</msg>
<arg>${randNumber}</arg>
<arg>${random_number}</arg>
<doc>Makes a variable available globally in all tests and suites.</doc>
<status status="PASS" start="2024-10-11T16:25:33.129567" elapsed="0.000998"/>
</kw>
<status status="PASS" start="2024-10-11T16:25:33.129567" elapsed="0.000998"/>
</kw>
<kw name="Generate Random Email" owner="generalFunction">
<kw name="Evaluate" owner="BuiltIn">
<msg time="2024-10-11T16:25:33.131561" level="INFO">${name} = lidtpado</msg>
<var>${name}</var>
<arg>''.join(random.choices('abcdefghijklmnopqrtuvwxyz', k=8))</arg>
<arg>modules=random</arg>
<doc>Evaluates the given expression in Python and returns the result.</doc>
<status status="PASS" start="2024-10-11T16:25:33.130565" elapsed="0.000996"/>
</kw>
<kw name="Set Variable" owner="BuiltIn">
<msg time="2024-10-11T16:25:33.131561" level="INFO">${nameEmail} = lidtpado@gmail.com</msg>
<var>${nameEmail}</var>
<arg>${name}@gmail.com</arg>
<doc>Returns the given values which can then be assigned to a variables.</doc>
<status status="PASS" start="2024-10-11T16:25:33.131561" elapsed="0.000000"/>
</kw>
<kw name="Set Global Variable" owner="BuiltIn">
<msg time="2024-10-11T16:25:33.131561" level="INFO">${randomEmail} = lidtpado@gmail.com</msg>
<arg>${randomEmail}</arg>
<arg>${nameEmail}</arg>
<doc>Makes a variable available globally in all tests and suites.</doc>
<status status="PASS" start="2024-10-11T16:25:33.131561" elapsed="0.000998"/>
</kw>
<status status="PASS" start="2024-10-11T16:25:33.130565" elapsed="0.001994"/>
</kw>
<status status="PASS" start="2024-10-11T16:25:33.126542" elapsed="0.006017"/>
</kw>
<kw name="user input text (EditText)" owner="generalFunction">
<kw name="input text (EditText)" owner="generalFunction">
<kw name="Loc Parent EditText" owner="generalFunction">
<kw name="Set Variable" owner="BuiltIn">
<msg time="2024-10-11T16:25:33.133557" level="INFO">${loc} = xpath=//android.widget.TextView[@text="08xxxxxxxxxx"]/parent::android.widget.EditText</msg>
<var>${loc}</var>
<arg>xpath=//android.widget.TextView[@text="${text}"]/parent::android.widget.EditText</arg>
<doc>Returns the given values which can then be assigned to a variables.</doc>
<status status="PASS" start="2024-10-11T16:25:33.133557" elapsed="0.000000"/>
</kw>
<return>
<value>${loc}</value>
<status status="PASS" start="2024-10-11T16:25:33.133557" elapsed="0.000000"/>
</return>
<msg time="2024-10-11T16:25:33.134553" level="INFO">${loc} = xpath=//android.widget.TextView[@text="08xxxxxxxxxx"]/parent::android.widget.EditText</msg>
<var>${loc}</var>
<arg>${locEdit}</arg>
<status status="PASS" start="2024-10-11T16:25:33.133557" elapsed="0.000996"/>
</kw>
<kw name="Input Text" owner="AppiumLibrary">
<msg time="2024-10-11T16:25:33.136547" level="INFO">Typing text '0888373601' into text field 'xpath=//android.widget.TextView[@text="08xxxxxxxxxx"]/parent::android.widget.EditText'</msg>
<msg time="2024-10-11T16:25:34.462801" level="INFO">xpath criteria: //android.widget.TextView[@text="08xxxxxxxxxx"]/parent::android.widget.EditText</msg>
<arg>${loc}</arg>
<arg>${rand_text}</arg>
<doc>Types the given `text` into text field identified by `locator`.</doc>
<status status="PASS" start="2024-10-11T16:25:33.134553" elapsed="1.328248"/>
</kw>
<arg>${text}</arg>
<arg>${locEditext}</arg>
<status status="PASS" start="2024-10-11T16:25:33.132559" elapsed="1.330242"/>
</kw>
<arg>${text}</arg>
<arg>${locEdit}</arg>
<status status="PASS" start="2024-10-11T16:25:33.132559" elapsed="1.330242"/>
</kw>
<arg>${randNumber}</arg>
<arg>08xxxxxxxxxx</arg>
<arg>${replaceNumb}</arg>
<status status="PASS" start="2024-10-11T16:25:30.287158" elapsed="4.175643"/>
</kw>
<kw name="And user click button (parent view)" owner="generalFunction">
<kw name="Loc Parent View" owner="generalFunction">
<kw name="Set Variable" owner="BuiltIn">
<msg time="2024-10-11T16:25:34.464794" level="INFO">${loc} = xpath=//android.widget.TextView[@text="Simpan"]/parent::android.view.View</msg>
<var>${loc}</var>
<arg>xpath=//android.widget.TextView[@text="${text}"]/parent::android.view.View</arg>
<doc>Returns the given values which can then be assigned to a variables.</doc>
<status status="PASS" start="2024-10-11T16:25:34.464794" elapsed="0.000000"/>
</kw>
<return>
<value>${loc}</value>
<status status="PASS" start="2024-10-11T16:25:34.464794" elapsed="0.000000"/>
</return>
<msg time="2024-10-11T16:25:34.464794" level="INFO">${loc} = xpath=//android.widget.TextView[@text="Simpan"]/parent::android.view.View</msg>
<var>${loc}</var>
<arg>${btn}</arg>
<status status="PASS" start="2024-10-11T16:25:34.463798" elapsed="0.000996"/>
</kw>
<kw name="Click Element" owner="AppiumLibrary">
<msg time="2024-10-11T16:25:34.467785" level="INFO">Clicking element 'xpath=//android.widget.TextView[@text="Simpan"]/parent::android.view.View'.</msg>
<msg time="2024-10-11T16:25:34.681314" level="INFO">xpath criteria: //android.widget.TextView[@text="Simpan"]/parent::android.view.View</msg>
<arg>${loc}</arg>
<doc>Click element identified by `locator`.</doc>
<status status="PASS" start="2024-10-11T16:25:34.464794" elapsed="0.216520"/>
</kw>
<arg>Simpan</arg>
<status status="PASS" start="2024-10-11T16:25:34.463798" elapsed="0.217516"/>
</kw>
<kw name="Sleep" owner="BuiltIn">
<msg time="2024-10-11T16:25:39.682931" level="INFO">Slept 5 seconds.</msg>
<arg>5</arg>
<doc>Pauses the test executed for the given time.</doc>
<status status="PASS" start="2024-10-11T16:25:34.682313" elapsed="5.000618"/>
</kw>
<status status="PASS" start="2024-10-11T16:25:02.246093" elapsed="37.436838"/>
</kw>
<kw name="Close App" owner="openApp" type="TEARDOWN">
<kw name="Close Application" owner="AppiumLibrary">
<doc>Closes the current application and also close webdriver session.</doc>
<status status="PASS" start="2024-10-11T16:25:39.684436" elapsed="0.473106"/>
</kw>
<status status="PASS" start="2024-10-11T16:25:39.683399" elapsed="0.474143"/>
</kw>
<doc>This scenario test OP can update User Management (Site/PIC)</doc>
<tag>1000s</tag>
<tag>test</tag>
<tag>user management</tag>
<status status="PASS" start="2024-10-11T16:24:54.939880" elapsed="45.218624"/>
</test>
<doc>Test Case User Management Flow</doc>
<status status="PASS" start="2024-10-11T16:24:54.411553" elapsed="45.748946"/>
</suite>
<statistics>
<total>
<stat pass="1" fail="0" skip="0">All Tests</stat>
</total>
<tag>
<stat pass="1" fail="0" skip="0">1000s</stat>
<stat pass="1" fail="0" skip="0">test</stat>
<stat pass="1" fail="0" skip="0">user management</stat>
</tag>
<suite>
<stat pass="1" fail="0" skip="0" id="s1" name="test UserManagement">test UserManagement</stat>
</suite>
</statistics>
<errors>
</errors>
</robot>
